#
# There is insufficient memory for the Java Runtime Environment to continue.
# Native memory allocation (malloc) failed to allocate 1987696 bytes for Chunk::new
# Possible reasons:
#   The system is out of physical RAM or swap space
#   The process is running with CompressedOops enabled, and the Java Heap may be blocking the growth of the native heap
# Possible solutions:
#   Reduce memory load on the system
#   Increase physical memory or swap space
#   Check if swap backing store is full
#   Decrease Java heap size (-Xmx/-Xms)
#   Decrease number of Java threads
#   Decrease Java thread stack sizes (-Xss)
#   Set larger code cache with -XX:ReservedCodeCacheSize=
#   JVM is running with Unscaled Compressed Oops mode in which the Java heap is
#     placed in the first 4GB address space. The Java Heap base address is the
#     maximum limit for the native heap growth. Please use -XX:HeapBaseMinAddress
#     to set the Java Heap base and to place the Java Heap above 4GB virtual address.
# This output file may be truncated or incomplete.
#
#  Out of Memory Error (./open/src/hotspot/share/memory/arena.cpp:197), pid=21032, tid=16340
#
# JRE version: Java(TM) SE Runtime Environment 18.9 (11.0.28+12) (build 11.0.28+12-LTS-279)
# Java VM: Java HotSpot(TM) 64-Bit Server VM 18.9 (11.0.28+12-LTS-279, mixed mode, tiered, compressed oops, g1 gc, windows-amd64)
# No core dump will be written. Minidumps are not enabled by default on client versions of Windows
#

---------------  S U M M A R Y ------------

Command Line: -Dallure.results.directory=D:\Proyekku\assignment15\build\allure-results -Djunit.jupiter.extensions.autodetection.enabled=true -Dorg.gradle.internal.worker.tmpdir=D:\Proyekku\assignment15\build\tmp\test\work -Dorg.gradle.native=false -javaagent:C:\Users\PKP323\.gradle\caches\modules-2\files-2.1\org.aspectj\aspectjweaver\1.9.22.1\bca243d0af0db4758fbae45c5f4995cb5dabb612\aspectjweaver-1.9.22.1.jar -Xmx512m -Dfile.encoding=windows-1252 -Duser.country=ID -Duser.language=en -Duser.variant -ea worker.org.gradle.process.internal.worker.GradleWorkerMain 'Gradle Test Executor 6'

Host: Intel(R) Core(TM) i3-10110U CPU @ 2.10GHz, 4 cores, 11G,  Windows 11 , 64 bit Build 26100 (10.0.26100.8521)
Time: Sun Jul 12 16:01:52 2026 SE Asia Standard Time elapsed time: 19.042162 seconds (0d 0h 0m 19s)

---------------  T H R E A D  ---------------

Current thread (0x000001a53f3ae800):  JavaThread "C2 CompilerThread1" daemon [_thread_in_native, id=16340, stack(0x0000009a87200000,0x0000009a87300000)]


Current CompileTask:
C2:  19042 7067   !   4       jdk.internal.loader.BuiltinClassLoader::loadClassOrNull (143 bytes)

Stack: [0x0000009a87200000,0x0000009a87300000]
Native frames: (J=compiled Java code, j=interpreted, Vv=VM code, C=native code)
V  [jvm.dll+0x65886a]
V  [jvm.dll+0x79b4cf]
V  [jvm.dll+0x79cb99]
V  [jvm.dll+0x79d243]
V  [jvm.dll+0x255965]
V  [jvm.dll+0xb312c]
V  [jvm.dll+0xb373c]
V  [jvm.dll+0x35fc8f]
V  [jvm.dll+0x1a1162]
V  [jvm.dll+0x20f46d]
V  [jvm.dll+0x20e2ed]
V  [jvm.dll+0x18b581]
V  [jvm.dll+0x21e944]
V  [jvm.dll+0x21cc6c]
V  [jvm.dll+0x75f381]
V  [jvm.dll+0x757ca4]
V  [jvm.dll+0x657715]
C  [ucrtbase.dll+0x2cd30]
C  [KERNEL32.DLL+0x2e957]
C  [ntdll.dll+0x87c1c]


---------------  P R O C E S S  ---------------

Threads class SMR info:
_java_thread_list=0x000001a54173d6c0, length=30, elements={
0x000001a523510000, 0x000001a53d41a000, 0x000001a53d41c000, 0x000001a53dd81800,
0x000001a53dd84000, 0x000001a53dd88800, 0x000001a53dd89800, 0x000001a53dd91800,
0x000001a53ddee000, 0x000001a53d3a2000, 0x000001a540418000, 0x000001a53f3b3800,
0x000001a53e15b000, 0x000001a541a73000, 0x000001a541ddb800, 0x000001a541a78000,
0x000001a545a26800, 0x000001a540616000, 0x000001a53f59e000, 0x000001a53f59d000,
0x000001a53f59b800, 0x000001a53f59e800, 0x000001a53f59c000, 0x000001a53f5a2000,
0x000001a53f3ae800, 0x000001a53f5a0800, 0x000001a53f59f800, 0x000001a53f5a3800,
0x000001a53f5a3000, 0x000001a53f5a1000
}

Java Threads: ( => current thread )
  0x000001a523510000 JavaThread "Forwarding get on session 904f367a285e11a92789d509e1ec735f to remote" [_thread_blocked, id=24692, stack(0x0000009a85a00000,0x0000009a85b00000)]
  0x000001a53d41a000 JavaThread "Reference Handler" daemon [_thread_blocked, id=22472, stack(0x0000009a86100000,0x0000009a86200000)]
  0x000001a53d41c000 JavaThread "Finalizer" daemon [_thread_blocked, id=24412, stack(0x0000009a86200000,0x0000009a86300000)]
  0x000001a53dd81800 JavaThread "Signal Dispatcher" daemon [_thread_blocked, id=13136, stack(0x0000009a86300000,0x0000009a86400000)]
  0x000001a53dd84000 JavaThread "Attach Listener" daemon [_thread_blocked, id=5196, stack(0x0000009a86400000,0x0000009a86500000)]
  0x000001a53dd88800 JavaThread "Service Thread" daemon [_thread_blocked, id=22524, stack(0x0000009a86500000,0x0000009a86600000)]
  0x000001a53dd89800 JavaThread "C2 CompilerThread0" daemon [_thread_in_native, id=16476, stack(0x0000009a86600000,0x0000009a86700000)]
  0x000001a53dd91800 JavaThread "C1 CompilerThread0" daemon [_thread_blocked, id=16160, stack(0x0000009a86700000,0x0000009a86800000)]
  0x000001a53ddee000 JavaThread "Sweeper thread" daemon [_thread_blocked, id=13260, stack(0x0000009a86800000,0x0000009a86900000)]
  0x000001a53d3a2000 JavaThread "Common-Cleaner" daemon [_thread_blocked, id=24744, stack(0x0000009a86900000,0x0000009a86a00000)]
  0x000001a540418000 JavaThread "/127.0.0.1:53220 to /127.0.0.1:53219 workers" [_thread_blocked, id=18316, stack(0x0000009a87000000,0x0000009a87100000)]
  0x000001a53f3b3800 JavaThread "/127.0.0.1:53220 to /127.0.0.1:53219 workers Thread 2" [_thread_blocked, id=17832, stack(0x0000009a86a00000,0x0000009a86b00000)]
  0x000001a53e15b000 JavaThread "/127.0.0.1:53220 to /127.0.0.1:53219 workers Thread 3" [_thread_in_native, id=15016, stack(0x0000009a87100000,0x0000009a87200000)]
  0x000001a541a73000 JavaThread "ForkJoinPool.commonPool-worker-3" daemon [_thread_blocked, id=4616, stack(0x0000009a87400000,0x0000009a87500000)]
  0x000001a541ddb800 JavaThread "ForkJoinPool.commonPool-worker-5" daemon [_thread_blocked, id=1992, stack(0x0000009a87500000,0x0000009a87600000)]
  0x000001a541a78000 JavaThread "ForkJoinPool.commonPool-worker-7" daemon [_thread_blocked, id=9100, stack(0x0000009a87600000,0x0000009a87700000)]
  0x000001a545a26800 JavaThread "HttpClient-1-SelectorManager" daemon [_thread_in_native, id=23708, stack(0x0000009a87700000,0x0000009a87800000)]
  0x000001a540616000 JavaThread "External Process Output Forwarder - C:\Users\PKP323\.cache\selenium\chromedriver\win64\150.0.7871.115\chromedriver.exe" daemon [_thread_in_native, id=23172, stack(0x0000009a87800000,0x0000009a87900000)]
  0x000001a53f59e000 JavaThread "Driver Service Executor" daemon [_thread_blocked, id=20944, stack(0x0000009a87900000,0x0000009a87a00000)]
  0x000001a53f59d000 JavaThread "Driver Service Executor" daemon [_thread_in_native, id=24328, stack(0x0000009a87a00000,0x0000009a87b00000)]
  0x000001a53f59b800 JavaThread "UrlChecker-2" daemon [_thread_blocked, id=20504, stack(0x0000009a87b00000,0x0000009a87c00000)]
  0x000001a53f59e800 JavaThread "Keep-Alive-Timer" daemon [_thread_blocked, id=20252, stack(0x0000009a87c00000,0x0000009a87d00000)]
  0x000001a53f59c000 JavaThread "JdkHttpClient-0-0" daemon [_thread_blocked, id=5348, stack(0x0000009a87d00000,0x0000009a87e00000)]
  0x000001a53f5a2000 JavaThread "JdkHttpClient-0-1" daemon [_thread_blocked, id=2464, stack(0x0000009a87e00000,0x0000009a87f00000)]
=>0x000001a53f3ae800 JavaThread "C2 CompilerThread1" daemon [_thread_in_native, id=16340, stack(0x0000009a87200000,0x0000009a87300000)]
  0x000001a53f5a0800 JavaThread "HttpClient-2-SelectorManager" daemon [_thread_in_native, id=22792, stack(0x0000009a87f00000,0x0000009a88000000)]
  0x000001a53f59f800 JavaThread "JdkHttpClient-1-0" daemon [_thread_blocked, id=24060, stack(0x0000009a88000000,0x0000009a88100000)]
  0x000001a53f5a3800 JavaThread "JdkHttpClient-1-1" daemon [_thread_blocked, id=24408, stack(0x0000009a88100000,0x0000009a88200000)]
  0x000001a53f5a3000 JavaThread "JdkHttpClient-1-2" daemon [_thread_blocked, id=23360, stack(0x0000009a88200000,0x0000009a88300000)]
  0x000001a53f5a1000 JavaThread "JdkHttpClient-0-2" daemon [_thread_blocked, id=9364, stack(0x0000009a88300000,0x0000009a88400000)]

Other Threads:
  0x000001a53d405800 VMThread "VM Thread" [stack: 0x0000009a86000000,0x0000009a86100000] [id=4456]
  0x000001a53e81f800 WatcherThread [stack: 0x0000009a86b00000,0x0000009a86c00000] [id=17404]
  0x000001a523525800 GCTaskThread "GC Thread#0" [stack: 0x0000009a85b00000,0x0000009a85c00000] [id=1272]
  0x000001a53e929800 GCTaskThread "GC Thread#1" [stack: 0x0000009a86c00000,0x0000009a86d00000] [id=15288]
  0x000001a53ebb0800 GCTaskThread "GC Thread#2" [stack: 0x0000009a86d00000,0x0000009a86e00000] [id=20500]
  0x000001a53e86b000 GCTaskThread "GC Thread#3" [stack: 0x0000009a86e00000,0x0000009a86f00000] [id=14036]
  0x000001a523537800 ConcurrentGCThread "G1 Main Marker" [stack: 0x0000009a85c00000,0x0000009a85d00000] [id=21888]
  0x000001a52353b800 ConcurrentGCThread "G1 Conc#0" [stack: 0x0000009a85d00000,0x0000009a85e00000] [id=20452]
  0x000001a53d24c800 ConcurrentGCThread "G1 Refine#0" [stack: 0x0000009a85e00000,0x0000009a85f00000] [id=12380]
  0x000001a53ef8e800 ConcurrentGCThread "G1 Refine#1" [stack: 0x0000009a87300000,0x0000009a87400000] [id=25508]
  0x000001a53d24f000 ConcurrentGCThread "G1 Young RemSet Sampling" [stack: 0x0000009a85f00000,0x0000009a86000000] [id=10568]

Threads with active compile tasks:
C2 CompilerThread0    19087 7075       4       jdk.internal.loader.BuiltinClassLoader::loadClass (22 bytes)
C2 CompilerThread1    19087 7067   !   4       jdk.internal.loader.BuiltinClassLoader::loadClassOrNull (143 bytes)

VM state:not at safepoint (normal execution)

VM Mutex/Monitor currently owned by a thread: None

Heap address: 0x00000000e0000000, size: 512 MB, Compressed Oops mode: 32-bit
Narrow klass base: 0x0000000000000000, Narrow klass shift: 3
Compressed class space size: 1073741824 Address: 0x0000000100000000

Heap:
 garbage-first heap   total 194560K, used 137549K [0x00000000e0000000, 0x0000000100000000)
  region size 1024K, 32 young (32768K), 6 survivors (6144K)
 Metaspace       used 65039K, capacity 67365K, committed 67608K, reserved 1107968K
  class space    used 7620K, capacity 8614K, committed 8728K, reserved 1048576K
Heap Regions: E=young(eden), S=young(survivor), O=old, HS=humongous(starts), HC=humongous(continues), CS=collection set, F=free, A=archive, TAMS=top-at-mark-start (previous, next)
|   0|0x00000000e0000000, 0x00000000e0100000, 0x00000000e0100000|100%| O|  |TAMS 0x00000000e0100000, 0x00000000e0000000| Untracked 
|   1|0x00000000e0100000, 0x00000000e0200000, 0x00000000e0200000|100%| O|  |TAMS 0x00000000e0200000, 0x00000000e0100000| Untracked 
|   2|0x00000000e0200000, 0x00000000e0300000, 0x00000000e0300000|100%| O|  |TAMS 0x00000000e0300000, 0x00000000e0200000| Untracked 
|   3|0x00000000e0300000, 0x00000000e0400000, 0x00000000e0400000|100%| O|  |TAMS 0x00000000e0400000, 0x00000000e0300000| Untracked 
|   4|0x00000000e0400000, 0x00000000e0500000, 0x00000000e0500000|100%| O|  |TAMS 0x00000000e0500000, 0x00000000e0400000| Untracked 
|   5|0x00000000e0500000, 0x00000000e0600000, 0x00000000e0600000|100%| O|  |TAMS 0x00000000e0600000, 0x00000000e0500000| Untracked 
|   6|0x00000000e0600000, 0x00000000e0700000, 0x00000000e0700000|100%| O|  |TAMS 0x00000000e0700000, 0x00000000e0600000| Untracked 
|   7|0x00000000e0700000, 0x00000000e0800000, 0x00000000e0800000|100%| O|  |TAMS 0x00000000e0800000, 0x00000000e0700000| Untracked 
|   8|0x00000000e0800000, 0x00000000e0900000, 0x00000000e0900000|100%| O|  |TAMS 0x00000000e0900000, 0x00000000e0800000| Untracked 
|   9|0x00000000e0900000, 0x00000000e0a00000, 0x00000000e0a00000|100%| O|  |TAMS 0x00000000e0a00000, 0x00000000e0900000| Untracked 
|  10|0x00000000e0a00000, 0x00000000e0b00000, 0x00000000e0b00000|100%| O|  |TAMS 0x00000000e0b00000, 0x00000000e0a00000| Untracked 
|  11|0x00000000e0b00000, 0x00000000e0c00000, 0x00000000e0c00000|100%| O|  |TAMS 0x00000000e0c00000, 0x00000000e0b00000| Untracked 
|  12|0x00000000e0c00000, 0x00000000e0d00000, 0x00000000e0d00000|100%| O|  |TAMS 0x00000000e0d00000, 0x00000000e0c00000| Untracked 
|  13|0x00000000e0d00000, 0x00000000e0e00000, 0x00000000e0e00000|100%| O|  |TAMS 0x00000000e0e00000, 0x00000000e0d00000| Untracked 
|  14|0x00000000e0e00000, 0x00000000e0f00000, 0x00000000e0f00000|100%| O|  |TAMS 0x00000000e0f00000, 0x00000000e0e00000| Untracked 
|  15|0x00000000e0f00000, 0x00000000e1000000, 0x00000000e1000000|100%| O|  |TAMS 0x00000000e1000000, 0x00000000e0f00000| Untracked 
|  16|0x00000000e1000000, 0x00000000e1100000, 0x00000000e1100000|100%| O|  |TAMS 0x00000000e1100000, 0x00000000e1000000| Untracked 
|  17|0x00000000e1100000, 0x00000000e1200000, 0x00000000e1200000|100%| O|  |TAMS 0x00000000e1200000, 0x00000000e1100000| Untracked 
|  18|0x00000000e1200000, 0x00000000e1300000, 0x00000000e1300000|100%| O|  |TAMS 0x00000000e1300000, 0x00000000e1200000| Untracked 
|  19|0x00000000e1300000, 0x00000000e1400000, 0x00000000e1400000|100%| O|  |TAMS 0x00000000e1400000, 0x00000000e1300000| Untracked 
|  20|0x00000000e1400000, 0x00000000e1500000, 0x00000000e1500000|100%| O|  |TAMS 0x00000000e1500000, 0x00000000e1400000| Untracked 
|  21|0x00000000e1500000, 0x00000000e1600000, 0x00000000e1600000|100%| O|  |TAMS 0x00000000e1600000, 0x00000000e1500000| Untracked 
|  22|0x00000000e1600000, 0x00000000e1700000, 0x00000000e1700000|100%| O|  |TAMS 0x00000000e1700000, 0x00000000e1600000| Untracked 
|  23|0x00000000e1700000, 0x00000000e1800000, 0x00000000e1800000|100%| O|  |TAMS 0x00000000e1800000, 0x00000000e1700000| Untracked 
|  24|0x00000000e1800000, 0x00000000e1900000, 0x00000000e1900000|100%| O|  |TAMS 0x00000000e1900000, 0x00000000e1800000| Untracked 
|  25|0x00000000e1900000, 0x00000000e1a00000, 0x00000000e1a00000|100%| O|  |TAMS 0x00000000e1a00000, 0x00000000e1900000| Untracked 
|  26|0x00000000e1a00000, 0x00000000e1b00000, 0x00000000e1b00000|100%| O|  |TAMS 0x00000000e1b00000, 0x00000000e1a00000| Untracked 
|  27|0x00000000e1b00000, 0x00000000e1c00000, 0x00000000e1c00000|100%| O|  |TAMS 0x00000000e1c00000, 0x00000000e1b00000| Untracked 
|  28|0x00000000e1c00000, 0x00000000e1d00000, 0x00000000e1d00000|100%| O|  |TAMS 0x00000000e1d00000, 0x00000000e1c00000| Untracked 
|  29|0x00000000e1d00000, 0x00000000e1e00000, 0x00000000e1e00000|100%| O|  |TAMS 0x00000000e1e00000, 0x00000000e1d00000| Untracked 
|  30|0x00000000e1e00000, 0x00000000e1f00000, 0x00000000e1f00000|100%| O|  |TAMS 0x00000000e1f00000, 0x00000000e1e00000| Untracked 
|  31|0x00000000e1f00000, 0x00000000e2000000, 0x00000000e2000000|100%| O|  |TAMS 0x00000000e2000000, 0x00000000e1f00000| Untracked 
|  32|0x00000000e2000000, 0x00000000e2100000, 0x00000000e2100000|100%| O|  |TAMS 0x00000000e2100000, 0x00000000e2000000| Untracked 
|  33|0x00000000e2100000, 0x00000000e2200000, 0x00000000e2200000|100%| O|  |TAMS 0x00000000e2200000, 0x00000000e2100000| Untracked 
|  34|0x00000000e2200000, 0x00000000e2300000, 0x00000000e2300000|100%| O|  |TAMS 0x00000000e2300000, 0x00000000e2200000| Untracked 
|  35|0x00000000e2300000, 0x00000000e2400000, 0x00000000e2400000|100%| O|  |TAMS 0x00000000e2400000, 0x00000000e2300000| Untracked 
|  36|0x00000000e2400000, 0x00000000e2500000, 0x00000000e2500000|100%| O|  |TAMS 0x00000000e2500000, 0x00000000e2400000| Untracked 
|  37|0x00000000e2500000, 0x00000000e2600000, 0x00000000e2600000|100%| O|  |TAMS 0x00000000e2600000, 0x00000000e2500000| Untracked 
|  38|0x00000000e2600000, 0x00000000e2700000, 0x00000000e2700000|100%| O|  |TAMS 0x00000000e2700000, 0x00000000e2600000| Untracked 
|  39|0x00000000e2700000, 0x00000000e2800000, 0x00000000e2800000|100%| O|  |TAMS 0x00000000e2800000, 0x00000000e2700000| Untracked 
|  40|0x00000000e2800000, 0x00000000e2900000, 0x00000000e2900000|100%| O|  |TAMS 0x00000000e2900000, 0x00000000e2800000| Untracked 
|  41|0x00000000e2900000, 0x00000000e2a00000, 0x00000000e2a00000|100%| O|  |TAMS 0x00000000e2a00000, 0x00000000e2900000| Untracked 
|  42|0x00000000e2a00000, 0x00000000e2b00000, 0x00000000e2b00000|100%| O|  |TAMS 0x00000000e2b00000, 0x00000000e2a00000| Untracked 
|  43|0x00000000e2b00000, 0x00000000e2c00000, 0x00000000e2c00000|100%| O|  |TAMS 0x00000000e2c00000, 0x00000000e2b00000| Untracked 
|  44|0x00000000e2c00000, 0x00000000e2d00000, 0x00000000e2d00000|100%| O|  |TAMS 0x00000000e2d00000, 0x00000000e2c00000| Untracked 
|  45|0x00000000e2d00000, 0x00000000e2e00000, 0x00000000e2e00000|100%| O|  |TAMS 0x00000000e2e00000, 0x00000000e2d00000| Untracked 
|  46|0x00000000e2e00000, 0x00000000e2f00000, 0x00000000e2f00000|100%| O|  |TAMS 0x00000000e2f00000, 0x00000000e2e00000| Untracked 
|  47|0x00000000e2f00000, 0x00000000e3000000, 0x00000000e3000000|100%| O|  |TAMS 0x00000000e3000000, 0x00000000e2f00000| Untracked 
|  48|0x00000000e3000000, 0x00000000e3100000, 0x00000000e3100000|100%| O|  |TAMS 0x00000000e3100000, 0x00000000e3000000| Untracked 
|  49|0x00000000e3100000, 0x00000000e3200000, 0x00000000e3200000|100%| O|  |TAMS 0x00000000e3200000, 0x00000000e3100000| Untracked 
|  50|0x00000000e3200000, 0x00000000e3300000, 0x00000000e3300000|100%| O|  |TAMS 0x00000000e3300000, 0x00000000e3200000| Untracked 
|  51|0x00000000e3300000, 0x00000000e3400000, 0x00000000e3400000|100%| O|  |TAMS 0x00000000e3400000, 0x00000000e3300000| Untracked 
|  52|0x00000000e3400000, 0x00000000e3500000, 0x00000000e3500000|100%| O|  |TAMS 0x00000000e3500000, 0x00000000e3400000| Untracked 
|  53|0x00000000e3500000, 0x00000000e3600000, 0x00000000e3600000|100%| O|  |TAMS 0x00000000e3600000, 0x00000000e3500000| Untracked 
|  54|0x00000000e3600000, 0x00000000e3700000, 0x00000000e3700000|100%| O|  |TAMS 0x00000000e3700000, 0x00000000e3600000| Untracked 
|  55|0x00000000e3700000, 0x00000000e3800000, 0x00000000e3800000|100%| O|  |TAMS 0x00000000e3800000, 0x00000000e3700000| Untracked 
|  56|0x00000000e3800000, 0x00000000e3900000, 0x00000000e3900000|100%| O|  |TAMS 0x00000000e3900000, 0x00000000e3800000| Untracked 
|  57|0x00000000e3900000, 0x00000000e3a00000, 0x00000000e3a00000|100%| O|  |TAMS 0x00000000e3a00000, 0x00000000e3900000| Untracked 
|  58|0x00000000e3a00000, 0x00000000e3b00000, 0x00000000e3b00000|100%| O|  |TAMS 0x00000000e3b00000, 0x00000000e3a00000| Untracked 
|  59|0x00000000e3b00000, 0x00000000e3c00000, 0x00000000e3c00000|100%| O|  |TAMS 0x00000000e3c00000, 0x00000000e3b00000| Untracked 
|  60|0x00000000e3c00000, 0x00000000e3d00000, 0x00000000e3d00000|100%| O|  |TAMS 0x00000000e3d00000, 0x00000000e3c00000| Untracked 
|  61|0x00000000e3d00000, 0x00000000e3e00000, 0x00000000e3e00000|100%| O|  |TAMS 0x00000000e3e00000, 0x00000000e3d00000| Untracked 
|  62|0x00000000e3e00000, 0x00000000e3f00000, 0x00000000e3f00000|100%| O|  |TAMS 0x00000000e3f00000, 0x00000000e3e00000| Untracked 
|  63|0x00000000e3f00000, 0x00000000e4000000, 0x00000000e4000000|100%| O|  |TAMS 0x00000000e4000000, 0x00000000e3f00000| Untracked 
|  64|0x00000000e4000000, 0x00000000e4100000, 0x00000000e4100000|100%| O|  |TAMS 0x00000000e4100000, 0x00000000e4000000| Untracked 
|  65|0x00000000e4100000, 0x00000000e4200000, 0x00000000e4200000|100%| O|  |TAMS 0x00000000e4200000, 0x00000000e4100000| Untracked 
|  66|0x00000000e4200000, 0x00000000e4300000, 0x00000000e4300000|100%| O|  |TAMS 0x00000000e4300000, 0x00000000e4200000| Untracked 
|  67|0x00000000e4300000, 0x00000000e4400000, 0x00000000e4400000|100%| O|  |TAMS 0x00000000e4400000, 0x00000000e4300000| Untracked 
|  68|0x00000000e4400000, 0x00000000e4500000, 0x00000000e4500000|100%| O|  |TAMS 0x00000000e4500000, 0x00000000e4400000| Untracked 
|  69|0x00000000e4500000, 0x00000000e4600000, 0x00000000e4600000|100%| O|  |TAMS 0x00000000e4600000, 0x00000000e4500000| Untracked 
|  70|0x00000000e4600000, 0x00000000e4700000, 0x00000000e4700000|100%| O|  |TAMS 0x00000000e4700000, 0x00000000e4600000| Untracked 
|  71|0x00000000e4700000, 0x00000000e4800000, 0x00000000e4800000|100%| O|  |TAMS 0x00000000e4800000, 0x00000000e4700000| Untracked 
|  72|0x00000000e4800000, 0x00000000e4900000, 0x00000000e4900000|100%| O|  |TAMS 0x00000000e4900000, 0x00000000e4800000| Untracked 
|  73|0x00000000e4900000, 0x00000000e4a00000, 0x00000000e4a00000|100%| O|  |TAMS 0x00000000e4a00000, 0x00000000e4900000| Untracked 
|  74|0x00000000e4a00000, 0x00000000e4b00000, 0x00000000e4b00000|100%| O|  |TAMS 0x00000000e4b00000, 0x00000000e4a00000| Untracked 
|  75|0x00000000e4b00000, 0x00000000e4c00000, 0x00000000e4c00000|100%| O|  |TAMS 0x00000000e4c00000, 0x00000000e4b00000| Untracked 
|  76|0x00000000e4c00000, 0x00000000e4d00000, 0x00000000e4d00000|100%| O|  |TAMS 0x00000000e4d00000, 0x00000000e4c00000| Untracked 
|  77|0x00000000e4d00000, 0x00000000e4e00000, 0x00000000e4e00000|100%| O|  |TAMS 0x00000000e4e00000, 0x00000000e4d00000| Untracked 
|  78|0x00000000e4e00000, 0x00000000e4f00000, 0x00000000e4f00000|100%| O|  |TAMS 0x00000000e4f00000, 0x00000000e4e00000| Untracked 
|  79|0x00000000e4f00000, 0x00000000e5000000, 0x00000000e5000000|100%| O|  |TAMS 0x00000000e5000000, 0x00000000e4f00000| Untracked 
|  80|0x00000000e5000000, 0x00000000e5100000, 0x00000000e5100000|100%| O|  |TAMS 0x00000000e5100000, 0x00000000e5000000| Untracked 
|  81|0x00000000e5100000, 0x00000000e5200000, 0x00000000e5200000|100%| O|  |TAMS 0x00000000e5200000, 0x00000000e5100000| Untracked 
|  82|0x00000000e5200000, 0x00000000e5300000, 0x00000000e5300000|100%| O|  |TAMS 0x00000000e5300000, 0x00000000e5200000| Untracked 
|  83|0x00000000e5300000, 0x00000000e5400000, 0x00000000e5400000|100%| O|  |TAMS 0x00000000e5400000, 0x00000000e5300000| Untracked 
|  84|0x00000000e5400000, 0x00000000e5500000, 0x00000000e5500000|100%| O|  |TAMS 0x00000000e5500000, 0x00000000e5400000| Untracked 
|  85|0x00000000e5500000, 0x00000000e5600000, 0x00000000e5600000|100%| O|  |TAMS 0x00000000e5600000, 0x00000000e5500000| Untracked 
|  86|0x00000000e5600000, 0x00000000e5700000, 0x00000000e5700000|100%| O|  |TAMS 0x00000000e5700000, 0x00000000e5600000| Untracked 
|  87|0x00000000e5700000, 0x00000000e5800000, 0x00000000e5800000|100%| O|  |TAMS 0x00000000e5800000, 0x00000000e5700000| Untracked 
|  88|0x00000000e5800000, 0x00000000e5900000, 0x00000000e5900000|100%| O|  |TAMS 0x00000000e5900000, 0x00000000e5800000| Untracked 
|  89|0x00000000e5900000, 0x00000000e5a00000, 0x00000000e5a00000|100%| O|  |TAMS 0x00000000e5a00000, 0x00000000e5900000| Untracked 
|  90|0x00000000e5a00000, 0x00000000e5b00000, 0x00000000e5b00000|100%| O|  |TAMS 0x00000000e5b00000, 0x00000000e5a00000| Untracked 
|  91|0x00000000e5b00000, 0x00000000e5c00000, 0x00000000e5c00000|100%| O|  |TAMS 0x00000000e5c00000, 0x00000000e5b00000| Untracked 
|  92|0x00000000e5c00000, 0x00000000e5d00000, 0x00000000e5d00000|100%| O|  |TAMS 0x00000000e5d00000, 0x00000000e5c00000| Untracked 
|  93|0x00000000e5d00000, 0x00000000e5e00000, 0x00000000e5e00000|100%| O|  |TAMS 0x00000000e5e00000, 0x00000000e5d00000| Untracked 
|  94|0x00000000e5e00000, 0x00000000e5f00000, 0x00000000e5f00000|100%| O|  |TAMS 0x00000000e5f00000, 0x00000000e5e00000| Untracked 
|  95|0x00000000e5f00000, 0x00000000e6000000, 0x00000000e6000000|100%| O|  |TAMS 0x00000000e5fc5a00, 0x00000000e5f00000| Untracked 
|  96|0x00000000e6000000, 0x00000000e6100000, 0x00000000e6100000|100%| O|  |TAMS 0x00000000e6000000, 0x00000000e6000000| Untracked 
|  97|0x00000000e6100000, 0x00000000e6200000, 0x00000000e6200000|100%| O|  |TAMS 0x00000000e6100000, 0x00000000e6100000| Untracked 
|  98|0x00000000e6200000, 0x00000000e6300000, 0x00000000e6300000|100%| O|  |TAMS 0x00000000e6200000, 0x00000000e6200000| Untracked 
|  99|0x00000000e6300000, 0x00000000e6400000, 0x00000000e6400000|100%| O|  |TAMS 0x00000000e6300000, 0x00000000e6300000| Untracked 
| 100|0x00000000e6400000, 0x00000000e6500000, 0x00000000e6500000|100%| O|  |TAMS 0x00000000e6400000, 0x00000000e6400000| Untracked 
| 101|0x00000000e6500000, 0x00000000e6600000, 0x00000000e6600000|100%| O|  |TAMS 0x00000000e6500000, 0x00000000e6500000| Untracked 
| 102|0x00000000e6600000, 0x00000000e6700000, 0x00000000e6700000|100%| O|  |TAMS 0x00000000e6600000, 0x00000000e6600000| Untracked 
| 103|0x00000000e6700000, 0x00000000e67f0a00, 0x00000000e6800000| 93%| O|  |TAMS 0x00000000e6700000, 0x00000000e6700000| Untracked 
| 104|0x00000000e6800000, 0x00000000e6800000, 0x00000000e6900000|  0%| F|  |TAMS 0x00000000e6800000, 0x00000000e6800000| Untracked 
| 105|0x00000000e6900000, 0x00000000e6900000, 0x00000000e6a00000|  0%| F|  |TAMS 0x00000000e6900000, 0x00000000e6900000| Untracked 
| 106|0x00000000e6a00000, 0x00000000e6a00000, 0x00000000e6b00000|  0%| F|  |TAMS 0x00000000e6a00000, 0x00000000e6a00000| Untracked 
| 107|0x00000000e6b00000, 0x00000000e6b00000, 0x00000000e6c00000|  0%| F|  |TAMS 0x00000000e6b00000, 0x00000000e6b00000| Untracked 
| 108|0x00000000e6c00000, 0x00000000e6c00000, 0x00000000e6d00000|  0%| F|  |TAMS 0x00000000e6c00000, 0x00000000e6c00000| Untracked 
| 109|0x00000000e6d00000, 0x00000000e6d00000, 0x00000000e6e00000|  0%| F|  |TAMS 0x00000000e6d00000, 0x00000000e6d00000| Untracked 
| 110|0x00000000e6e00000, 0x00000000e6e00000, 0x00000000e6f00000|  0%| F|  |TAMS 0x00000000e6e00000, 0x00000000e6e00000| Untracked 
| 111|0x00000000e6f00000, 0x00000000e6f00000, 0x00000000e7000000|  0%| F|  |TAMS 0x00000000e6f00000, 0x00000000e6f00000| Untracked 
| 112|0x00000000e7000000, 0x00000000e7000000, 0x00000000e7100000|  0%| F|  |TAMS 0x00000000e7000000, 0x00000000e7000000| Untracked 
| 113|0x00000000e7100000, 0x00000000e7100000, 0x00000000e7200000|  0%| F|  |TAMS 0x00000000e7100000, 0x00000000e7100000| Untracked 
| 114|0x00000000e7200000, 0x00000000e7200000, 0x00000000e7300000|  0%| F|  |TAMS 0x00000000e7200000, 0x00000000e7200000| Untracked 
| 115|0x00000000e7300000, 0x00000000e7300000, 0x00000000e7400000|  0%| F|  |TAMS 0x00000000e7300000, 0x00000000e7300000| Untracked 
| 116|0x00000000e7400000, 0x00000000e7400000, 0x00000000e7500000|  0%| F|  |TAMS 0x00000000e7400000, 0x00000000e7400000| Untracked 
| 117|0x00000000e7500000, 0x00000000e7500000, 0x00000000e7600000|  0%| F|  |TAMS 0x00000000e7500000, 0x00000000e7500000| Untracked 
| 118|0x00000000e7600000, 0x00000000e7600000, 0x00000000e7700000|  0%| F|  |TAMS 0x00000000e7600000, 0x00000000e7600000| Untracked 
| 119|0x00000000e7700000, 0x00000000e7700000, 0x00000000e7800000|  0%| F|  |TAMS 0x00000000e7700000, 0x00000000e7700000| Untracked 
| 120|0x00000000e7800000, 0x00000000e7800000, 0x00000000e7900000|  0%| F|  |TAMS 0x00000000e7800000, 0x00000000e7800000| Untracked 
| 121|0x00000000e7900000, 0x00000000e7900000, 0x00000000e7a00000|  0%| F|  |TAMS 0x00000000e7900000, 0x00000000e7900000| Untracked 
| 122|0x00000000e7a00000, 0x00000000e7a00000, 0x00000000e7b00000|  0%| F|  |TAMS 0x00000000e7a00000, 0x00000000e7a00000| Untracked 
| 123|0x00000000e7b00000, 0x00000000e7b00000, 0x00000000e7c00000|  0%| F|  |TAMS 0x00000000e7b00000, 0x00000000e7b00000| Untracked 
| 124|0x00000000e7c00000, 0x00000000e7c00000, 0x00000000e7d00000|  0%| F|  |TAMS 0x00000000e7c00000, 0x00000000e7c00000| Untracked 
| 125|0x00000000e7d00000, 0x00000000e7d00000, 0x00000000e7e00000|  0%| F|  |TAMS 0x00000000e7d00000, 0x00000000e7d00000| Untracked 
| 126|0x00000000e7e00000, 0x00000000e7e00000, 0x00000000e7f00000|  0%| F|  |TAMS 0x00000000e7e00000, 0x00000000e7e00000| Untracked 
| 127|0x00000000e7f00000, 0x00000000e7f00000, 0x00000000e8000000|  0%| F|  |TAMS 0x00000000e7f00000, 0x00000000e7f00000| Untracked 
| 128|0x00000000e8000000, 0x00000000e8062da8, 0x00000000e8100000| 38%| S|CS|TAMS 0x00000000e8000000, 0x00000000e8000000| Complete 
| 129|0x00000000e8100000, 0x00000000e8200000, 0x00000000e8200000|100%| S|CS|TAMS 0x00000000e8100000, 0x00000000e8100000| Complete 
| 130|0x00000000e8200000, 0x00000000e8200000, 0x00000000e8300000|  0%| F|  |TAMS 0x00000000e8200000, 0x00000000e8200000| Untracked 
| 131|0x00000000e8300000, 0x00000000e8300000, 0x00000000e8400000|  0%| F|  |TAMS 0x00000000e8300000, 0x00000000e8300000| Untracked 
| 132|0x00000000e8400000, 0x00000000e8500000, 0x00000000e8500000|100%| S|CS|TAMS 0x00000000e8400000, 0x00000000e8400000| Complete 
| 133|0x00000000e8500000, 0x00000000e8600000, 0x00000000e8600000|100%| S|CS|TAMS 0x00000000e8500000, 0x00000000e8500000| Complete 
| 134|0x00000000e8600000, 0x00000000e8700000, 0x00000000e8700000|100%| S|CS|TAMS 0x00000000e8600000, 0x00000000e8600000| Complete 
| 135|0x00000000e8700000, 0x00000000e8800000, 0x00000000e8800000|100%| S|CS|TAMS 0x00000000e8700000, 0x00000000e8700000| Complete 
| 136|0x00000000e8800000, 0x00000000e8800000, 0x00000000e8900000|  0%| F|  |TAMS 0x00000000e8800000, 0x00000000e8800000| Untracked 
| 137|0x00000000e8900000, 0x00000000e8900000, 0x00000000e8a00000|  0%| F|  |TAMS 0x00000000e8900000, 0x00000000e8900000| Untracked 
| 138|0x00000000e8a00000, 0x00000000e8a00000, 0x00000000e8b00000|  0%| F|  |TAMS 0x00000000e8a00000, 0x00000000e8a00000| Untracked 
| 139|0x00000000e8b00000, 0x00000000e8b00000, 0x00000000e8c00000|  0%| F|  |TAMS 0x00000000e8b00000, 0x00000000e8b00000| Untracked 
| 140|0x00000000e8c00000, 0x00000000e8c00000, 0x00000000e8d00000|  0%| F|  |TAMS 0x00000000e8c00000, 0x00000000e8c00000| Untracked 
| 141|0x00000000e8d00000, 0x00000000e8d00000, 0x00000000e8e00000|  0%| F|  |TAMS 0x00000000e8d00000, 0x00000000e8d00000| Untracked 
| 142|0x00000000e8e00000, 0x00000000e8e00000, 0x00000000e8f00000|  0%| F|  |TAMS 0x00000000e8e00000, 0x00000000e8e00000| Untracked 
| 143|0x00000000e8f00000, 0x00000000e8f00000, 0x00000000e9000000|  0%| F|  |TAMS 0x00000000e8f00000, 0x00000000e8f00000| Untracked 
| 144|0x00000000e9000000, 0x00000000e9000000, 0x00000000e9100000|  0%| F|  |TAMS 0x00000000e9000000, 0x00000000e9000000| Untracked 
| 145|0x00000000e9100000, 0x00000000e9100000, 0x00000000e9200000|  0%| F|  |TAMS 0x00000000e9100000, 0x00000000e9100000| Untracked 
| 146|0x00000000e9200000, 0x00000000e9200000, 0x00000000e9300000|  0%| F|  |TAMS 0x00000000e9200000, 0x00000000e9200000| Untracked 
| 147|0x00000000e9300000, 0x00000000e9300000, 0x00000000e9400000|  0%| F|  |TAMS 0x00000000e9300000, 0x00000000e9300000| Untracked 
| 148|0x00000000e9400000, 0x00000000e9400000, 0x00000000e9500000|  0%| F|  |TAMS 0x00000000e9400000, 0x00000000e9400000| Untracked 
| 149|0x00000000e9500000, 0x00000000e9500000, 0x00000000e9600000|  0%| F|  |TAMS 0x00000000e9500000, 0x00000000e9500000| Untracked 
| 150|0x00000000e9600000, 0x00000000e9600000, 0x00000000e9700000|  0%| F|  |TAMS 0x00000000e9600000, 0x00000000e9600000| Untracked 
| 151|0x00000000e9700000, 0x00000000e9700000, 0x00000000e9800000|  0%| F|  |TAMS 0x00000000e9700000, 0x00000000e9700000| Untracked 
| 152|0x00000000e9800000, 0x00000000e9800000, 0x00000000e9900000|  0%| F|  |TAMS 0x00000000e9800000, 0x00000000e9800000| Untracked 
| 153|0x00000000e9900000, 0x00000000e9900000, 0x00000000e9a00000|  0%| F|  |TAMS 0x00000000e9900000, 0x00000000e9900000| Untracked 
| 154|0x00000000e9a00000, 0x00000000e9a00000, 0x00000000e9b00000|  0%| F|  |TAMS 0x00000000e9a00000, 0x00000000e9a00000| Untracked 
| 155|0x00000000e9b00000, 0x00000000e9b00000, 0x00000000e9c00000|  0%| F|  |TAMS 0x00000000e9b00000, 0x00000000e9b00000| Untracked 
| 156|0x00000000e9c00000, 0x00000000e9c00000, 0x00000000e9d00000|  0%| F|  |TAMS 0x00000000e9c00000, 0x00000000e9c00000| Untracked 
| 157|0x00000000e9d00000, 0x00000000e9d00000, 0x00000000e9e00000|  0%| F|  |TAMS 0x00000000e9d00000, 0x00000000e9d00000| Untracked 
| 158|0x00000000e9e00000, 0x00000000e9e00000, 0x00000000e9f00000|  0%| F|  |TAMS 0x00000000e9e00000, 0x00000000e9e00000| Untracked 
| 159|0x00000000e9f00000, 0x00000000e9f00000, 0x00000000ea000000|  0%| F|  |TAMS 0x00000000e9f00000, 0x00000000e9f00000| Untracked 
| 160|0x00000000ea000000, 0x00000000ea000000, 0x00000000ea100000|  0%| F|  |TAMS 0x00000000ea000000, 0x00000000ea000000| Untracked 
| 161|0x00000000ea100000, 0x00000000ea100000, 0x00000000ea200000|  0%| F|  |TAMS 0x00000000ea100000, 0x00000000ea100000| Untracked 
| 162|0x00000000ea200000, 0x00000000ea200000, 0x00000000ea300000|  0%| F|  |TAMS 0x00000000ea200000, 0x00000000ea200000| Untracked 
| 163|0x00000000ea300000, 0x00000000ea300000, 0x00000000ea400000|  0%| F|  |TAMS 0x00000000ea300000, 0x00000000ea300000| Untracked 
| 164|0x00000000ea400000, 0x00000000ea4bbb50, 0x00000000ea500000| 73%| E|  |TAMS 0x00000000ea400000, 0x00000000ea400000| Complete 
| 165|0x00000000ea500000, 0x00000000ea600000, 0x00000000ea600000|100%| E|CS|TAMS 0x00000000ea500000, 0x00000000ea500000| Complete 
| 166|0x00000000ea600000, 0x00000000ea700000, 0x00000000ea700000|100%| E|CS|TAMS 0x00000000ea600000, 0x00000000ea600000| Complete 
| 167|0x00000000ea700000, 0x00000000ea800000, 0x00000000ea800000|100%| E|CS|TAMS 0x00000000ea700000, 0x00000000ea700000| Complete 
| 168|0x00000000ea800000, 0x00000000ea900000, 0x00000000ea900000|100%| E|CS|TAMS 0x00000000ea800000, 0x00000000ea800000| Complete 
| 169|0x00000000ea900000, 0x00000000eaa00000, 0x00000000eaa00000|100%| E|CS|TAMS 0x00000000ea900000, 0x00000000ea900000| Complete 
| 170|0x00000000eaa00000, 0x00000000eab00000, 0x00000000eab00000|100%| E|CS|TAMS 0x00000000eaa00000, 0x00000000eaa00000| Complete 
| 171|0x00000000eab00000, 0x00000000eac00000, 0x00000000eac00000|100%| E|CS|TAMS 0x00000000eab00000, 0x00000000eab00000| Complete 
| 172|0x00000000eac00000, 0x00000000ead00000, 0x00000000ead00000|100%| E|CS|TAMS 0x00000000eac00000, 0x00000000eac00000| Complete 
| 173|0x00000000ead00000, 0x00000000eae00000, 0x00000000eae00000|100%| E|CS|TAMS 0x00000000ead00000, 0x00000000ead00000| Complete 
| 174|0x00000000eae00000, 0x00000000eaf00000, 0x00000000eaf00000|100%| E|CS|TAMS 0x00000000eae00000, 0x00000000eae00000| Complete 
| 175|0x00000000eaf00000, 0x00000000eb000000, 0x00000000eb000000|100%| E|CS|TAMS 0x00000000eaf00000, 0x00000000eaf00000| Complete 
| 176|0x00000000eb000000, 0x00000000eb100000, 0x00000000eb100000|100%| E|CS|TAMS 0x00000000eb000000, 0x00000000eb000000| Complete 
| 177|0x00000000eb100000, 0x00000000eb200000, 0x00000000eb200000|100%| E|CS|TAMS 0x00000000eb100000, 0x00000000eb100000| Complete 
| 178|0x00000000eb200000, 0x00000000eb300000, 0x00000000eb300000|100%| E|CS|TAMS 0x00000000eb200000, 0x00000000eb200000| Complete 
| 179|0x00000000eb300000, 0x00000000eb400000, 0x00000000eb400000|100%| E|CS|TAMS 0x00000000eb300000, 0x00000000eb300000| Complete 
| 180|0x00000000eb400000, 0x00000000eb500000, 0x00000000eb500000|100%| E|CS|TAMS 0x00000000eb400000, 0x00000000eb400000| Complete 
| 181|0x00000000eb500000, 0x00000000eb600000, 0x00000000eb600000|100%| E|CS|TAMS 0x00000000eb500000, 0x00000000eb500000| Complete 
| 182|0x00000000eb600000, 0x00000000eb700000, 0x00000000eb700000|100%| E|CS|TAMS 0x00000000eb600000, 0x00000000eb600000| Complete 
| 183|0x00000000eb700000, 0x00000000eb800000, 0x00000000eb800000|100%| E|CS|TAMS 0x00000000eb700000, 0x00000000eb700000| Complete 
| 184|0x00000000eb800000, 0x00000000eb900000, 0x00000000eb900000|100%| E|CS|TAMS 0x00000000eb800000, 0x00000000eb800000| Complete 
| 185|0x00000000eb900000, 0x00000000eba00000, 0x00000000eba00000|100%| E|CS|TAMS 0x00000000eb900000, 0x00000000eb900000| Complete 
| 186|0x00000000eba00000, 0x00000000ebb00000, 0x00000000ebb00000|100%| E|CS|TAMS 0x00000000eba00000, 0x00000000eba00000| Complete 
| 187|0x00000000ebb00000, 0x00000000ebc00000, 0x00000000ebc00000|100%| E|CS|TAMS 0x00000000ebb00000, 0x00000000ebb00000| Complete 
| 188|0x00000000ebc00000, 0x00000000ebd00000, 0x00000000ebd00000|100%| E|CS|TAMS 0x00000000ebc00000, 0x00000000ebc00000| Complete 
| 189|0x00000000ebd00000, 0x00000000ebe00000, 0x00000000ebe00000|100%| E|CS|TAMS 0x00000000ebd00000, 0x00000000ebd00000| Complete 

Card table byte_map: [0x000001a539be0000,0x000001a539ce0000] _byte_map_base: 0x000001a5394e0000

Marking Bits (Prev, Next): (CMBitMap*) 0x000001a523534bf8, (CMBitMap*) 0x000001a523534c30
 Prev Bits: [0x000001a539de0000, 0x000001a53a5e0000)
 Next Bits: [0x000001a53a5e0000, 0x000001a53ade0000)

Polling page: 0x000001a5214c0000

Metaspace:

Usage:
  Non-class:     57.37 MB capacity,    56.07 MB ( 98%) used,     1.09 MB (  2%) free+waste,   211.12 KB ( <1%) overhead. 
      Class:      8.41 MB capacity,     7.44 MB ( 88%) used,   883.48 KB ( 10%) free+waste,   110.44 KB (  1%) overhead. 
       Both:     65.79 MB capacity,    63.52 MB ( 97%) used,     1.96 MB (  3%) free+waste,   321.56 KB ( <1%) overhead. 

Virtual space:
  Non-class space:       58.00 MB reserved,      57.50 MB (>99%) committed 
      Class space:        1.00 GB reserved,       8.52 MB ( <1%) committed 
             Both:        1.06 GB reserved,      66.02 MB (  6%) committed 

Chunk freelists:
   Non-Class:  128 bytes
       Class:  0 bytes
        Both:  128 bytes

CodeHeap 'non-profiled nmethods': size=120064Kb used=5203Kb max_used=5203Kb free=114860Kb
 bounds [0x000001a5326a0000, 0x000001a532bc0000, 0x000001a539be0000]
CodeHeap 'profiled nmethods': size=120000Kb used=16771Kb max_used=16771Kb free=103228Kb
 bounds [0x000001a52b170000, 0x000001a52c1e0000, 0x000001a5326a0000]
CodeHeap 'non-nmethods': size=5696Kb used=2252Kb max_used=2294Kb free=3443Kb
 bounds [0x000001a52abe0000, 0x000001a52ae50000, 0x000001a52b170000]
 total_blobs=7803 nmethods=6955 adapters=759
 compilation: enabled
              stopped_count=0, restarted_count=0
 full_count=0

Compilation events (10 events):
Event: 18.607 Thread 0x000001a53dd91800 7102       3       org.openqa.selenium.json.JsonTypeCoercer$$Lambda$865/0x00000001007ff840::test (12 bytes)
Event: 18.607 Thread 0x000001a53dd91800 nmethod 7102 0x000001a52c1cfb10 code [0x000001a52c1cfce0, 0x000001a52c1d0018]
Event: 18.607 Thread 0x000001a53dd91800 7103       3       org.openqa.selenium.json.StaticInitializerCoercer$$Lambda$872/0x00000001007fe440::test (8 bytes)
Event: 18.608 Thread 0x000001a53dd91800 nmethod 7103 0x000001a52c1d0190 code [0x000001a52c1d0340, 0x000001a52c1d0658]
Event: 18.608 Thread 0x000001a53dd91800 7104       3       java.util.Formatter$Flags::contains (22 bytes)
Event: 18.608 Thread 0x000001a53dd91800 nmethod 7104 0x000001a52c1d0790 code [0x000001a52c1d0920, 0x000001a52c1d0ab8]
Event: 18.625 Thread 0x000001a53dd91800 7105       3       java.lang.Math::abs (13 bytes)
Event: 18.626 Thread 0x000001a53dd91800 nmethod 7105 0x000001a52c1d0b90 code [0x000001a52c1d0d20, 0x000001a52c1d0e78]
Event: 18.626 Thread 0x000001a53dd91800 7106       3       java.util.LinkedList::add (7 bytes)
Event: 18.626 Thread 0x000001a53dd91800 nmethod 7106 0x000001a52c1d0f10 code [0x000001a52c1d10c0, 0x000001a52c1d1268]

GC Heap History (10 events):
Event: 13.804 GC heap before
{Heap before GC invocations=19 (full 0):
 garbage-first heap   total 194560K, used 155831K [0x00000000e0000000, 0x0000000100000000)
  region size 1024K, 69 young (70656K), 5 survivors (5120K)
 Metaspace       used 54636K, capacity 56295K, committed 56576K, reserved 1099776K
  class space    used 6061K, capacity 6790K, committed 6912K, reserved 1048576K
}
Event: 13.814 GC heap after
{Heap after GC invocations=20 (full 0):
 garbage-first heap   total 194560K, used 94149K [0x00000000e0000000, 0x0000000100000000)
  region size 1024K, 9 young (9216K), 9 survivors (9216K)
 Metaspace       used 54636K, capacity 56295K, committed 56576K, reserved 1099776K
  class space    used 6061K, capacity 6790K, committed 6912K, reserved 1048576K
}
Event: 14.161 GC heap before
{Heap before GC invocations=20 (full 0):
 garbage-first heap   total 194560K, used 157637K [0x00000000e0000000, 0x0000000100000000)
  region size 1024K, 71 young (72704K), 9 survivors (9216K)
 Metaspace       used 56020K, capacity 57775K, committed 58112K, reserved 1099776K
  class space    used 6333K, capacity 7072K, committed 7168K, reserved 1048576K
}
Event: 14.180 GC heap after
{Heap after GC invocations=21 (full 0):
 garbage-first heap   total 194560K, used 98552K [0x00000000e0000000, 0x0000000100000000)
  region size 1024K, 9 young (9216K), 9 survivors (9216K)
 Metaspace       used 56020K, capacity 57775K, committed 58112K, reserved 1099776K
  class space    used 6333K, capacity 7072K, committed 7168K, reserved 1048576K
}
Event: 14.726 GC heap before
{Heap before GC invocations=21 (full 0):
 garbage-first heap   total 194560K, used 158968K [0x00000000e0000000, 0x0000000100000000)
  region size 1024K, 69 young (70656K), 9 survivors (9216K)
 Metaspace       used 58224K, capacity 59979K, committed 60160K, reserved 1101824K
  class space    used 6639K, capacity 7424K, committed 7424K, reserved 1048576K
}
Event: 14.740 GC heap after
{Heap after GC invocations=22 (full 0):
 garbage-first heap   total 194560K, used 102056K [0x00000000e0000000, 0x0000000100000000)
  region size 1024K, 8 young (8192K), 8 survivors (8192K)
 Metaspace       used 58224K, capacity 59979K, committed 60160K, reserved 1101824K
  class space    used 6639K, capacity 7424K, committed 7424K, reserved 1048576K
}
Event: 15.721 GC heap before
{Heap before GC invocations=23 (full 0):
 garbage-first heap   total 194560K, used 161448K [0x00000000e0000000, 0x0000000100000000)
  region size 1024K, 66 young (67584K), 8 survivors (8192K)
 Metaspace       used 60347K, capacity 62206K, committed 62360K, reserved 1103872K
  class space    used 6915K, capacity 7735K, committed 7832K, reserved 1048576K
}
Event: 15.739 GC heap after
{Heap after GC invocations=24 (full 0):
 garbage-first heap   total 194560K, used 106641K [0x00000000e0000000, 0x0000000100000000)
  region size 1024K, 9 young (9216K), 9 survivors (9216K)
 Metaspace       used 60347K, capacity 62206K, committed 62360K, reserved 1103872K
  class space    used 6915K, capacity 7735K, committed 7832K, reserved 1048576K
}
Event: 16.624 GC heap before
{Heap before GC invocations=25 (full 0):
 garbage-first heap   total 194560K, used 161937K [0x00000000e0000000, 0x0000000100000000)
  region size 1024K, 63 young (64512K), 9 survivors (9216K)
 Metaspace       used 62557K, capacity 64590K, committed 64792K, reserved 1105920K
  class space    used 7250K, capacity 8103K, committed 8216K, reserved 1048576K
}
Event: 16.644 GC heap after
{Heap after GC invocations=26 (full 0):
 garbage-first heap   total 194560K, used 111949K [0x00000000e0000000, 0x0000000100000000)
  region size 1024K, 6 young (6144K), 6 survivors (6144K)
 Metaspace       used 62557K, capacity 64590K, committed 64792K, reserved 1105920K
  class space    used 7250K, capacity 8103K, committed 8216K, reserved 1048576K
}

Deoptimization events (10 events):
Event: 16.150 Thread 0x000001a523510000 Uncommon trap: reason=class_check action=maybe_recompile pc=0x000001a5329e1ff4 method=org.aspectj.weaver.ReferenceType.isAssignableFrom(Lorg/aspectj/weaver/ResolvedType;Z)Z @ 334 c2
Event: 16.176 Thread 0x000001a523510000 Uncommon trap: reason=class_check action=maybe_recompile pc=0x000001a5329e1ff4 method=org.aspectj.weaver.ReferenceType.isAssignableFrom(Lorg/aspectj/weaver/ResolvedType;Z)Z @ 334 c2
Event: 16.275 Thread 0x000001a523510000 Uncommon trap: reason=class_check action=maybe_recompile pc=0x000001a532b34c88 method=jdk.internal.loader.BuiltinClassLoader.loadClassOrNull(Ljava/lang/String;Z)Ljava/lang/Class; @ 66 c2
Event: 16.275 Thread 0x000001a523510000 Uncommon trap: reason=unstable_if action=reinterpret pc=0x000001a532b61b7c method=java.lang.ClassLoader.preDefineClass(Ljava/lang/String;Ljava/security/ProtectionDomain;)Ljava/security/ProtectionDomain; @ 45 c2
Event: 16.288 Thread 0x000001a523510000 Uncommon trap: reason=class_check action=maybe_recompile pc=0x000001a532b34c88 method=jdk.internal.loader.BuiltinClassLoader.loadClassOrNull(Ljava/lang/String;Z)Ljava/lang/Class; @ 66 c2
Event: 16.290 Thread 0x000001a523510000 Uncommon trap: reason=class_check action=maybe_recompile pc=0x000001a532b34c88 method=jdk.internal.loader.BuiltinClassLoader.loadClassOrNull(Ljava/lang/String;Z)Ljava/lang/Class; @ 66 c2
Event: 16.290 Thread 0x000001a523510000 Uncommon trap: reason=class_check action=maybe_recompile pc=0x000001a532b34c88 method=jdk.internal.loader.BuiltinClassLoader.loadClassOrNull(Ljava/lang/String;Z)Ljava/lang/Class; @ 66 c2
Event: 16.339 Thread 0x000001a545a26800 Uncommon trap: reason=unstable_if action=reinterpret pc=0x000001a532aec534 method=java.lang.ThreadLocal.setInitialValue()Ljava/lang/Object; @ 16 c2
Event: 16.571 Thread 0x000001a53f59b800 Uncommon trap: reason=unstable_if action=reinterpret pc=0x000001a532a5b808 method=sun.net.www.MessageHeader.grow()V @ 4 c2
Event: 18.429 Thread 0x000001a523510000 Uncommon trap: reason=unstable_if action=reinterpret pc=0x000001a53276f4e0 method=java.util.logging.Logger.isLoggable(Ljava/util/logging/Level;)Z @ 13 c2

Classes redefined (0 events):
No events

Internal exceptions (10 events):
Event: 16.606 Thread 0x000001a523510000 Exception <a 'java/lang/NoSuchMethodError'{0x00000000e8988608}: 'float java.lang.invoke.DirectMethodHandle$Holder.invokeVirtual(java.lang.Object, java.lang.Object)'> (0x00000000e8988608) thrown at [./open/src/hotspot/share/interpreter/linkResolver.cpp, li
Event: 16.607 Thread 0x000001a523510000 Exception <a 'java/lang/NoSuchMethodError'{0x00000000e8990bf0}: 'long java.lang.invoke.DirectMethodHandle$Holder.invokeVirtual(java.lang.Object, java.lang.Object)'> (0x00000000e8990bf0) thrown at [./open/src/hotspot/share/interpreter/linkResolver.cpp, lin
Event: 16.678 Thread 0x000001a523510000 Exception <a 'java/lang/NoSuchMethodError'{0x00000000ebb1d888}: 'java.lang.Object java.lang.invoke.DirectMethodHandle$Holder.invokeStatic(java.lang.Object, java.lang.Object, int, int)'> (0x00000000ebb1d888) thrown at [./open/src/hotspot/share/interpreter/
Event: 16.678 Thread 0x000001a523510000 Exception <a 'java/lang/NoSuchMethodError'{0x00000000ebb21808}: 'java.lang.Object java.lang.invoke.DirectMethodHandle$Holder.invokeSpecial(java.lang.Object, java.lang.Object, java.lang.Object, int, int)'> (0x00000000ebb21808) thrown at [./open/src/hotspot
Event: 16.678 Thread 0x000001a523510000 Exception <a 'java/lang/NoSuchMethodError'{0x00000000ebb250d8}: 'java.lang.Object java.lang.invoke.Invokers$Holder.linkToTargetMethod(java.lang.Object, int, int, java.lang.Object)'> (0x00000000ebb250d8) thrown at [./open/src/hotspot/share/interpreter/link
Event: 16.679 Thread 0x000001a523510000 Exception <a 'java/lang/NoSuchMethodError'{0x00000000ebb28478}: 'void java.lang.invoke.DirectMethodHandle$Holder.invokeStatic(java.lang.Object, java.lang.Object, int)'> (0x00000000ebb28478) thrown at [./open/src/hotspot/share/interpreter/linkResolver.cpp,
Event: 16.721 Thread 0x000001a523510000 Exception <a 'java/lang/NoSuchMethodError'{0x00000000eb975538}: 'void java.lang.invoke.DirectMethodHandle$Holder.invokeStatic(java.lang.Object, java.lang.Object, java.lang.Object, java.lang.Object, java.lang.Object, java.lang.Object, java.lang.Object)'> (
Event: 18.143 Thread 0x000001a53f5a2000 Exception <a 'java/lang/NoSuchMethodError'{0x00000000eb7e6bc0}: 'java.lang.Object java.lang.invoke.DirectMethodHandle$Holder.invokeStatic(java.lang.Object, java.lang.Object, long, java.lang.Object, java.lang.Object, java.lang.Object)'> (0x00000000eb7e6bc0
Event: 18.183 Thread 0x000001a523510000 Exception <a 'java/lang/NoSuchMethodError'{0x00000000eb6bc5a0}: 'java.lang.Object java.lang.invoke.DirectMethodHandle$Holder.invokeSpecialIFC(java.lang.Object, java.lang.Object, java.lang.Object)'> (0x00000000eb6bc5a0) thrown at [./open/src/hotspot/share/
Event: 18.442 Thread 0x000001a523510000 Exception <a 'java/lang/ClassNotFoundException'{0x00000000ea676588}: sun/util/logging/resources/spi/loggingProvider> (0x00000000ea676588) thrown at [./open/src/hotspot/share/classfile/systemDictionary.cpp, line 226]

Events (10 events):
Event: 18.473 Executing VM operation: RevokeBias done
Event: 18.474 Thread 0x000001a53f5a1000 Thread added: 0x000001a53f5a1000
Event: 18.604 Executing VM operation: RevokeBias
Event: 18.604 Executing VM operation: RevokeBias done
Event: 18.604 Executing VM operation: RevokeBias
Event: 18.604 Executing VM operation: RevokeBias done
Event: 18.604 Executing VM operation: RevokeBias
Event: 18.604 Executing VM operation: RevokeBias done
Event: 18.605 Executing VM operation: RevokeBias
Event: 18.605 Executing VM operation: RevokeBias done


Dynamic libraries:
0x00007ff759ec0000 - 0x00007ff759ed0000 	C:\Program Files\Java\jdk-11\bin\java.exe
0x00007ffc2bbc0000 - 0x00007ffc2be26000 	C:\WINDOWS\SYSTEM32\ntdll.dll
0x00007ffc2a780000 - 0x00007ffc2a849000 	C:\WINDOWS\System32\KERNEL32.DLL
0x00007ffc28f10000 - 0x00007ffc2930a000 	C:\WINDOWS\System32\KERNELBASE.dll
0x00007ffc297e0000 - 0x00007ffc2992c000 	C:\WINDOWS\System32\ucrtbase.dll
0x00007ffbe9a20000 - 0x00007ffbe9a3b000 	C:\Program Files\Java\jdk-11\bin\VCRUNTIME140.dll
0x00007ffc0cf00000 - 0x00007ffc0cf19000 	C:\Program Files\Java\jdk-11\bin\jli.dll
0x00007ffc2a2a0000 - 0x00007ffc2a356000 	C:\WINDOWS\System32\ADVAPI32.dll
0x00007ffc29eb0000 - 0x00007ffc29f59000 	C:\WINDOWS\System32\msvcrt.dll
0x00007ffc29dd0000 - 0x00007ffc29e7a000 	C:\WINDOWS\System32\sechost.dll
0x00007ffc2a920000 - 0x00007ffc2aa38000 	C:\WINDOWS\System32\RPCRT4.dll
0x00007ffc29930000 - 0x00007ffc29af7000 	C:\WINDOWS\System32\USER32.dll
0x00007ffc295a0000 - 0x00007ffc295c7000 	C:\WINDOWS\System32\win32u.dll
0x00007ffc2a190000 - 0x00007ffc2a1bb000 	C:\WINDOWS\System32\GDI32.dll
0x00007ffc293c0000 - 0x00007ffc294eb000 	C:\WINDOWS\System32\gdi32full.dll
0x00007ffc100a0000 - 0x00007ffc10332000 	C:\WINDOWS\WinSxS\amd64_microsoft.windows.common-controls_6595b64144ccf1df_6.0.26100.8521_none_3e08b75ce33403b3\COMCTL32.dll
0x00007ffc294f0000 - 0x00007ffc29593000 	C:\WINDOWS\System32\msvcp_win.dll
0x00007ffc18e60000 - 0x00007ffc18e6b000 	C:\WINDOWS\SYSTEM32\VERSION.dll
0x00007ffc2a8e0000 - 0x00007ffc2a912000 	C:\WINDOWS\System32\IMM32.DLL
0x00007ffc124e0000 - 0x00007ffc124ec000 	C:\Program Files\Java\jdk-11\bin\vcruntime140_1.dll
0x00007ffbb66a0000 - 0x00007ffbb672e000 	C:\Program Files\Java\jdk-11\bin\msvcp140.dll
0x00007ffb64aa0000 - 0x00007ffb65603000 	C:\Program Files\Java\jdk-11\bin\server\jvm.dll
0x00007ffc29b00000 - 0x00007ffc29b08000 	C:\WINDOWS\System32\PSAPI.DLL
0x00007ffc0a550000 - 0x00007ffc0a586000 	C:\WINDOWS\SYSTEM32\WINMM.dll
0x00007ffc116a0000 - 0x00007ffc116aa000 	C:\WINDOWS\SYSTEM32\WSOCK32.dll
0x00007ffc2a850000 - 0x00007ffc2a8d0000 	C:\WINDOWS\System32\WS2_32.dll
0x00007ffc27be0000 - 0x00007ffc27bfb000 	C:\WINDOWS\SYSTEM32\kernel.appcore.dll
0x00007ffc11e40000 - 0x00007ffc11e50000 	C:\Program Files\Java\jdk-11\bin\verify.dll
0x00007ffc20870000 - 0x00007ffc20ab2000 	C:\WINDOWS\SYSTEM32\DBGHELP.DLL
0x00007ffc2a3e0000 - 0x00007ffc2a763000 	C:\WINDOWS\System32\combase.dll
0x00007ffc2a1c0000 - 0x00007ffc2a299000 	C:\WINDOWS\System32\OLEAUT32.dll
0x00007ffc096c0000 - 0x00007ffc096fb000 	C:\WINDOWS\SYSTEM32\dbgcore.DLL
0x00007ffc29310000 - 0x00007ffc293b8000 	C:\WINDOWS\System32\bcryptPrimitives.dll
0x00007ffbe9630000 - 0x00007ffbe9658000 	C:\Program Files\Java\jdk-11\bin\java.dll
0x00007ffc11460000 - 0x00007ffc1146a000 	C:\Program Files\Java\jdk-11\bin\jimage.dll
0x00007ffbe9920000 - 0x00007ffbe992e000 	C:\Program Files\Java\jdk-11\bin\instrument.dll
0x00007ffbe9870000 - 0x00007ffbe9887000 	C:\Program Files\Java\jdk-11\bin\zip.dll
0x00007ffc2b390000 - 0x00007ffc2bb14000 	C:\WINDOWS\System32\SHELL32.dll
0x00007ffc26a50000 - 0x00007ffc272d0000 	C:\WINDOWS\SYSTEM32\windows.storage.dll
0x00007ffc2ab50000 - 0x00007ffc2ac46000 	C:\WINDOWS\System32\SHCORE.dll
0x00007ffc29b10000 - 0x00007ffc29b77000 	C:\WINDOWS\System32\shlwapi.dll
0x00007ffc28d70000 - 0x00007ffc28d99000 	C:\WINDOWS\SYSTEM32\profapi.dll
0x00007ffbe5af0000 - 0x00007ffbe5b09000 	C:\Program Files\Java\jdk-11\bin\net.dll
0x00007ffc16de0000 - 0x00007ffc16f09000 	C:\WINDOWS\SYSTEM32\WINHTTP.dll
0x00007ffc28150000 - 0x00007ffc281bc000 	C:\WINDOWS\system32\mswsock.dll
0x00007ffbe2c70000 - 0x00007ffbe2c82000 	C:\Program Files\Java\jdk-11\bin\nio.dll
0x00007ffc28430000 - 0x00007ffc2844b000 	C:\WINDOWS\SYSTEM32\CRYPTSP.dll
0x00007ffc27b40000 - 0x00007ffc27b79000 	C:\WINDOWS\system32\rsaenh.dll
0x00007ffc28200000 - 0x00007ffc28233000 	C:\WINDOWS\SYSTEM32\USERENV.dll
0x00007ffc28d40000 - 0x00007ffc28d6a000 	C:\WINDOWS\SYSTEM32\bcrypt.dll
0x00007ffc28450000 - 0x00007ffc2845c000 	C:\WINDOWS\SYSTEM32\CRYPTBASE.dll
0x00007ffc275e0000 - 0x00007ffc27613000 	C:\WINDOWS\SYSTEM32\IPHLPAPI.DLL
0x00007ffc29c60000 - 0x00007ffc29c6a000 	C:\WINDOWS\System32\NSI.dll
0x00007ffc175d0000 - 0x00007ffc175ed000 	C:\WINDOWS\SYSTEM32\dhcpcsvc6.DLL
0x00007ffc16db0000 - 0x00007ffc16dd5000 	C:\WINDOWS\SYSTEM32\dhcpcsvc.DLL
0x00007ffc276d0000 - 0x00007ffc2781a000 	C:\WINDOWS\SYSTEM32\DNSAPI.dll
0x00007ffc27f50000 - 0x00007ffc27f5d000 	C:\WINDOWS\SYSTEM32\DSPARSE.dll
0x00007ffbf8d60000 - 0x00007ffbf8d78000 	C:\WINDOWS\system32\napinsp.dll
0x00007ffbf6d80000 - 0x00007ffbf6d93000 	C:\WINDOWS\System32\winrnr.dll
0x00007ffbf6d50000 - 0x00007ffbf6d72000 	C:\WINDOWS\system32\nlansp_c.dll
0x00007ffc16940000 - 0x00007ffc16956000 	C:\WINDOWS\system32\wshbth.dll
0x00007ffc16770000 - 0x00007ffc1677b000 	C:\Windows\System32\rasadhlp.dll
0x00007ffc163c0000 - 0x00007ffc16446000 	C:\WINDOWS\System32\fwpuclnt.dll
0x00007ffbe9910000 - 0x00007ffbe9919000 	C:\Program Files\Java\jdk-11\bin\management.dll
0x00007ffbe5110000 - 0x00007ffbe511b000 	C:\Program Files\Java\jdk-11\bin\management_ext.dll
0x00007ffc11f00000 - 0x00007ffc11f27000 	C:\Program Files\Java\jdk-11\bin\sunec.dll
0x00007ffc11f30000 - 0x00007ffc11f3e000 	C:\Program Files\Java\jdk-11\bin\sunmscapi.dll
0x00007ffc295d0000 - 0x00007ffc29748000 	C:\WINDOWS\System32\CRYPT32.dll
0x00007ffc28650000 - 0x00007ffc28680000 	C:\WINDOWS\SYSTEM32\ncrypt.dll
0x00007ffc28600000 - 0x00007ffc2863f000 	C:\WINDOWS\SYSTEM32\NTASN1.dll

dbghelp: loaded successfully - version: 4.0.5 - missing functions: none
symbol engine: initialized successfully - sym options: 0x614 - pdb path: .;C:\Program Files\Java\jdk-11\bin;C:\WINDOWS\SYSTEM32;C:\WINDOWS\WinSxS\amd64_microsoft.windows.common-controls_6595b64144ccf1df_6.0.26100.8521_none_3e08b75ce33403b3;C:\Program Files\Java\jdk-11\bin\server

VM Arguments:
jvm_args: -Dallure.results.directory=D:\Proyekku\assignment15\build\allure-results -Djunit.jupiter.extensions.autodetection.enabled=true -Dorg.gradle.internal.worker.tmpdir=D:\Proyekku\assignment15\build\tmp\test\work -Dorg.gradle.native=false -javaagent:C:\Users\PKP323\.gradle\caches\modules-2\files-2.1\org.aspectj\aspectjweaver\1.9.22.1\bca243d0af0db4758fbae45c5f4995cb5dabb612\aspectjweaver-1.9.22.1.jar -Xmx512m -Dfile.encoding=windows-1252 -Duser.country=ID -Duser.language=en -Duser.variant -ea 
java_command: worker.org.gradle.process.internal.worker.GradleWorkerMain 'Gradle Test Executor 6'
java_class_path (initial): C:\\Users\\PKP323\\.gradle\\caches\\8.2\\workerMain\\gradle-worker.jar;D:\\Proyekku\\assignment15\\build\\classes\\java\\test;D:\\Proyekku\\assignment15\\build\\resources\\test;D:\\Proyekku\\assignment15\\build\\classes\\java\\main;C:\\Users\\PKP323\\.gradle\\caches\\modules-2\\files-2.1\\org.seleniumhq.selenium\\selenium-java\\4.21.0\\2cc38c8dbef9d6e8774f05c2d2e8088180858ed4\\selenium-java-4.21.0.jar;C:\\Users\\PKP323\\.gradle\\caches\\modules-2\\files-2.1\\org.json\\json\\20250517\\d67181bbd819ccceb929b580a4e2fcb0c8b17cd8\\json-20250517.jar;C:\\Users\\PKP323\\.gradle\\caches\\modules-2\\files-2.1\\com.fasterxml.jackson.core\\jackson-core\\2.20.1\\5734323adfece72111769b0ae38a6cf803e3d178\\jackson-core-2.20.1.jar;C:\\Users\\PKP323\\.gradle\\caches\\modules-2\\files-2.1\\io.github.bonigarcia\\webdrivermanager\\6.3.2\\1d837f94b11e087a4b01440b765000dab2894cde\\webdrivermanager-6.3.2.jar;C:\\Users\\PKP323\\.gradle\\caches\\modules-2\\files-2.1\\com.github.docker-java\\docker-java\\3.6.0\\8d71188ebc47e4e328c89acf8adbefdb2e992200\\docker-java-3.6.0.jar;C:\\Users\\PKP323\\.gradle\\caches\\modules-2\\files-2.1\\com.github.docker-java\\docker-java-core\\3.6.0\\d374b9c3c8be106b13fa92ccfc7287cb3b3e0a1c\\docker-java-core-3.6.0.jar;C:\\Users\\PKP323\\.gradle\\caches\\modules-2\\files-2.1\\io.rest-assured\\json-schema-validator\\5.4.0\\f07ce41b83f9eceef20d30fea6da22c0f5dece0e\\json-schema-validator-5.4.0.jar;C:\\Users\\PKP323\\.gradle\\caches\\modules-2\\files-2.1\\com.github.java-json-tools\\json-schema-validator\\2.2.14\\10c42918adc1fd4454e83bb21365f30df497a076\\json-schema-validator-2.2.14.jar;C:\\Users\\PKP323\\.gradle\\caches\\modules-2\\files-2.1\\com.github.java-json-tools\\json-schema-core\\1.2.14\\39d4efcf7e538684200fea15e08d47d0198c19fb\\json-schema-core-1.2.14.jar;C:\\Users\\PKP323\\.gradle\\caches\\modules-2\\files-2.1\\com.github.java-json-tools\\jackson-coreutils-equivalence\\1.0\\8b928cf1f95dc5fe6b1648f5da93befab031da19\\jackson-coreuti
Launcher Type: SUN_STANDARD

[Global flags]
     intx CICompilerCount                          = 3                                         {product} {ergonomic}
     uint ConcGCThreads                            = 1                                         {product} {ergonomic}
     uint G1ConcRefinementThreads                  = 4                                         {product} {ergonomic}
   size_t G1HeapRegionSize                         = 1048576                                   {product} {ergonomic}
    uintx GCDrainStackTargetSize                   = 64                                        {product} {ergonomic}
   size_t InitialHeapSize                          = 199229440                                 {product} {ergonomic}
   size_t MarkStackSize                            = 4194304                                   {product} {ergonomic}
   size_t MaxHeapSize                              = 536870912                                 {product} {command line}
   size_t MaxNewSize                               = 321912832                                 {product} {ergonomic}
   size_t MinHeapDeltaBytes                        = 1048576                                   {product} {ergonomic}
    uintx NonNMethodCodeHeapSize                   = 5830732                                {pd product} {ergonomic}
    uintx NonProfiledCodeHeapSize                  = 122913754                              {pd product} {ergonomic}
    uintx ProfiledCodeHeapSize                     = 122913754                              {pd product} {ergonomic}
    uintx ReservedCodeCacheSize                    = 251658240                              {pd product} {ergonomic}
     bool SegmentedCodeCache                       = true                                      {product} {ergonomic}
     bool UseCompressedClassPointers               = true                                 {lp64_product} {ergonomic}
     bool UseCompressedOops                        = true                                 {lp64_product} {ergonomic}
     bool UseG1GC                                  = true                                      {product} {ergonomic}
     bool UseLargePagesIndividualAllocation        = false                                  {pd product} {ergonomic}

Logging:
Log output configuration:
 #0: stdout all=warning uptime,level,tags
 #1: stderr all=off uptime,level,tags

Environment Variables:
JAVA_HOME=C:\Program Files\Java\jdk-11
PATH=C:\Program Files\Java\jdk-11\bin;C:\Program Files\Java\jdk-17;C:\Program Files\Eclipse Adoptium\jdk-17.0.17.10-hotspot\bin;C:\Program Files\Common Files\Oracle\Java\javapath;C:\Python310\Scripts\;C:\Python310\;D:\app\PKP323\product\12.1.0\client_4;D:\app\PKP323\product\12.1.0\client_4\bin;D:\app\PKP323\product\12.1.0\client_3;D:\app\PKP323\product\12.1.0\client_3\bin;D:\app\PKP323\product\12.1.0\client_2;D:\app\PKP323\product\12.1.0\client_2\bin;D:\app\PKP323\product\12.1.0\client_1;D:\app\PKP323\product\12.1.0\client_1\bin;C:\WINDOWS\system32;C:\WINDOWS;C:\WINDOWS\System32\Wbem;C:\WINDOWS\System32\WindowsPowerShell\v1.0\;C:\WINDOWS\System32\OpenSSH\;C:\Program Files\OpenVPN\bin;C:\ProgramData\chocolatey\bin;C:\Program Files\Go\bin;C:\Program Files\k6\;C:\Program Files (x86)\Pulse Secure\VC142.CRT\X64\;C:\Program Files (x86)\Pulse Secure\VC142.CRT\X86\;C:\Program Files (x86)\Common Files\Pulse Secure\TNC Client Plugin\;C:\apache-maven-3.9.5\bin;C:\Program Files\Java\jdk-21\bin;C:\Gradle\gradle-7.5.1\bin;C:\Program Files\nodejs\;C:\Program Files\Git\cmd;C:\Program Files\Liquid Technologies\Liquid Studio\XmlDataBinder21\Redist21\cpp\win32\bin;C:\Program Files\Liquid Technologies\Liquid Studio\XmlDataBinder21\Redist21\cpp\win64\bin;C:\Users\PKP323\scoop\shims;C:\Users\PKP323\AppData\Local\Programs\Python\Python313\Scripts\;C:\Users\PKP323\AppData\Local\Programs\Python\Python313\;C:\Users\PKP323\AppData\Local\Programs\Python\Launcher\;C:\Users\PKP323\AppData\Local\Microsoft\WindowsApps;C:\Users\PKP323\AppData\Local\Programs\Microsoft VS Code\bin;C:\Users\PKP323\go\bin;D:\IntelliJ IDEA 2023.2.1\bin;;C:\Users\PKP323\AppData\Roaming\npm;
USERNAME=PKP323
OS=Windows_NT
PROCESSOR_IDENTIFIER=Intel64 Family 6 Model 142 Stepping 12, GenuineIntel



---------------  S Y S T E M  ---------------

OS: Windows 11 , 64 bit Build 26100 (10.0.26100.8521)

CPU:total 4 (initial active 4) (2 cores per cpu, 2 threads per core) family 6 model 142 stepping 12 microcode 0xde, cmov, cx8, fxsr, mmx, sse, sse2, sse3, ssse3, sse4.1, sse4.2, popcnt, avx, avx2, aes, clmul, erms, 3dnowpref, lzcnt, ht, tsc, tscinvbit, bmi1, bmi2, adx, fma

Memory: 4k page, system-wide physical 12125M (2294M free)
TotalPageFile size 12125M (AvailPageFile size 11M)
current process WorkingSet (physical memory assigned to process): 402M, peak: 404M
current process commit charge ("private bytes"): 427M, peak: 430M

vm_info: Java HotSpot(TM) 64-Bit Server VM (11.0.28+12-LTS-279) for windows-amd64 JRE (11.0.28+12-LTS-279), built on Jun 27 2025 10:10:38 by "mach5one" with MS VC++ 17.6 (VS2022)

END.
