#
# There is insufficient memory for the Java Runtime Environment to continue.
# Native memory allocation (malloc) failed to allocate 1280336 bytes for Chunk::new
# Possible reasons:
#   The system is out of physical RAM or swap space
#   The process is running with CompressedOops enabled, and the Java Heap may be blocking the growth of the native heap
# Possible solutions:
#   Reduce memory load on the system
#   Increase physical memory or swap space
#   Check if swap backing store is full
#   Decrease Java heap size (-Xmx/-Xms)
#   Decrease number of Java threads
#   Decrease Java thread stack sizes (-Xss)
#   Set larger code cache with -XX:ReservedCodeCacheSize=
#   JVM is running with Unscaled Compressed Oops mode in which the Java heap is
#     placed in the first 4GB address space. The Java Heap base address is the
#     maximum limit for the native heap growth. Please use -XX:HeapBaseMinAddress
#     to set the Java Heap base and to place the Java Heap above 4GB virtual address.
# This output file may be truncated or incomplete.
#
#  Out of Memory Error (./open/src/hotspot/share/memory/arena.cpp:197), pid=7448, tid=18820
#
# JRE version: Java(TM) SE Runtime Environment 18.9 (11.0.28+12) (build 11.0.28+12-LTS-279)
# Java VM: Java HotSpot(TM) 64-Bit Server VM 18.9 (11.0.28+12-LTS-279, mixed mode, tiered, compressed oops, g1 gc, windows-amd64)
# No core dump will be written. Minidumps are not enabled by default on client versions of Windows
#

---------------  S U M M A R Y ------------

Command Line: -Dallure.results.directory=D:\Proyekku\assignment15\build\allure-results -Djunit.jupiter.extensions.autodetection.enabled=true -Dorg.gradle.internal.worker.tmpdir=D:\Proyekku\assignment15\build\tmp\test\work -Dorg.gradle.native=false -javaagent:C:\Users\PKP323\.gradle\caches\modules-2\files-2.1\org.aspectj\aspectjweaver\1.9.22.1\bca243d0af0db4758fbae45c5f4995cb5dabb612\aspectjweaver-1.9.22.1.jar -Xmx512m -Dfile.encoding=windows-1252 -Duser.country=ID -Duser.language=en -Duser.variant -ea worker.org.gradle.process.internal.worker.GradleWorkerMain 'Gradle Test Executor 22'

Host: Intel(R) Core(TM) i3-10110U CPU @ 2.10GHz, 4 cores, 11G,  Windows 11 , 64 bit Build 26100 (10.0.26100.8521)
Time: Sun Jul 12 16:35:17 2026 SE Asia Standard Time elapsed time: 12.088758 seconds (0d 0h 0m 12s)

---------------  T H R E A D  ---------------

Current thread (0x000002c329953800):  JavaThread "C2 CompilerThread1" daemon [_thread_in_native, id=18820, stack(0x000000e19cf00000,0x000000e19d000000)]


Current CompileTask:
C2:  12088 5593       4       org.aspectj.weaver.bcel.BcelWeaver::weave (1242 bytes)

Stack: [0x000000e19cf00000,0x000000e19d000000]
Native frames: (J=compiled Java code, j=interpreted, Vv=VM code, C=native code)
V  [jvm.dll+0x65886a]
V  [jvm.dll+0x79b4cf]
V  [jvm.dll+0x79cb99]
V  [jvm.dll+0x79d243]
V  [jvm.dll+0x255965]
V  [jvm.dll+0xb312c]
V  [jvm.dll+0xb373c]
V  [jvm.dll+0x35fcd1]
V  [jvm.dll+0x1a1162]
V  [jvm.dll+0x20f46d]
V  [jvm.dll+0x20e2ed]
V  [jvm.dll+0x18b581]
V  [jvm.dll+0x21e944]
V  [jvm.dll+0x21cc6c]
V  [jvm.dll+0x75f381]
V  [jvm.dll+0x757ca4]
V  [jvm.dll+0x657715]
C  [ucrtbase.dll+0x2cd30]
C  [KERNEL32.DLL+0x2e957]
C  [ntdll.dll+0x87c1c]


---------------  P R O C E S S  ---------------

Threads class SMR info:
_java_thread_list=0x000002c32e8cc510, length=17, elements={
0x000002c30dc40000, 0x000002c327b4d800, 0x000002c327b4e800, 0x000002c3283b3800,
0x000002c3283b6000, 0x000002c3283ba000, 0x000002c3283bb000, 0x000002c3283c1800,
0x000002c3283c7000, 0x000002c327ae5800, 0x000002c329c0d000, 0x000002c3297fc000,
0x000002c329d6c800, 0x000002c329953800, 0x000002c32c1e8800, 0x000002c32f144800,
0x000002c32d06e800
}

Java Threads: ( => current thread )
  0x000002c30dc40000 JavaThread "Test worker" [_thread_in_native, id=564, stack(0x000000e19b700000,0x000000e19b800000)]
  0x000002c327b4d800 JavaThread "Reference Handler" daemon [_thread_blocked, id=18728, stack(0x000000e19be00000,0x000000e19bf00000)]
  0x000002c327b4e800 JavaThread "Finalizer" daemon [_thread_blocked, id=9432, stack(0x000000e19bf00000,0x000000e19c000000)]
  0x000002c3283b3800 JavaThread "Signal Dispatcher" daemon [_thread_blocked, id=17404, stack(0x000000e19c000000,0x000000e19c100000)]
  0x000002c3283b6000 JavaThread "Attach Listener" daemon [_thread_blocked, id=16952, stack(0x000000e19c100000,0x000000e19c200000)]
  0x000002c3283ba000 JavaThread "Service Thread" daemon [_thread_blocked, id=19108, stack(0x000000e19c200000,0x000000e19c300000)]
  0x000002c3283bb000 JavaThread "C2 CompilerThread0" daemon [_thread_blocked, id=21728, stack(0x000000e19c300000,0x000000e19c400000)]
  0x000002c3283c1800 JavaThread "C1 CompilerThread0" daemon [_thread_blocked, id=12876, stack(0x000000e19c400000,0x000000e19c500000)]
  0x000002c3283c7000 JavaThread "Sweeper thread" daemon [_thread_blocked, id=13340, stack(0x000000e19c500000,0x000000e19c600000)]
  0x000002c327ae5800 JavaThread "Common-Cleaner" daemon [_thread_blocked, id=10668, stack(0x000000e19c600000,0x000000e19c700000)]
  0x000002c329c0d000 JavaThread "/127.0.0.1:57368 to /127.0.0.1:57367 workers" [_thread_blocked, id=3400, stack(0x000000e19cd00000,0x000000e19ce00000)]
  0x000002c3297fc000 JavaThread "/127.0.0.1:57368 to /127.0.0.1:57367 workers Thread 2" [_thread_blocked, id=19372, stack(0x000000e19c800000,0x000000e19c900000)]
  0x000002c329d6c800 JavaThread "/127.0.0.1:57368 to /127.0.0.1:57367 workers Thread 3" [_thread_in_native, id=4032, stack(0x000000e19ce00000,0x000000e19cf00000)]
=>0x000002c329953800 JavaThread "C2 CompilerThread1" daemon [_thread_in_native, id=18820, stack(0x000000e19cf00000,0x000000e19d000000)]
  0x000002c32c1e8800 JavaThread "ForkJoinPool.commonPool-worker-3" daemon [_thread_blocked, id=18416, stack(0x000000e19d100000,0x000000e19d200000)]
  0x000002c32f144800 JavaThread "ForkJoinPool.commonPool-worker-5" daemon [_thread_blocked, id=15544, stack(0x000000e19d200000,0x000000e19d300000)]
  0x000002c32d06e800 JavaThread "ForkJoinPool.commonPool-worker-7" daemon [_thread_blocked, id=23680, stack(0x000000e19d300000,0x000000e19d400000)]

Other Threads:
  0x000002c327b48800 VMThread "VM Thread" [stack: 0x000000e19bd00000,0x000000e19be00000] [id=7808]
  0x000002c328c29800 WatcherThread [stack: 0x000000e19c700000,0x000000e19c800000] [id=7524]
  0x000002c30dc55800 GCTaskThread "GC Thread#0" [stack: 0x000000e19b800000,0x000000e19b900000] [id=19072]
  0x000002c329257800 GCTaskThread "GC Thread#1" [stack: 0x000000e19c900000,0x000000e19ca00000] [id=6560]
  0x000002c329224800 GCTaskThread "GC Thread#2" [stack: 0x000000e19ca00000,0x000000e19cb00000] [id=19740]
  0x000002c32906e000 GCTaskThread "GC Thread#3" [stack: 0x000000e19cb00000,0x000000e19cc00000] [id=23464]
  0x000002c30dc67800 ConcurrentGCThread "G1 Main Marker" [stack: 0x000000e19b900000,0x000000e19ba00000] [id=5548]
  0x000002c30dc6a800 ConcurrentGCThread "G1 Conc#0" [stack: 0x000000e19ba00000,0x000000e19bb00000] [id=21736]
  0x000002c32798c800 ConcurrentGCThread "G1 Refine#0" [stack: 0x000000e19bb00000,0x000000e19bc00000] [id=23468]
  0x000002c32928a800 ConcurrentGCThread "G1 Refine#1" [stack: 0x000000e19d000000,0x000000e19d100000] [id=3572]
  0x000002c32798f000 ConcurrentGCThread "G1 Young RemSet Sampling" [stack: 0x000000e19bc00000,0x000000e19bd00000] [id=10912]

Threads with active compile tasks:
C2 CompilerThread1    12117 5593       4       org.aspectj.weaver.bcel.BcelWeaver::weave (1242 bytes)

VM state:not at safepoint (normal execution)

VM Mutex/Monitor currently owned by a thread: None

Heap address: 0x00000000e0000000, size: 512 MB, Compressed Oops mode: 32-bit
Narrow klass base: 0x0000000000000000, Narrow klass shift: 3
Compressed class space size: 1073741824 Address: 0x0000000100000000

Heap:
 garbage-first heap   total 194560K, used 110627K [0x00000000e0000000, 0x0000000100000000)
  region size 1024K, 30 young (30720K), 7 survivors (7168K)
 Metaspace       used 49387K, capacity 50844K, committed 51200K, reserved 1093632K
  class space    used 5400K, capacity 6027K, committed 6144K, reserved 1048576K
Heap Regions: E=young(eden), S=young(survivor), O=old, HS=humongous(starts), HC=humongous(continues), CS=collection set, F=free, A=archive, TAMS=top-at-mark-start (previous, next)
|   0|0x00000000e0000000, 0x00000000e0100000, 0x00000000e0100000|100%| O|  |TAMS 0x00000000e0100000, 0x00000000e0000000| Untracked 
|   1|0x00000000e0100000, 0x00000000e0200000, 0x00000000e0200000|100%| O|  |TAMS 0x00000000e0200000, 0x00000000e0100000| Untracked 
|   2|0x00000000e0200000, 0x00000000e0300000, 0x00000000e0300000|100%| O|  |TAMS 0x00000000e0300000, 0x00000000e0200000| Untracked 
|   3|0x00000000e0300000, 0x00000000e0400000, 0x00000000e0400000|100%| O|  |TAMS 0x00000000e0400000, 0x00000000e0300000| Untracked 
|   4|0x00000000e0400000, 0x00000000e0500000, 0x00000000e0500000|100%| O|  |TAMS 0x00000000e0500000, 0x00000000e0400000| Untracked 
|   5|0x00000000e0500000, 0x00000000e0600000, 0x00000000e0600000|100%| O|  |TAMS 0x00000000e0600000, 0x00000000e0500000| Untracked 
|   6|0x00000000e0600000, 0x00000000e0700000, 0x00000000e0700000|100%| O|  |TAMS 0x00000000e0700000, 0x00000000e0600000| Untracked 
|   7|0x00000000e0700000, 0x00000000e0800000, 0x00000000e0800000|100%| O|  |TAMS 0x00000000e0800000, 0x00000000e0700000| Untracked 
|   8|0x00000000e0800000, 0x00000000e0900000, 0x00000000e0900000|100%| O|  |TAMS 0x00000000e0900000, 0x00000000e0800000| Untracked 
|   9|0x00000000e0900000, 0x00000000e0a00000, 0x00000000e0a00000|100%| O|  |TAMS 0x00000000e0a00000, 0x00000000e0900000| Untracked 
|  10|0x00000000e0a00000, 0x00000000e0b00000, 0x00000000e0b00000|100%| O|  |TAMS 0x00000000e0b00000, 0x00000000e0a00000| Untracked 
|  11|0x00000000e0b00000, 0x00000000e0c00000, 0x00000000e0c00000|100%| O|  |TAMS 0x00000000e0c00000, 0x00000000e0b00000| Untracked 
|  12|0x00000000e0c00000, 0x00000000e0d00000, 0x00000000e0d00000|100%| O|  |TAMS 0x00000000e0d00000, 0x00000000e0c00000| Untracked 
|  13|0x00000000e0d00000, 0x00000000e0e00000, 0x00000000e0e00000|100%| O|  |TAMS 0x00000000e0e00000, 0x00000000e0d00000| Untracked 
|  14|0x00000000e0e00000, 0x00000000e0f00000, 0x00000000e0f00000|100%| O|  |TAMS 0x00000000e0f00000, 0x00000000e0e00000| Untracked 
|  15|0x00000000e0f00000, 0x00000000e1000000, 0x00000000e1000000|100%| O|  |TAMS 0x00000000e1000000, 0x00000000e0f00000| Untracked 
|  16|0x00000000e1000000, 0x00000000e1100000, 0x00000000e1100000|100%| O|  |TAMS 0x00000000e1100000, 0x00000000e1000000| Untracked 
|  17|0x00000000e1100000, 0x00000000e1200000, 0x00000000e1200000|100%| O|  |TAMS 0x00000000e1200000, 0x00000000e1100000| Untracked 
|  18|0x00000000e1200000, 0x00000000e1300000, 0x00000000e1300000|100%| O|  |TAMS 0x00000000e1300000, 0x00000000e1200000| Untracked 
|  19|0x00000000e1300000, 0x00000000e1400000, 0x00000000e1400000|100%| O|  |TAMS 0x00000000e1400000, 0x00000000e1300000| Untracked 
|  20|0x00000000e1400000, 0x00000000e1500000, 0x00000000e1500000|100%| O|  |TAMS 0x00000000e1500000, 0x00000000e1400000| Untracked 
|  21|0x00000000e1500000, 0x00000000e1600000, 0x00000000e1600000|100%| O|  |TAMS 0x00000000e1600000, 0x00000000e1500000| Untracked 
|  22|0x00000000e1600000, 0x00000000e1700000, 0x00000000e1700000|100%| O|  |TAMS 0x00000000e1700000, 0x00000000e1600000| Untracked 
|  23|0x00000000e1700000, 0x00000000e1800000, 0x00000000e1800000|100%| O|  |TAMS 0x00000000e1800000, 0x00000000e1700000| Untracked 
|  24|0x00000000e1800000, 0x00000000e1900000, 0x00000000e1900000|100%| O|  |TAMS 0x00000000e1900000, 0x00000000e1800000| Untracked 
|  25|0x00000000e1900000, 0x00000000e1a00000, 0x00000000e1a00000|100%| O|  |TAMS 0x00000000e1a00000, 0x00000000e1900000| Untracked 
|  26|0x00000000e1a00000, 0x00000000e1b00000, 0x00000000e1b00000|100%| O|  |TAMS 0x00000000e1b00000, 0x00000000e1a00000| Untracked 
|  27|0x00000000e1b00000, 0x00000000e1c00000, 0x00000000e1c00000|100%| O|  |TAMS 0x00000000e1c00000, 0x00000000e1b00000| Untracked 
|  28|0x00000000e1c00000, 0x00000000e1d00000, 0x00000000e1d00000|100%| O|  |TAMS 0x00000000e1d00000, 0x00000000e1c00000| Untracked 
|  29|0x00000000e1d00000, 0x00000000e1e00000, 0x00000000e1e00000|100%| O|  |TAMS 0x00000000e1e00000, 0x00000000e1d00000| Untracked 
|  30|0x00000000e1e00000, 0x00000000e1f00000, 0x00000000e1f00000|100%| O|  |TAMS 0x00000000e1f00000, 0x00000000e1e00000| Untracked 
|  31|0x00000000e1f00000, 0x00000000e2000000, 0x00000000e2000000|100%| O|  |TAMS 0x00000000e2000000, 0x00000000e1f00000| Untracked 
|  32|0x00000000e2000000, 0x00000000e2100000, 0x00000000e2100000|100%| O|  |TAMS 0x00000000e2100000, 0x00000000e2000000| Untracked 
|  33|0x00000000e2100000, 0x00000000e2200000, 0x00000000e2200000|100%| O|  |TAMS 0x00000000e2200000, 0x00000000e2100000| Untracked 
|  34|0x00000000e2200000, 0x00000000e2300000, 0x00000000e2300000|100%| O|  |TAMS 0x00000000e2300000, 0x00000000e2200000| Untracked 
|  35|0x00000000e2300000, 0x00000000e2400000, 0x00000000e2400000|100%| O|  |TAMS 0x00000000e2400000, 0x00000000e2300000| Untracked 
|  36|0x00000000e2400000, 0x00000000e2500000, 0x00000000e2500000|100%| O|  |TAMS 0x00000000e2500000, 0x00000000e2400000| Untracked 
|  37|0x00000000e2500000, 0x00000000e2600000, 0x00000000e2600000|100%| O|  |TAMS 0x00000000e2600000, 0x00000000e2500000| Untracked 
|  38|0x00000000e2600000, 0x00000000e2700000, 0x00000000e2700000|100%| O|  |TAMS 0x00000000e2700000, 0x00000000e2600000| Untracked 
|  39|0x00000000e2700000, 0x00000000e2800000, 0x00000000e2800000|100%| O|  |TAMS 0x00000000e2800000, 0x00000000e2700000| Untracked 
|  40|0x00000000e2800000, 0x00000000e2900000, 0x00000000e2900000|100%| O|  |TAMS 0x00000000e2900000, 0x00000000e2800000| Untracked 
|  41|0x00000000e2900000, 0x00000000e2a00000, 0x00000000e2a00000|100%| O|  |TAMS 0x00000000e2a00000, 0x00000000e2900000| Untracked 
|  42|0x00000000e2a00000, 0x00000000e2b00000, 0x00000000e2b00000|100%| O|  |TAMS 0x00000000e2b00000, 0x00000000e2a00000| Untracked 
|  43|0x00000000e2b00000, 0x00000000e2c00000, 0x00000000e2c00000|100%| O|  |TAMS 0x00000000e2c00000, 0x00000000e2b00000| Untracked 
|  44|0x00000000e2c00000, 0x00000000e2d00000, 0x00000000e2d00000|100%| O|  |TAMS 0x00000000e2d00000, 0x00000000e2c00000| Untracked 
|  45|0x00000000e2d00000, 0x00000000e2e00000, 0x00000000e2e00000|100%| O|  |TAMS 0x00000000e2e00000, 0x00000000e2d00000| Untracked 
|  46|0x00000000e2e00000, 0x00000000e2f00000, 0x00000000e2f00000|100%| O|  |TAMS 0x00000000e2e00000, 0x00000000e2e00000| Untracked 
|  47|0x00000000e2f00000, 0x00000000e3000000, 0x00000000e3000000|100%| O|  |TAMS 0x00000000e2f00000, 0x00000000e2f00000| Untracked 
|  48|0x00000000e3000000, 0x00000000e3100000, 0x00000000e3100000|100%| O|  |TAMS 0x00000000e3000000, 0x00000000e3000000| Untracked 
|  49|0x00000000e3100000, 0x00000000e3200000, 0x00000000e3200000|100%| O|  |TAMS 0x00000000e3100000, 0x00000000e3100000| Untracked 
|  50|0x00000000e3200000, 0x00000000e3300000, 0x00000000e3300000|100%| O|  |TAMS 0x00000000e3200000, 0x00000000e3200000| Untracked 
|  51|0x00000000e3300000, 0x00000000e3400000, 0x00000000e3400000|100%| O|  |TAMS 0x00000000e3400000, 0x00000000e3300000| Untracked 
|  52|0x00000000e3400000, 0x00000000e3500000, 0x00000000e3500000|100%| O|  |TAMS 0x00000000e3500000, 0x00000000e3400000| Untracked 
|  53|0x00000000e3500000, 0x00000000e3600000, 0x00000000e3600000|100%| O|  |TAMS 0x00000000e3600000, 0x00000000e3500000| Untracked 
|  54|0x00000000e3600000, 0x00000000e3700000, 0x00000000e3700000|100%| O|  |TAMS 0x00000000e3700000, 0x00000000e3600000| Untracked 
|  55|0x00000000e3700000, 0x00000000e3800000, 0x00000000e3800000|100%| O|  |TAMS 0x00000000e3800000, 0x00000000e3700000| Untracked 
|  56|0x00000000e3800000, 0x00000000e3900000, 0x00000000e3900000|100%| O|  |TAMS 0x00000000e3892800, 0x00000000e3800000| Untracked 
|  57|0x00000000e3900000, 0x00000000e3a00000, 0x00000000e3a00000|100%| O|  |TAMS 0x00000000e3900000, 0x00000000e3900000| Untracked 
|  58|0x00000000e3a00000, 0x00000000e3b00000, 0x00000000e3b00000|100%| O|  |TAMS 0x00000000e3a00000, 0x00000000e3a00000| Untracked 
|  59|0x00000000e3b00000, 0x00000000e3c00000, 0x00000000e3c00000|100%| O|  |TAMS 0x00000000e3b00000, 0x00000000e3b00000| Untracked 
|  60|0x00000000e3c00000, 0x00000000e3d00000, 0x00000000e3d00000|100%| O|  |TAMS 0x00000000e3c00000, 0x00000000e3c00000| Untracked 
|  61|0x00000000e3d00000, 0x00000000e3e00000, 0x00000000e3e00000|100%| O|  |TAMS 0x00000000e3d00000, 0x00000000e3d00000| Untracked 
|  62|0x00000000e3e00000, 0x00000000e3f00000, 0x00000000e3f00000|100%| O|  |TAMS 0x00000000e3e00000, 0x00000000e3e00000| Untracked 
|  63|0x00000000e3f00000, 0x00000000e4000000, 0x00000000e4000000|100%| O|  |TAMS 0x00000000e3f00000, 0x00000000e3f00000| Untracked 
|  64|0x00000000e4000000, 0x00000000e4100000, 0x00000000e4100000|100%| O|  |TAMS 0x00000000e4000000, 0x00000000e4000000| Untracked 
|  65|0x00000000e4100000, 0x00000000e4200000, 0x00000000e4200000|100%| O|  |TAMS 0x00000000e4100000, 0x00000000e4100000| Untracked 
|  66|0x00000000e4200000, 0x00000000e4300000, 0x00000000e4300000|100%| O|  |TAMS 0x00000000e4200000, 0x00000000e4200000| Untracked 
|  67|0x00000000e4300000, 0x00000000e4400000, 0x00000000e4400000|100%| O|  |TAMS 0x00000000e4300000, 0x00000000e4300000| Untracked 
|  68|0x00000000e4400000, 0x00000000e4500000, 0x00000000e4500000|100%| O|  |TAMS 0x00000000e4400000, 0x00000000e4400000| Untracked 
|  69|0x00000000e4500000, 0x00000000e4600000, 0x00000000e4600000|100%| O|  |TAMS 0x00000000e4500000, 0x00000000e4500000| Untracked 
|  70|0x00000000e4600000, 0x00000000e4700000, 0x00000000e4700000|100%| O|  |TAMS 0x00000000e4600000, 0x00000000e4600000| Untracked 
|  71|0x00000000e4700000, 0x00000000e4800000, 0x00000000e4800000|100%| O|  |TAMS 0x00000000e4700000, 0x00000000e4700000| Untracked 
|  72|0x00000000e4800000, 0x00000000e4900000, 0x00000000e4900000|100%| O|  |TAMS 0x00000000e4800000, 0x00000000e4800000| Untracked 
|  73|0x00000000e4900000, 0x00000000e4a00000, 0x00000000e4a00000|100%| O|  |TAMS 0x00000000e4900000, 0x00000000e4900000| Untracked 
|  74|0x00000000e4a00000, 0x00000000e4b00000, 0x00000000e4b00000|100%| O|  |TAMS 0x00000000e4a00000, 0x00000000e4a00000| Untracked 
|  75|0x00000000e4b00000, 0x00000000e4c00000, 0x00000000e4c00000|100%| O|  |TAMS 0x00000000e4b00000, 0x00000000e4b00000| Untracked 
|  76|0x00000000e4c00000, 0x00000000e4d00000, 0x00000000e4d00000|100%| O|  |TAMS 0x00000000e4c00000, 0x00000000e4c00000| Untracked 
|  77|0x00000000e4d00000, 0x00000000e4e00000, 0x00000000e4e00000|100%| O|  |TAMS 0x00000000e4d00000, 0x00000000e4d00000| Untracked 
|  78|0x00000000e4e00000, 0x00000000e4f00000, 0x00000000e4f00000|100%| O|  |TAMS 0x00000000e4e00000, 0x00000000e4e00000| Untracked 
|  79|0x00000000e4f00000, 0x00000000e4f6c600, 0x00000000e5000000| 42%| O|  |TAMS 0x00000000e4f00000, 0x00000000e4f00000| Untracked 
|  80|0x00000000e5000000, 0x00000000e5000000, 0x00000000e5100000|  0%| F|  |TAMS 0x00000000e5000000, 0x00000000e5000000| Untracked 
|  81|0x00000000e5100000, 0x00000000e5100000, 0x00000000e5200000|  0%| F|  |TAMS 0x00000000e5100000, 0x00000000e5100000| Untracked 
|  82|0x00000000e5200000, 0x00000000e5200000, 0x00000000e5300000|  0%| F|  |TAMS 0x00000000e5200000, 0x00000000e5200000| Untracked 
|  83|0x00000000e5300000, 0x00000000e5300000, 0x00000000e5400000|  0%| F|  |TAMS 0x00000000e5300000, 0x00000000e5300000| Untracked 
|  84|0x00000000e5400000, 0x00000000e5400000, 0x00000000e5500000|  0%| F|  |TAMS 0x00000000e5400000, 0x00000000e5400000| Untracked 
|  85|0x00000000e5500000, 0x00000000e5500000, 0x00000000e5600000|  0%| F|  |TAMS 0x00000000e5500000, 0x00000000e5500000| Untracked 
|  86|0x00000000e5600000, 0x00000000e5600000, 0x00000000e5700000|  0%| F|  |TAMS 0x00000000e5600000, 0x00000000e5600000| Untracked 
|  87|0x00000000e5700000, 0x00000000e5700000, 0x00000000e5800000|  0%| F|  |TAMS 0x00000000e5700000, 0x00000000e5700000| Untracked 
|  88|0x00000000e5800000, 0x00000000e5800000, 0x00000000e5900000|  0%| F|  |TAMS 0x00000000e5800000, 0x00000000e5800000| Untracked 
|  89|0x00000000e5900000, 0x00000000e5900000, 0x00000000e5a00000|  0%| F|  |TAMS 0x00000000e5900000, 0x00000000e5900000| Untracked 
|  90|0x00000000e5a00000, 0x00000000e5a00000, 0x00000000e5b00000|  0%| F|  |TAMS 0x00000000e5a00000, 0x00000000e5a00000| Untracked 
|  91|0x00000000e5b00000, 0x00000000e5b00000, 0x00000000e5c00000|  0%| F|  |TAMS 0x00000000e5b00000, 0x00000000e5b00000| Untracked 
|  92|0x00000000e5c00000, 0x00000000e5c00000, 0x00000000e5d00000|  0%| F|  |TAMS 0x00000000e5c00000, 0x00000000e5c00000| Untracked 
|  93|0x00000000e5d00000, 0x00000000e5d00000, 0x00000000e5e00000|  0%| F|  |TAMS 0x00000000e5d00000, 0x00000000e5d00000| Untracked 
|  94|0x00000000e5e00000, 0x00000000e5e00000, 0x00000000e5f00000|  0%| F|  |TAMS 0x00000000e5e00000, 0x00000000e5e00000| Untracked 
|  95|0x00000000e5f00000, 0x00000000e5f00000, 0x00000000e6000000|  0%| F|  |TAMS 0x00000000e5f00000, 0x00000000e5f00000| Untracked 
|  96|0x00000000e6000000, 0x00000000e6000000, 0x00000000e6100000|  0%| F|  |TAMS 0x00000000e6000000, 0x00000000e6000000| Untracked 
|  97|0x00000000e6100000, 0x00000000e6100000, 0x00000000e6200000|  0%| F|  |TAMS 0x00000000e6100000, 0x00000000e6100000| Untracked 
|  98|0x00000000e6200000, 0x00000000e6200000, 0x00000000e6300000|  0%| F|  |TAMS 0x00000000e6200000, 0x00000000e6200000| Untracked 
|  99|0x00000000e6300000, 0x00000000e6300000, 0x00000000e6400000|  0%| F|  |TAMS 0x00000000e6300000, 0x00000000e6300000| Untracked 
| 100|0x00000000e6400000, 0x00000000e6400000, 0x00000000e6500000|  0%| F|  |TAMS 0x00000000e6400000, 0x00000000e6400000| Untracked 
| 101|0x00000000e6500000, 0x00000000e6500000, 0x00000000e6600000|  0%| F|  |TAMS 0x00000000e6500000, 0x00000000e6500000| Untracked 
| 102|0x00000000e6600000, 0x00000000e6600000, 0x00000000e6700000|  0%| F|  |TAMS 0x00000000e6600000, 0x00000000e6600000| Untracked 
| 103|0x00000000e6700000, 0x00000000e6700000, 0x00000000e6800000|  0%| F|  |TAMS 0x00000000e6700000, 0x00000000e6700000| Untracked 
| 104|0x00000000e6800000, 0x00000000e6800000, 0x00000000e6900000|  0%| F|  |TAMS 0x00000000e6800000, 0x00000000e6800000| Untracked 
| 105|0x00000000e6900000, 0x00000000e6900000, 0x00000000e6a00000|  0%| F|  |TAMS 0x00000000e6900000, 0x00000000e6900000| Untracked 
| 106|0x00000000e6a00000, 0x00000000e6a00000, 0x00000000e6b00000|  0%| F|  |TAMS 0x00000000e6a00000, 0x00000000e6a00000| Untracked 
| 107|0x00000000e6b00000, 0x00000000e6b00000, 0x00000000e6c00000|  0%| F|  |TAMS 0x00000000e6b00000, 0x00000000e6b00000| Untracked 
| 108|0x00000000e6c00000, 0x00000000e6c00000, 0x00000000e6d00000|  0%| F|  |TAMS 0x00000000e6c00000, 0x00000000e6c00000| Untracked 
| 109|0x00000000e6d00000, 0x00000000e6d00000, 0x00000000e6e00000|  0%| F|  |TAMS 0x00000000e6d00000, 0x00000000e6d00000| Untracked 
| 110|0x00000000e6e00000, 0x00000000e6e9c750, 0x00000000e6f00000| 61%| S|CS|TAMS 0x00000000e6e00000, 0x00000000e6e00000| Complete 
| 111|0x00000000e6f00000, 0x00000000e7000000, 0x00000000e7000000|100%| S|CS|TAMS 0x00000000e6f00000, 0x00000000e6f00000| Complete 
| 112|0x00000000e7000000, 0x00000000e7100000, 0x00000000e7100000|100%| S|CS|TAMS 0x00000000e7000000, 0x00000000e7000000| Complete 
| 113|0x00000000e7100000, 0x00000000e7100000, 0x00000000e7200000|  0%| F|  |TAMS 0x00000000e7100000, 0x00000000e7100000| Untracked 
| 114|0x00000000e7200000, 0x00000000e7200000, 0x00000000e7300000|  0%| F|  |TAMS 0x00000000e7200000, 0x00000000e7200000| Untracked 
| 115|0x00000000e7300000, 0x00000000e7400000, 0x00000000e7400000|100%| S|CS|TAMS 0x00000000e7300000, 0x00000000e7300000| Complete 
| 116|0x00000000e7400000, 0x00000000e7500000, 0x00000000e7500000|100%| S|CS|TAMS 0x00000000e7400000, 0x00000000e7400000| Complete 
| 117|0x00000000e7500000, 0x00000000e7600000, 0x00000000e7600000|100%| S|CS|TAMS 0x00000000e7500000, 0x00000000e7500000| Complete 
| 118|0x00000000e7600000, 0x00000000e7700000, 0x00000000e7700000|100%| S|CS|TAMS 0x00000000e7600000, 0x00000000e7600000| Complete 
| 119|0x00000000e7700000, 0x00000000e7700000, 0x00000000e7800000|  0%| F|  |TAMS 0x00000000e7700000, 0x00000000e7700000| Untracked 
| 120|0x00000000e7800000, 0x00000000e7800000, 0x00000000e7900000|  0%| F|  |TAMS 0x00000000e7800000, 0x00000000e7800000| Untracked 
| 121|0x00000000e7900000, 0x00000000e7900000, 0x00000000e7a00000|  0%| F|  |TAMS 0x00000000e7900000, 0x00000000e7900000| Untracked 
| 122|0x00000000e7a00000, 0x00000000e7a00000, 0x00000000e7b00000|  0%| F|  |TAMS 0x00000000e7a00000, 0x00000000e7a00000| Untracked 
| 123|0x00000000e7b00000, 0x00000000e7b00000, 0x00000000e7c00000|  0%| F|  |TAMS 0x00000000e7b00000, 0x00000000e7b00000| Untracked 
| 124|0x00000000e7c00000, 0x00000000e7c00000, 0x00000000e7d00000|  0%| F|  |TAMS 0x00000000e7c00000, 0x00000000e7c00000| Untracked 
| 125|0x00000000e7d00000, 0x00000000e7d00000, 0x00000000e7e00000|  0%| F|  |TAMS 0x00000000e7d00000, 0x00000000e7d00000| Untracked 
| 126|0x00000000e7e00000, 0x00000000e7e00000, 0x00000000e7f00000|  0%| F|  |TAMS 0x00000000e7e00000, 0x00000000e7e00000| Untracked 
| 127|0x00000000e7f00000, 0x00000000e7f00000, 0x00000000e8000000|  0%| F|  |TAMS 0x00000000e7f00000, 0x00000000e7f00000| Untracked 
| 128|0x00000000e8000000, 0x00000000e8000000, 0x00000000e8100000|  0%| F|  |TAMS 0x00000000e8000000, 0x00000000e8000000| Untracked 
| 129|0x00000000e8100000, 0x00000000e8100000, 0x00000000e8200000|  0%| F|  |TAMS 0x00000000e8100000, 0x00000000e8100000| Untracked 
| 130|0x00000000e8200000, 0x00000000e8200000, 0x00000000e8300000|  0%| F|  |TAMS 0x00000000e8200000, 0x00000000e8200000| Untracked 
| 131|0x00000000e8300000, 0x00000000e8300000, 0x00000000e8400000|  0%| F|  |TAMS 0x00000000e8300000, 0x00000000e8300000| Untracked 
| 132|0x00000000e8400000, 0x00000000e8400000, 0x00000000e8500000|  0%| F|  |TAMS 0x00000000e8400000, 0x00000000e8400000| Untracked 
| 133|0x00000000e8500000, 0x00000000e8500000, 0x00000000e8600000|  0%| F|  |TAMS 0x00000000e8500000, 0x00000000e8500000| Untracked 
| 134|0x00000000e8600000, 0x00000000e8600000, 0x00000000e8700000|  0%| F|  |TAMS 0x00000000e8600000, 0x00000000e8600000| Untracked 
| 135|0x00000000e8700000, 0x00000000e8700000, 0x00000000e8800000|  0%| F|  |TAMS 0x00000000e8700000, 0x00000000e8700000| Untracked 
| 136|0x00000000e8800000, 0x00000000e8800000, 0x00000000e8900000|  0%| F|  |TAMS 0x00000000e8800000, 0x00000000e8800000| Untracked 
| 137|0x00000000e8900000, 0x00000000e8900000, 0x00000000e8a00000|  0%| F|  |TAMS 0x00000000e8900000, 0x00000000e8900000| Untracked 
| 138|0x00000000e8a00000, 0x00000000e8a00000, 0x00000000e8b00000|  0%| F|  |TAMS 0x00000000e8a00000, 0x00000000e8a00000| Untracked 
| 139|0x00000000e8b00000, 0x00000000e8b00000, 0x00000000e8c00000|  0%| F|  |TAMS 0x00000000e8b00000, 0x00000000e8b00000| Untracked 
| 140|0x00000000e8c00000, 0x00000000e8c00000, 0x00000000e8d00000|  0%| F|  |TAMS 0x00000000e8c00000, 0x00000000e8c00000| Untracked 
| 141|0x00000000e8d00000, 0x00000000e8d00000, 0x00000000e8e00000|  0%| F|  |TAMS 0x00000000e8d00000, 0x00000000e8d00000| Untracked 
| 142|0x00000000e8e00000, 0x00000000e8e00000, 0x00000000e8f00000|  0%| F|  |TAMS 0x00000000e8e00000, 0x00000000e8e00000| Untracked 
| 143|0x00000000e8f00000, 0x00000000e8f00000, 0x00000000e9000000|  0%| F|  |TAMS 0x00000000e8f00000, 0x00000000e8f00000| Untracked 
| 144|0x00000000e9000000, 0x00000000e9000000, 0x00000000e9100000|  0%| F|  |TAMS 0x00000000e9000000, 0x00000000e9000000| Untracked 
| 145|0x00000000e9100000, 0x00000000e9100000, 0x00000000e9200000|  0%| F|  |TAMS 0x00000000e9100000, 0x00000000e9100000| Untracked 
| 146|0x00000000e9200000, 0x00000000e9200000, 0x00000000e9300000|  0%| F|  |TAMS 0x00000000e9200000, 0x00000000e9200000| Untracked 
| 147|0x00000000e9300000, 0x00000000e9300000, 0x00000000e9400000|  0%| F|  |TAMS 0x00000000e9300000, 0x00000000e9300000| Untracked 
| 148|0x00000000e9400000, 0x00000000e9400000, 0x00000000e9500000|  0%| F|  |TAMS 0x00000000e9400000, 0x00000000e9400000| Untracked 
| 149|0x00000000e9500000, 0x00000000e9500000, 0x00000000e9600000|  0%| F|  |TAMS 0x00000000e9500000, 0x00000000e9500000| Untracked 
| 150|0x00000000e9600000, 0x00000000e9600000, 0x00000000e9700000|  0%| F|  |TAMS 0x00000000e9600000, 0x00000000e9600000| Untracked 
| 151|0x00000000e9700000, 0x00000000e9700000, 0x00000000e9800000|  0%| F|  |TAMS 0x00000000e9700000, 0x00000000e9700000| Untracked 
| 152|0x00000000e9800000, 0x00000000e9800000, 0x00000000e9900000|  0%| F|  |TAMS 0x00000000e9800000, 0x00000000e9800000| Untracked 
| 153|0x00000000e9900000, 0x00000000e9900000, 0x00000000e9a00000|  0%| F|  |TAMS 0x00000000e9900000, 0x00000000e9900000| Untracked 
| 154|0x00000000e9a00000, 0x00000000e9a00000, 0x00000000e9b00000|  0%| F|  |TAMS 0x00000000e9a00000, 0x00000000e9a00000| Untracked 
| 155|0x00000000e9b00000, 0x00000000e9b00000, 0x00000000e9c00000|  0%| F|  |TAMS 0x00000000e9b00000, 0x00000000e9b00000| Untracked 
| 156|0x00000000e9c00000, 0x00000000e9c00000, 0x00000000e9d00000|  0%| F|  |TAMS 0x00000000e9c00000, 0x00000000e9c00000| Untracked 
| 157|0x00000000e9d00000, 0x00000000e9d00000, 0x00000000e9e00000|  0%| F|  |TAMS 0x00000000e9d00000, 0x00000000e9d00000| Untracked 
| 158|0x00000000e9e00000, 0x00000000e9e00000, 0x00000000e9f00000|  0%| F|  |TAMS 0x00000000e9e00000, 0x00000000e9e00000| Untracked 
| 159|0x00000000e9f00000, 0x00000000e9f00000, 0x00000000ea000000|  0%| F|  |TAMS 0x00000000e9f00000, 0x00000000e9f00000| Untracked 
| 160|0x00000000ea000000, 0x00000000ea000000, 0x00000000ea100000|  0%| F|  |TAMS 0x00000000ea000000, 0x00000000ea000000| Untracked 
| 161|0x00000000ea100000, 0x00000000ea100000, 0x00000000ea200000|  0%| F|  |TAMS 0x00000000ea100000, 0x00000000ea100000| Untracked 
| 162|0x00000000ea200000, 0x00000000ea200000, 0x00000000ea300000|  0%| F|  |TAMS 0x00000000ea200000, 0x00000000ea200000| Untracked 
| 163|0x00000000ea300000, 0x00000000ea300000, 0x00000000ea400000|  0%| F|  |TAMS 0x00000000ea300000, 0x00000000ea300000| Untracked 
| 164|0x00000000ea400000, 0x00000000ea400000, 0x00000000ea500000|  0%| F|  |TAMS 0x00000000ea400000, 0x00000000ea400000| Untracked 
| 165|0x00000000ea500000, 0x00000000ea500000, 0x00000000ea600000|  0%| F|  |TAMS 0x00000000ea500000, 0x00000000ea500000| Untracked 
| 166|0x00000000ea600000, 0x00000000ea600000, 0x00000000ea700000|  0%| F|  |TAMS 0x00000000ea600000, 0x00000000ea600000| Untracked 
| 167|0x00000000ea700000, 0x00000000ea780800, 0x00000000ea800000| 50%| E|  |TAMS 0x00000000ea700000, 0x00000000ea700000| Complete 
| 168|0x00000000ea800000, 0x00000000ea900000, 0x00000000ea900000|100%| E|CS|TAMS 0x00000000ea800000, 0x00000000ea800000| Complete 
| 169|0x00000000ea900000, 0x00000000eaa00000, 0x00000000eaa00000|100%| E|CS|TAMS 0x00000000ea900000, 0x00000000ea900000| Complete 
| 170|0x00000000eaa00000, 0x00000000eab00000, 0x00000000eab00000|100%| E|CS|TAMS 0x00000000eaa00000, 0x00000000eaa00000| Complete 
| 171|0x00000000eab00000, 0x00000000eac00000, 0x00000000eac00000|100%| E|CS|TAMS 0x00000000eab00000, 0x00000000eab00000| Complete 
| 172|0x00000000eac00000, 0x00000000ead00000, 0x00000000ead00000|100%| E|CS|TAMS 0x00000000eac00000, 0x00000000eac00000| Complete 
| 173|0x00000000ead00000, 0x00000000eae00000, 0x00000000eae00000|100%| E|CS|TAMS 0x00000000ead00000, 0x00000000ead00000| Complete 
| 174|0x00000000eae00000, 0x00000000eaf00000, 0x00000000eaf00000|100%| E|CS|TAMS 0x00000000eae00000, 0x00000000eae00000| Complete 
| 175|0x00000000eaf00000, 0x00000000eb000000, 0x00000000eb000000|100%| E|CS|TAMS 0x00000000eaf00000, 0x00000000eaf00000| Complete 
| 176|0x00000000eb000000, 0x00000000eb100000, 0x00000000eb100000|100%| E|CS|TAMS 0x00000000eb000000, 0x00000000eb000000| Complete 
| 177|0x00000000eb100000, 0x00000000eb200000, 0x00000000eb200000|100%| E|CS|TAMS 0x00000000eb100000, 0x00000000eb100000| Complete 
| 178|0x00000000eb200000, 0x00000000eb300000, 0x00000000eb300000|100%| E|CS|TAMS 0x00000000eb200000, 0x00000000eb200000| Complete 
| 179|0x00000000eb300000, 0x00000000eb400000, 0x00000000eb400000|100%| E|CS|TAMS 0x00000000eb300000, 0x00000000eb300000| Complete 
| 180|0x00000000eb400000, 0x00000000eb500000, 0x00000000eb500000|100%| E|CS|TAMS 0x00000000eb400000, 0x00000000eb400000| Complete 
| 181|0x00000000eb500000, 0x00000000eb600000, 0x00000000eb600000|100%| E|CS|TAMS 0x00000000eb500000, 0x00000000eb500000| Complete 
| 182|0x00000000eb600000, 0x00000000eb700000, 0x00000000eb700000|100%| E|CS|TAMS 0x00000000eb600000, 0x00000000eb600000| Complete 
| 183|0x00000000eb700000, 0x00000000eb800000, 0x00000000eb800000|100%| E|CS|TAMS 0x00000000eb700000, 0x00000000eb700000| Complete 
| 184|0x00000000eb800000, 0x00000000eb900000, 0x00000000eb900000|100%| E|CS|TAMS 0x00000000eb800000, 0x00000000eb800000| Complete 
| 185|0x00000000eb900000, 0x00000000eba00000, 0x00000000eba00000|100%| E|CS|TAMS 0x00000000eb900000, 0x00000000eb900000| Complete 
| 186|0x00000000eba00000, 0x00000000ebb00000, 0x00000000ebb00000|100%| E|CS|TAMS 0x00000000eba00000, 0x00000000eba00000| Complete 
| 187|0x00000000ebb00000, 0x00000000ebc00000, 0x00000000ebc00000|100%| E|CS|TAMS 0x00000000ebb00000, 0x00000000ebb00000| Complete 
| 188|0x00000000ebc00000, 0x00000000ebd00000, 0x00000000ebd00000|100%| E|CS|TAMS 0x00000000ebc00000, 0x00000000ebc00000| Complete 
| 189|0x00000000ebd00000, 0x00000000ebe00000, 0x00000000ebe00000|100%| E|CS|TAMS 0x00000000ebd00000, 0x00000000ebd00000| Complete 

Card table byte_map: [0x000002c324310000,0x000002c324410000] _byte_map_base: 0x000002c323c10000

Marking Bits (Prev, Next): (CMBitMap*) 0x000002c30dc64ae0, (CMBitMap*) 0x000002c30dc64aa8
 Prev Bits: [0x000002c324d10000, 0x000002c325510000)
 Next Bits: [0x000002c324510000, 0x000002c324d10000)

Polling page: 0x000002c30bd70000

Metaspace:

Usage:
  Non-class:     43.77 MB capacity,    42.96 MB ( 98%) used,   706.46 KB (  2%) free+waste,   123.38 KB ( <1%) overhead. 
      Class:      5.89 MB capacity,     5.27 MB ( 90%) used,   564.81 KB (  9%) free+waste,    61.94 KB (  1%) overhead. 
       Both:     49.65 MB capacity,    48.23 MB ( 97%) used,     1.24 MB (  3%) free+waste,   185.31 KB ( <1%) overhead. 

Virtual space:
  Non-class space:       44.00 MB reserved,      44.00 MB (100%) committed 
      Class space:        1.00 GB reserved,       6.00 MB ( <1%) committed 
             Both:        1.04 GB reserved,      50.00 MB (  5%) committed 

Chunk freelists:
   Non-Class:  5.88 KB
       Class:  2.62 KB
        Both:  8.50 KB

CodeHeap 'non-profiled nmethods': size=120064Kb used=3635Kb max_used=3635Kb free=116428Kb
 bounds [0x000002c31cdd0000, 0x000002c31d160000, 0x000002c324310000]
CodeHeap 'profiled nmethods': size=120000Kb used=13700Kb max_used=13700Kb free=106299Kb
 bounds [0x000002c3158a0000, 0x000002c316610000, 0x000002c31cdd0000]
CodeHeap 'non-nmethods': size=5696Kb used=2209Kb max_used=2245Kb free=3486Kb
 bounds [0x000002c315310000, 0x000002c315580000, 0x000002c3158a0000]
 total_blobs=6310 nmethods=5530 adapters=691
 compilation: enabled
              stopped_count=0, restarted_count=0
 full_count=0

Compilation events (10 events):
Event: 11.735 Thread 0x000002c3283c1800 nmethod 5596 0x000002c3165fea90 code [0x000002c3165fec60, 0x000002c3165ff0c8]
Event: 11.735 Thread 0x000002c3283c1800 5597       3       org.aspectj.weaver.Shadow::<init> (45 bytes)
Event: 11.736 Thread 0x000002c3283c1800 nmethod 5597 0x000002c3165ff190 code [0x000002c3165ff340, 0x000002c3165ff698]
Event: 11.784 Thread 0x000002c3283c1800 5603       3       org.codehaus.groovy.runtime.InvokerHelper::getMetaClass (48 bytes)
Event: 11.786 Thread 0x000002c3283c1800 nmethod 5603 0x000002c3165ff790 code [0x000002c3165ffa60, 0x000002c316600d88]
Event: 11.923 Thread 0x000002c3283bb000 nmethod 5545 0x000002c31d151510 code [0x000002c31d151c80, 0x000002c31d1560d8]
Event: 11.924 Thread 0x000002c3283bb000 5602   !   4       java.net.URL::<init> (543 bytes)
Event: 12.043 Thread 0x000002c3283bb000 nmethod 5602 0x000002c31d157d90 code [0x000002c31d158100, 0x000002c31d15afd8]
Event: 12.043 Thread 0x000002c3283bb000 5599       4       org.aspectj.weaver.bcel.BcelMethod::getKind (16 bytes)
Event: 12.044 Thread 0x000002c3283bb000 nmethod 5599 0x000002c31d15ca10 code [0x000002c31d15cb80, 0x000002c31d15cbf8]

GC Heap History (10 events):
Event: 8.266 GC heap before
{Heap before GC invocations=13 (full 0):
 garbage-first heap   total 194560K, used 146151K [0x00000000e0000000, 0x0000000100000000)
  region size 1024K, 93 young (95232K), 9 survivors (9216K)
 Metaspace       used 38291K, capacity 39150K, committed 39296K, reserved 1083392K
  class space    used 4044K, capacity 4363K, committed 4480K, reserved 1048576K
}
Event: 8.292 GC heap after
{Heap after GC invocations=14 (full 0):
 garbage-first heap   total 194560K, used 64490K [0x00000000e0000000, 0x0000000100000000)
  region size 1024K, 12 young (12288K), 12 survivors (12288K)
 Metaspace       used 38291K, capacity 39150K, committed 39296K, reserved 1083392K
  class space    used 4044K, capacity 4363K, committed 4480K, reserved 1048576K
}
Event: 9.007 GC heap before
{Heap before GC invocations=15 (full 0):
 garbage-first heap   total 194560K, used 146410K [0x00000000e0000000, 0x0000000100000000)
  region size 1024K, 92 young (94208K), 12 survivors (12288K)
 Metaspace       used 41003K, capacity 41870K, committed 42112K, reserved 1087488K
  class space    used 4338K, capacity 4651K, committed 4736K, reserved 1048576K
}
Event: 9.029 GC heap after
{Heap after GC invocations=16 (full 0):
 garbage-first heap   total 194560K, used 70912K [0x00000000e0000000, 0x0000000100000000)
  region size 1024K, 7 young (7168K), 7 survivors (7168K)
 Metaspace       used 41003K, capacity 41870K, committed 42112K, reserved 1087488K
  class space    used 4338K, capacity 4651K, committed 4736K, reserved 1048576K
}
Event: 9.859 GC heap before
{Heap before GC invocations=16 (full 0):
 garbage-first heap   total 194560K, used 149760K [0x00000000e0000000, 0x0000000100000000)
  region size 1024K, 84 young (86016K), 7 survivors (7168K)
 Metaspace       used 43183K, capacity 44145K, committed 44416K, reserved 1089536K
  class space    used 4607K, capacity 4969K, committed 4992K, reserved 1048576K
}
Event: 9.874 GC heap after
{Heap after GC invocations=17 (full 0):
 garbage-first heap   total 194560K, used 75776K [0x00000000e0000000, 0x0000000100000000)
  region size 1024K, 11 young (11264K), 11 survivors (11264K)
 Metaspace       used 43183K, capacity 44145K, committed 44416K, reserved 1089536K
  class space    used 4607K, capacity 4969K, committed 4992K, reserved 1048576K
}
Event: 10.595 GC heap before
{Heap before GC invocations=17 (full 0):
 garbage-first heap   total 194560K, used 152576K [0x00000000e0000000, 0x0000000100000000)
  region size 1024K, 86 young (88064K), 11 survivors (11264K)
 Metaspace       used 45476K, capacity 46826K, committed 46976K, reserved 1091584K
  class space    used 4898K, capacity 5422K, committed 5504K, reserved 1048576K
}
Event: 10.619 GC heap after
{Heap after GC invocations=18 (full 0):
 garbage-first heap   total 194560K, used 82087K [0x00000000e0000000, 0x0000000100000000)
  region size 1024K, 7 young (7168K), 7 survivors (7168K)
 Metaspace       used 45476K, capacity 46826K, committed 46976K, reserved 1091584K
  class space    used 4898K, capacity 5422K, committed 5504K, reserved 1048576K
}
Event: 11.584 GC heap before
{Heap before GC invocations=18 (full 0):
 garbage-first heap   total 194560K, used 154791K [0x00000000e0000000, 0x0000000100000000)
  region size 1024K, 78 young (79872K), 7 survivors (7168K)
 Metaspace       used 48733K, capacity 50202K, committed 50304K, reserved 1093632K
  class space    used 5300K, capacity 5917K, committed 6016K, reserved 1048576K
}
Event: 11.601 GC heap after
{Heap after GC invocations=19 (full 0):
 garbage-first heap   total 194560K, used 88099K [0x00000000e0000000, 0x0000000100000000)
  region size 1024K, 7 young (7168K), 7 survivors (7168K)
 Metaspace       used 48733K, capacity 50202K, committed 50304K, reserved 1093632K
  class space    used 5300K, capacity 5917K, committed 6016K, reserved 1048576K
}

Deoptimization events (10 events):
Event: 10.091 Thread 0x000002c30dc40000 Uncommon trap: reason=uninitialized action=reinterpret pc=0x000002c31d014bd0 method=java.util.regex.CharPredicates.ASCII_WORD()Ljava/util/regex/Pattern$BmpCharPredicate; @ 0 c2
Event: 10.334 Thread 0x000002c32c1e8800 Uncommon trap: reason=unstable_if action=reinterpret pc=0x000002c31cf044c4 method=java.util.regex.Pattern.RemoveQEQuoting()V @ 41 c2
Event: 10.341 Thread 0x000002c32c1e8800 Uncommon trap: reason=speculate_null_assert action=make_not_entrant pc=0x000002c31d010d78 method=jdk.internal.loader.BuiltinClassLoader$2.run()Ljava/util/List; @ 67 c2
Event: 10.342 Thread 0x000002c32c1e8800 Uncommon trap: reason=unstable_if action=reinterpret pc=0x000002c31cea8dd8 method=java.io.ByteArrayInputStream.read([BII)I @ 16 c2
Event: 10.628 Thread 0x000002c30dc40000 Uncommon trap: reason=unstable_if action=reinterpret pc=0x000002c31cf40d40 method=sun.net.util.IPAddressUtil.scan(Ljava/lang/String;JJ[C)I @ 14 c2
Event: 10.644 Thread 0x000002c30dc40000 Uncommon trap: reason=unstable_if action=reinterpret pc=0x000002c31cf410d0 method=sun.net.util.IPAddressUtil.scan(Ljava/lang/String;JJ[C)I @ 14 c2
Event: 10.795 Thread 0x000002c30dc40000 Uncommon trap: reason=unstable_if action=reinterpret pc=0x000002c31cde43c4 method=java.lang.CharacterData.of(I)Ljava/lang/CharacterData; @ 4 c2
Event: 11.195 Thread 0x000002c30dc40000 Uncommon trap: reason=unstable_if action=reinterpret pc=0x000002c31cea9cb4 method=java.lang.ref.SoftReference.get()Ljava/lang/Object; @ 6 c2
Event: 11.211 Thread 0x000002c30dc40000 Uncommon trap: reason=unstable_if action=reinterpret pc=0x000002c31cead3dc method=java.io.BufferedInputStream.read([BII)I @ 104 c2
Event: 11.211 Thread 0x000002c30dc40000 Uncommon trap: reason=unstable_if action=reinterpret pc=0x000002c31d0fb094 method=java.lang.StringLatin1.regionMatchesCI([BI[BII)Z @ 66 c2

Classes redefined (0 events):
No events

Internal exceptions (10 events):
Event: 11.642 Thread 0x000002c30dc40000 Exception <a 'java/lang/ArrayIndexOutOfBoundsException'{0x00000000eb961700}> (0x00000000eb961700) thrown at [./open/src/hotspot/share/runtime/sharedRuntime.cpp, line 605]
Event: 11.642 Thread 0x000002c30dc40000 Exception <a 'java/lang/ArrayIndexOutOfBoundsException'{0x00000000eb962a10}> (0x00000000eb962a10) thrown at [./open/src/hotspot/share/runtime/sharedRuntime.cpp, line 605]
Event: 11.642 Thread 0x000002c30dc40000 Exception <a 'java/lang/ArrayIndexOutOfBoundsException'{0x00000000eb964978}> (0x00000000eb964978) thrown at [./open/src/hotspot/share/runtime/sharedRuntime.cpp, line 605]
Event: 11.642 Thread 0x000002c30dc40000 Exception <a 'java/lang/ArrayIndexOutOfBoundsException'{0x00000000eb965c88}> (0x00000000eb965c88) thrown at [./open/src/hotspot/share/runtime/sharedRuntime.cpp, line 605]
Event: 11.642 Thread 0x000002c30dc40000 Exception <a 'java/lang/ArrayIndexOutOfBoundsException'{0x00000000eb966f98}> (0x00000000eb966f98) thrown at [./open/src/hotspot/share/runtime/sharedRuntime.cpp, line 605]
Event: 11.643 Thread 0x000002c30dc40000 Exception <a 'java/lang/ArrayIndexOutOfBoundsException'{0x00000000eb96db80}> (0x00000000eb96db80) thrown at [./open/src/hotspot/share/runtime/sharedRuntime.cpp, line 605]
Event: 11.643 Thread 0x000002c30dc40000 Exception <a 'java/lang/ArrayIndexOutOfBoundsException'{0x00000000eb96ee90}> (0x00000000eb96ee90) thrown at [./open/src/hotspot/share/runtime/sharedRuntime.cpp, line 605]
Event: 11.643 Thread 0x000002c30dc40000 Exception <a 'java/lang/ArrayIndexOutOfBoundsException'{0x00000000eb9701a0}> (0x00000000eb9701a0) thrown at [./open/src/hotspot/share/runtime/sharedRuntime.cpp, line 605]
Event: 11.786 Thread 0x000002c30dc40000 Exception <a 'java/lang/ClassNotFoundException'{0x00000000eab128a8}: sun/net/spi/DefaultProxySelectorBeanInfo> (0x00000000eab128a8) thrown at [./open/src/hotspot/share/classfile/systemDictionary.cpp, line 226]
Event: 11.786 Thread 0x000002c30dc40000 Exception <a 'java/lang/ClassNotFoundException'{0x00000000eab14e28}: sun/net/spi/DefaultProxySelectorCustomizer> (0x00000000eab14e28) thrown at [./open/src/hotspot/share/classfile/systemDictionary.cpp, line 226]

Events (10 events):
Event: 11.825 loading class org/apache/http/impl/io/IdentityInputStream
Event: 11.825 loading class org/apache/http/impl/io/IdentityInputStream done
Event: 11.826 loading class org/apache/http/impl/io/ContentLengthInputStream
Event: 11.826 loading class org/apache/http/impl/io/ContentLengthInputStream done
Event: 11.827 loading class org/apache/http/impl/entity/LaxContentLengthStrategy
Event: 11.827 loading class org/apache/http/impl/entity/LaxContentLengthStrategy done
Event: 11.829 loading class org/apache/http/conn/routing/RouteTracker
Event: 11.829 loading class org/apache/http/conn/routing/RouteTracker done
Event: 11.831 loading class org/apache/http/client/methods/AbstractExecutionAwareRequest$2
Event: 11.831 loading class org/apache/http/client/methods/AbstractExecutionAwareRequest$2 done


Dynamic libraries:
0x00007ff759ec0000 - 0x00007ff759ed0000 	C:\Program Files\Java\jdk-11\bin\java.exe
0x00007ffc2bbc0000 - 0x00007ffc2be26000 	C:\WINDOWS\SYSTEM32\ntdll.dll
0x00007ffc2a780000 - 0x00007ffc2a849000 	C:\WINDOWS\System32\KERNEL32.DLL
0x00007ffc28f10000 - 0x00007ffc2930a000 	C:\WINDOWS\System32\KERNELBASE.dll
0x00007ffc297e0000 - 0x00007ffc2992c000 	C:\WINDOWS\System32\ucrtbase.dll
0x00007ffbe9a20000 - 0x00007ffbe9a3b000 	C:\Program Files\Java\jdk-11\bin\VCRUNTIME140.dll
0x00007ffc0cf00000 - 0x00007ffc0cf19000 	C:\Program Files\Java\jdk-11\bin\jli.dll
0x00007ffc2a2a0000 - 0x00007ffc2a356000 	C:\WINDOWS\System32\ADVAPI32.dll
0x00007ffc29eb0000 - 0x00007ffc29f59000 	C:\WINDOWS\System32\msvcrt.dll
0x00007ffc29dd0000 - 0x00007ffc29e7a000 	C:\WINDOWS\System32\sechost.dll
0x00007ffc2a920000 - 0x00007ffc2aa38000 	C:\WINDOWS\System32\RPCRT4.dll
0x00007ffc29930000 - 0x00007ffc29af7000 	C:\WINDOWS\System32\USER32.dll
0x00007ffc295a0000 - 0x00007ffc295c7000 	C:\WINDOWS\System32\win32u.dll
0x00007ffc2a190000 - 0x00007ffc2a1bb000 	C:\WINDOWS\System32\GDI32.dll
0x00007ffc293c0000 - 0x00007ffc294eb000 	C:\WINDOWS\System32\gdi32full.dll
0x00007ffc100a0000 - 0x00007ffc10332000 	C:\WINDOWS\WinSxS\amd64_microsoft.windows.common-controls_6595b64144ccf1df_6.0.26100.8521_none_3e08b75ce33403b3\COMCTL32.dll
0x00007ffc294f0000 - 0x00007ffc29593000 	C:\WINDOWS\System32\msvcp_win.dll
0x00007ffc18e60000 - 0x00007ffc18e6b000 	C:\WINDOWS\SYSTEM32\VERSION.dll
0x00007ffc2a8e0000 - 0x00007ffc2a912000 	C:\WINDOWS\System32\IMM32.DLL
0x00007ffc124e0000 - 0x00007ffc124ec000 	C:\Program Files\Java\jdk-11\bin\vcruntime140_1.dll
0x00007ffbb66a0000 - 0x00007ffbb672e000 	C:\Program Files\Java\jdk-11\bin\msvcp140.dll
0x00007ffb64aa0000 - 0x00007ffb65603000 	C:\Program Files\Java\jdk-11\bin\server\jvm.dll
0x00007ffc29b00000 - 0x00007ffc29b08000 	C:\WINDOWS\System32\PSAPI.DLL
0x00007ffc0a550000 - 0x00007ffc0a586000 	C:\WINDOWS\SYSTEM32\WINMM.dll
0x00007ffc116a0000 - 0x00007ffc116aa000 	C:\WINDOWS\SYSTEM32\WSOCK32.dll
0x00007ffc2a850000 - 0x00007ffc2a8d0000 	C:\WINDOWS\System32\WS2_32.dll
0x00007ffc27be0000 - 0x00007ffc27bfb000 	C:\WINDOWS\SYSTEM32\kernel.appcore.dll
0x00007ffc11e40000 - 0x00007ffc11e50000 	C:\Program Files\Java\jdk-11\bin\verify.dll
0x00007ffc20870000 - 0x00007ffc20ab2000 	C:\WINDOWS\SYSTEM32\DBGHELP.DLL
0x00007ffc2a3e0000 - 0x00007ffc2a763000 	C:\WINDOWS\System32\combase.dll
0x00007ffc2a1c0000 - 0x00007ffc2a299000 	C:\WINDOWS\System32\OLEAUT32.dll
0x00007ffc096c0000 - 0x00007ffc096fb000 	C:\WINDOWS\SYSTEM32\dbgcore.DLL
0x00007ffc29310000 - 0x00007ffc293b8000 	C:\WINDOWS\System32\bcryptPrimitives.dll
0x00007ffbe9630000 - 0x00007ffbe9658000 	C:\Program Files\Java\jdk-11\bin\java.dll
0x00007ffc11460000 - 0x00007ffc1146a000 	C:\Program Files\Java\jdk-11\bin\jimage.dll
0x00007ffbe9920000 - 0x00007ffbe992e000 	C:\Program Files\Java\jdk-11\bin\instrument.dll
0x00007ffbe9870000 - 0x00007ffbe9887000 	C:\Program Files\Java\jdk-11\bin\zip.dll
0x00007ffc2b390000 - 0x00007ffc2bb14000 	C:\WINDOWS\System32\SHELL32.dll
0x00007ffc26a50000 - 0x00007ffc272d0000 	C:\WINDOWS\SYSTEM32\windows.storage.dll
0x00007ffc2ab50000 - 0x00007ffc2ac46000 	C:\WINDOWS\System32\SHCORE.dll
0x00007ffc29b10000 - 0x00007ffc29b77000 	C:\WINDOWS\System32\shlwapi.dll
0x00007ffc28d70000 - 0x00007ffc28d99000 	C:\WINDOWS\SYSTEM32\profapi.dll
0x00007ffbe5af0000 - 0x00007ffbe5b09000 	C:\Program Files\Java\jdk-11\bin\net.dll
0x00007ffc16de0000 - 0x00007ffc16f09000 	C:\WINDOWS\SYSTEM32\WINHTTP.dll
0x00007ffc28150000 - 0x00007ffc281bc000 	C:\WINDOWS\system32\mswsock.dll
0x00007ffbe2c70000 - 0x00007ffbe2c82000 	C:\Program Files\Java\jdk-11\bin\nio.dll
0x00007ffc28430000 - 0x00007ffc2844b000 	C:\WINDOWS\SYSTEM32\CRYPTSP.dll
0x00007ffc27b40000 - 0x00007ffc27b79000 	C:\WINDOWS\system32\rsaenh.dll
0x00007ffc28200000 - 0x00007ffc28233000 	C:\WINDOWS\SYSTEM32\USERENV.dll
0x00007ffc28d40000 - 0x00007ffc28d6a000 	C:\WINDOWS\SYSTEM32\bcrypt.dll
0x00007ffc28450000 - 0x00007ffc2845c000 	C:\WINDOWS\SYSTEM32\CRYPTBASE.dll
0x00007ffc275e0000 - 0x00007ffc27613000 	C:\WINDOWS\SYSTEM32\IPHLPAPI.DLL
0x00007ffc29c60000 - 0x00007ffc29c6a000 	C:\WINDOWS\System32\NSI.dll
0x00007ffc175d0000 - 0x00007ffc175ed000 	C:\WINDOWS\SYSTEM32\dhcpcsvc6.DLL
0x00007ffc16db0000 - 0x00007ffc16dd5000 	C:\WINDOWS\SYSTEM32\dhcpcsvc.DLL
0x00007ffc276d0000 - 0x00007ffc2781a000 	C:\WINDOWS\SYSTEM32\DNSAPI.dll
0x00007ffc27f50000 - 0x00007ffc27f5d000 	C:\WINDOWS\SYSTEM32\DSPARSE.dll
0x00007ffbf8d60000 - 0x00007ffbf8d78000 	C:\WINDOWS\system32\napinsp.dll
0x00007ffbf6d80000 - 0x00007ffbf6d93000 	C:\WINDOWS\System32\winrnr.dll
0x00007ffbf6d50000 - 0x00007ffbf6d72000 	C:\WINDOWS\system32\nlansp_c.dll
0x00007ffc16940000 - 0x00007ffc16956000 	C:\WINDOWS\system32\wshbth.dll
0x00007ffc16770000 - 0x00007ffc1677b000 	C:\Windows\System32\rasadhlp.dll
0x00007ffc163c0000 - 0x00007ffc16446000 	C:\WINDOWS\System32\fwpuclnt.dll
0x00007ffbe9910000 - 0x00007ffbe9919000 	C:\Program Files\Java\jdk-11\bin\management.dll
0x00007ffbe5110000 - 0x00007ffbe511b000 	C:\Program Files\Java\jdk-11\bin\management_ext.dll
0x00007ffc11f30000 - 0x00007ffc11f3e000 	C:\Program Files\Java\jdk-11\bin\sunmscapi.dll
0x00007ffc295d0000 - 0x00007ffc29748000 	C:\WINDOWS\System32\CRYPT32.dll
0x00007ffc28650000 - 0x00007ffc28680000 	C:\WINDOWS\SYSTEM32\ncrypt.dll
0x00007ffc28600000 - 0x00007ffc2863f000 	C:\WINDOWS\SYSTEM32\NTASN1.dll
0x00007ffc11f00000 - 0x00007ffc11f27000 	C:\Program Files\Java\jdk-11\bin\sunec.dll

dbghelp: loaded successfully - version: 4.0.5 - missing functions: none
symbol engine: initialized successfully - sym options: 0x614 - pdb path: .;C:\Program Files\Java\jdk-11\bin;C:\WINDOWS\SYSTEM32;C:\WINDOWS\WinSxS\amd64_microsoft.windows.common-controls_6595b64144ccf1df_6.0.26100.8521_none_3e08b75ce33403b3;C:\Program Files\Java\jdk-11\bin\server

VM Arguments:
jvm_args: -Dallure.results.directory=D:\Proyekku\assignment15\build\allure-results -Djunit.jupiter.extensions.autodetection.enabled=true -Dorg.gradle.internal.worker.tmpdir=D:\Proyekku\assignment15\build\tmp\test\work -Dorg.gradle.native=false -javaagent:C:\Users\PKP323\.gradle\caches\modules-2\files-2.1\org.aspectj\aspectjweaver\1.9.22.1\bca243d0af0db4758fbae45c5f4995cb5dabb612\aspectjweaver-1.9.22.1.jar -Xmx512m -Dfile.encoding=windows-1252 -Duser.country=ID -Duser.language=en -Duser.variant -ea 
java_command: worker.org.gradle.process.internal.worker.GradleWorkerMain 'Gradle Test Executor 22'
java_class_path (initial): C:\\Users\\PKP323\\.gradle\\caches\\8.2\\workerMain\\gradle-worker.jar;D:\\Proyekku\\assignment15\\build\\classes\\java\\test;D:\\Proyekku\\assignment15\\build\\resources\\test;D:\\Proyekku\\assignment15\\build\\classes\\java\\main;C:\\Users\\PKP323\\.gradle\\caches\\modules-2\\files-2.1\\org.seleniumhq.selenium\\selenium-java\\4.21.0\\2cc38c8dbef9d6e8774f05c2d2e8088180858ed4\\selenium-java-4.21.0.jar;C:\\Users\\PKP323\\.gradle\\caches\\modules-2\\files-2.1\\org.json\\json\\20250517\\d67181bbd819ccceb929b580a4e2fcb0c8b17cd8\\json-20250517.jar;C:\\Users\\PKP323\\.gradle\\caches\\modules-2\\files-2.1\\com.fasterxml.jackson.core\\jackson-core\\2.20.1\\5734323adfece72111769b0ae38a6cf803e3d178\\jackson-core-2.20.1.jar;C:\\Users\\PKP323\\.gradle\\caches\\modules-2\\files-2.1\\io.github.bonigarcia\\webdrivermanager\\6.3.2\\1d837f94b11e087a4b01440b765000dab2894cde\\webdrivermanager-6.3.2.jar;C:\\Users\\PKP323\\.gradle\\caches\\modules-2\\files-2.1\\com.github.docker-java\\docker-java\\3.6.0\\8d71188ebc47e4e328c89acf8adbefdb2e992200\\docker-java-3.6.0.jar;C:\\Users\\PKP323\\.gradle\\caches\\modules-2\\files-2.1\\com.github.docker-java\\docker-java-core\\3.6.0\\d374b9c3c8be106b13fa92ccfc7287cb3b3e0a1c\\docker-java-core-3.6.0.jar;C:\\Users\\PKP323\\.gradle\\caches\\modules-2\\files-2.1\\io.rest-assured\\json-schema-validator\\5.4.0\\f07ce41b83f9eceef20d30fea6da22c0f5dece0e\\json-schema-validator-5.4.0.jar;C:\\Users\\PKP323\\.gradle\\caches\\modules-2\\files-2.1\\com.github.java-json-tools\\json-schema-validator\\2.2.14\\10c42918adc1fd4454e83bb21365f30df497a076\\json-schema-validator-2.2.14.jar;C:\\Users\\PKP323\\.gradle\\caches\\modules-2\\files-2.1\\com.github.java-json-tools\\json-schema-core\\1.2.14\\39d4efcf7e538684200fea15e08d47d0198c19fb\\json-schema-core-1.2.14.jar;C:\\Users\\PKP323\\.gradle\\caches\\modules-2\\files-2.1\\com.github.java-json-tools\\jackson-coreutils-equivalence\\1.0\\8b928cf1f95dc5fe6b1648f5da93befab031da19\\jackson-coreuti
Launcher Type: SUN_STANDARD

[Global flags]
     intx CICompilerCount                          = 3                                         {product} {ergonomic}
     uint ConcGCThreads                            = 1                                         {product} {ergonomic}
     uint G1ConcRefinementThreads                  = 4                                         {product} {ergonomic}
   size_t G1HeapRegionSize                         = 1048576                                   {product} {ergonomic}
    uintx GCDrainStackTargetSize                   = 64                                        {product} {ergonomic}
   size_t InitialHeapSize                          = 199229440                                 {product} {ergonomic}
   size_t MarkStackSize                            = 4194304                                   {product} {ergonomic}
   size_t MaxHeapSize                              = 536870912                                 {product} {command line}
   size_t MaxNewSize                               = 321912832                                 {product} {ergonomic}
   size_t MinHeapDeltaBytes                        = 1048576                                   {product} {ergonomic}
    uintx NonNMethodCodeHeapSize                   = 5830732                                {pd product} {ergonomic}
    uintx NonProfiledCodeHeapSize                  = 122913754                              {pd product} {ergonomic}
    uintx ProfiledCodeHeapSize                     = 122913754                              {pd product} {ergonomic}
    uintx ReservedCodeCacheSize                    = 251658240                              {pd product} {ergonomic}
     bool SegmentedCodeCache                       = true                                      {product} {ergonomic}
     bool UseCompressedClassPointers               = true                                 {lp64_product} {ergonomic}
     bool UseCompressedOops                        = true                                 {lp64_product} {ergonomic}
     bool UseG1GC                                  = true                                      {product} {ergonomic}
     bool UseLargePagesIndividualAllocation        = false                                  {pd product} {ergonomic}

Logging:
Log output configuration:
 #0: stdout all=warning uptime,level,tags
 #1: stderr all=off uptime,level,tags

Environment Variables:
JAVA_HOME=C:\Program Files\Java\jdk-11
PATH=C:\Program Files\Java\jdk-11\bin;C:\Program Files\Java\jdk-17;C:\Program Files\Eclipse Adoptium\jdk-17.0.17.10-hotspot\bin;C:\Program Files\Common Files\Oracle\Java\javapath;C:\Python310\Scripts\;C:\Python310\;D:\app\PKP323\product\12.1.0\client_4;D:\app\PKP323\product\12.1.0\client_4\bin;D:\app\PKP323\product\12.1.0\client_3;D:\app\PKP323\product\12.1.0\client_3\bin;D:\app\PKP323\product\12.1.0\client_2;D:\app\PKP323\product\12.1.0\client_2\bin;D:\app\PKP323\product\12.1.0\client_1;D:\app\PKP323\product\12.1.0\client_1\bin;C:\WINDOWS\system32;C:\WINDOWS;C:\WINDOWS\System32\Wbem;C:\WINDOWS\System32\WindowsPowerShell\v1.0\;C:\WINDOWS\System32\OpenSSH\;C:\Program Files\OpenVPN\bin;C:\ProgramData\chocolatey\bin;C:\Program Files\Go\bin;C:\Program Files\k6\;C:\Program Files (x86)\Pulse Secure\VC142.CRT\X64\;C:\Program Files (x86)\Pulse Secure\VC142.CRT\X86\;C:\Program Files (x86)\Common Files\Pulse Secure\TNC Client Plugin\;C:\apache-maven-3.9.5\bin;C:\Program Files\Java\jdk-21\bin;C:\Gradle\gradle-7.5.1\bin;C:\Program Files\nodejs\;C:\Program Files\Git\cmd;C:\Program Files\Liquid Technologies\Liquid Studio\XmlDataBinder21\Redist21\cpp\win32\bin;C:\Program Files\Liquid Technologies\Liquid Studio\XmlDataBinder21\Redist21\cpp\win64\bin;C:\Users\PKP323\scoop\shims;C:\Users\PKP323\AppData\Local\Programs\Python\Python313\Scripts\;C:\Users\PKP323\AppData\Local\Programs\Python\Python313\;C:\Users\PKP323\AppData\Local\Programs\Python\Launcher\;C:\Users\PKP323\AppData\Local\Microsoft\WindowsApps;C:\Users\PKP323\AppData\Local\Programs\Microsoft VS Code\bin;C:\Users\PKP323\go\bin;D:\IntelliJ IDEA 2023.2.1\bin;;C:\Users\PKP323\AppData\Roaming\npm;
USERNAME=PKP323
OS=Windows_NT
PROCESSOR_IDENTIFIER=Intel64 Family 6 Model 142 Stepping 12, GenuineIntel



---------------  S Y S T E M  ---------------

OS: Windows 11 , 64 bit Build 26100 (10.0.26100.8521)

CPU:total 4 (initial active 4) (2 cores per cpu, 2 threads per core) family 6 model 142 stepping 12 microcode 0xde, cmov, cx8, fxsr, mmx, sse, sse2, sse3, ssse3, sse4.1, sse4.2, popcnt, avx, avx2, aes, clmul, erms, 3dnowpref, lzcnt, ht, tsc, tscinvbit, bmi1, bmi2, adx, fma

Memory: 4k page, system-wide physical 12125M (2150M free)
TotalPageFile size 12125M (AvailPageFile size 7M)
current process WorkingSet (physical memory assigned to process): 350M, peak: 352M
current process commit charge ("private bytes"): 384M, peak: 386M

vm_info: Java HotSpot(TM) 64-Bit Server VM (11.0.28+12-LTS-279) for windows-amd64 JRE (11.0.28+12-LTS-279), built on Jun 27 2025 10:10:38 by "mach5one" with MS VC++ 17.6 (VS2022)

END.
