#
# There is insufficient memory for the Java Runtime Environment to continue.
# Native memory allocation (malloc) failed to allocate 1150256 bytes for Chunk::new
# Possible reasons:
#   The system is out of physical RAM or swap space
#   The process is running with CompressedOops enabled, and the Java Heap may be blocking the growth of the native heap
# Possible solutions:
#   Reduce memory load on the system
#   Increase physical memory or swap space
#   Check if swap backing store is full
#   Decrease Java heap size (-Xmx/-Xms)
#   Decrease number of Java threads
#   Decrease Java thread stack sizes (-Xss)
#   Set larger code cache with -XX:ReservedCodeCacheSize=
#   JVM is running with Unscaled Compressed Oops mode in which the Java heap is
#     placed in the first 4GB address space. The Java Heap base address is the
#     maximum limit for the native heap growth. Please use -XX:HeapBaseMinAddress
#     to set the Java Heap base and to place the Java Heap above 4GB virtual address.
# This output file may be truncated or incomplete.
#
#  Out of Memory Error (./open/src/hotspot/share/memory/arena.cpp:197), pid=23612, tid=22276
#
# JRE version: Java(TM) SE Runtime Environment 18.9 (11.0.28+12) (build 11.0.28+12-LTS-279)
# Java VM: Java HotSpot(TM) 64-Bit Server VM 18.9 (11.0.28+12-LTS-279, mixed mode, tiered, compressed oops, g1 gc, windows-amd64)
# No core dump will be written. Minidumps are not enabled by default on client versions of Windows
#

---------------  S U M M A R Y ------------

Command Line: -Dallure.results.directory=D:\Proyekku\assignment15\build\allure-results -Djunit.jupiter.extensions.autodetection.enabled=true -Dorg.gradle.internal.worker.tmpdir=D:\Proyekku\assignment15\build\tmp\test\work -Dorg.gradle.native=false -javaagent:C:\Users\PKP323\.gradle\caches\modules-2\files-2.1\org.aspectj\aspectjweaver\1.9.22.1\bca243d0af0db4758fbae45c5f4995cb5dabb612\aspectjweaver-1.9.22.1.jar -Xmx512m -Dfile.encoding=windows-1252 -Duser.country=ID -Duser.language=en -Duser.variant -ea worker.org.gradle.process.internal.worker.GradleWorkerMain 'Gradle Test Executor 24'

Host: Intel(R) Core(TM) i3-10110U CPU @ 2.10GHz, 4 cores, 11G,  Windows 11 , 64 bit Build 26100 (10.0.26100.8521)
Time: Sun Jul 12 16:36:14 2026 SE Asia Standard Time elapsed time: 13.167883 seconds (0d 0h 0m 13s)

---------------  T H R E A D  ---------------

Current thread (0x00000210b24f5800):  JavaThread "C2 CompilerThread1" daemon [_thread_in_native, id=22276, stack(0x000000aad9a00000,0x000000aad9b00000)]


Current CompileTask:
C2:  13168 5515       4       org.aspectj.apache.bcel.generic.Type::getTypeInternal (274 bytes)

Stack: [0x000000aad9a00000,0x000000aad9b00000]
Native frames: (J=compiled Java code, j=interpreted, Vv=VM code, C=native code)
V  [jvm.dll+0x65886a]
V  [jvm.dll+0x79b4cf]
V  [jvm.dll+0x79cb99]
V  [jvm.dll+0x79d243]
V  [jvm.dll+0x255965]
V  [jvm.dll+0xb312c]
V  [jvm.dll+0xb373c]
V  [jvm.dll+0x35fc8f]
V  [jvm.dll+0x32c935]
V  [jvm.dll+0x32bd1a]
V  [jvm.dll+0x20f31d]
V  [jvm.dll+0x20e2ed]
V  [jvm.dll+0x18b581]
V  [jvm.dll+0x21e944]
V  [jvm.dll+0x21cc6c]
V  [jvm.dll+0x75f381]
V  [jvm.dll+0x757ca4]
V  [jvm.dll+0x657715]
C  [ucrtbase.dll+0x2cd30]
C  [KERNEL32.DLL+0x2e957]
C  [ntdll.dll+0x87c1c]


---------------  P R O C E S S  ---------------

Threads class SMR info:
_java_thread_list=0x00000210b7981620, length=17, elements={
0x0000021095cd2800, 0x00000210b1adc000, 0x00000210b1add000, 0x00000210b2348800,
0x00000210b234b000, 0x00000210b234d000, 0x00000210b234e000, 0x00000210b235f800,
0x00000210b236e800, 0x00000210b24d8800, 0x00000210b4671800, 0x00000210b24f5800,
0x00000210b49e4800, 0x00000210b4a5c000, 0x00000210b4d5a000, 0x00000210b8279800,
0x00000210b7713000
}

Java Threads: ( => current thread )
  0x0000021095cd2800 JavaThread "Test worker" [_thread_in_native, id=9136, stack(0x000000aad8a00000,0x000000aad8b00000)]
  0x00000210b1adc000 JavaThread "Reference Handler" daemon [_thread_blocked, id=19248, stack(0x000000aad9100000,0x000000aad9200000)]
  0x00000210b1add000 JavaThread "Finalizer" daemon [_thread_blocked, id=16800, stack(0x000000aad9200000,0x000000aad9300000)]
  0x00000210b2348800 JavaThread "Signal Dispatcher" daemon [_thread_blocked, id=6800, stack(0x000000aad9300000,0x000000aad9400000)]
  0x00000210b234b000 JavaThread "Attach Listener" daemon [_thread_blocked, id=18948, stack(0x000000aad9400000,0x000000aad9500000)]
  0x00000210b234d000 JavaThread "Service Thread" daemon [_thread_blocked, id=6228, stack(0x000000aad9500000,0x000000aad9600000)]
  0x00000210b234e000 JavaThread "C2 CompilerThread0" daemon [_thread_in_native, id=18672, stack(0x000000aad9600000,0x000000aad9700000)]
  0x00000210b235f800 JavaThread "C1 CompilerThread0" daemon [_thread_blocked, id=5368, stack(0x000000aad9700000,0x000000aad9800000)]
  0x00000210b236e800 JavaThread "Sweeper thread" daemon [_thread_blocked, id=12524, stack(0x000000aad9800000,0x000000aad9900000)]
  0x00000210b24d8800 JavaThread "Common-Cleaner" daemon [_thread_blocked, id=11872, stack(0x000000aad9900000,0x000000aad9a00000)]
  0x00000210b4671800 JavaThread "/127.0.0.1:57393 to /127.0.0.1:57392 workers" [_thread_blocked, id=22364, stack(0x000000aada000000,0x000000aada100000)]
=>0x00000210b24f5800 JavaThread "C2 CompilerThread1" daemon [_thread_in_native, id=22276, stack(0x000000aad9a00000,0x000000aad9b00000)]
  0x00000210b49e4800 JavaThread "/127.0.0.1:57393 to /127.0.0.1:57392 workers Thread 2" [_thread_blocked, id=21568, stack(0x000000aada100000,0x000000aada200000)]
  0x00000210b4a5c000 JavaThread "/127.0.0.1:57393 to /127.0.0.1:57392 workers Thread 3" [_thread_in_native, id=15288, stack(0x000000aada200000,0x000000aada300000)]
  0x00000210b4d5a000 JavaThread "ForkJoinPool.commonPool-worker-3" daemon [_thread_blocked, id=16704, stack(0x000000aada400000,0x000000aada500000)]
  0x00000210b8279800 JavaThread "ForkJoinPool.commonPool-worker-5" daemon [_thread_blocked, id=1904, stack(0x000000aada500000,0x000000aada600000)]
  0x00000210b7713000 JavaThread "ForkJoinPool.commonPool-worker-7" daemon [_thread_blocked, id=4716, stack(0x000000aada600000,0x000000aada700000)]

Other Threads:
  0x00000210b1ad7000 VMThread "VM Thread" [stack: 0x000000aad9000000,0x000000aad9100000] [id=11664]
  0x00000210b2c02000 WatcherThread [stack: 0x000000aad9b00000,0x000000aad9c00000] [id=2632]
  0x0000021095ce7800 GCTaskThread "GC Thread#0" [stack: 0x000000aad8b00000,0x000000aad8c00000] [id=6080]
  0x00000210b2c52000 GCTaskThread "GC Thread#1" [stack: 0x000000aad9c00000,0x000000aad9d00000] [id=19184]
  0x00000210b2e46000 GCTaskThread "GC Thread#2" [stack: 0x000000aad9d00000,0x000000aad9e00000] [id=11436]
  0x00000210b2d0f000 GCTaskThread "GC Thread#3" [stack: 0x000000aad9e00000,0x000000aad9f00000] [id=10360]
  0x0000021095cf7800 ConcurrentGCThread "G1 Main Marker" [stack: 0x000000aad8c00000,0x000000aad8d00000] [id=19840]
  0x0000021095d03000 ConcurrentGCThread "G1 Conc#0" [stack: 0x000000aad8d00000,0x000000aad8e00000] [id=22868]
  0x00000210b1920800 ConcurrentGCThread "G1 Refine#0" [stack: 0x000000aad8e00000,0x000000aad8f00000] [id=6108]
  0x00000210b3a68000 ConcurrentGCThread "G1 Refine#1" [stack: 0x000000aada300000,0x000000aada400000] [id=6916]
  0x00000210b1923000 ConcurrentGCThread "G1 Young RemSet Sampling" [stack: 0x000000aad8f00000,0x000000aad9000000] [id=4520]

Threads with active compile tasks:
C2 CompilerThread0    13201 5500       4       org.aspectj.apache.bcel.util.ClassLoaderRepository$SoftHashMap::get (59 bytes)
C2 CompilerThread1    13201 5515       4       org.aspectj.apache.bcel.generic.Type::getTypeInternal (274 bytes)

VM state:not at safepoint (normal execution)

VM Mutex/Monitor currently owned by a thread: None

Heap address: 0x00000000e0000000, size: 512 MB, Compressed Oops mode: 32-bit
Narrow klass base: 0x0000000000000000, Narrow klass shift: 3
Compressed class space size: 1073741824 Address: 0x0000000100000000

Heap:
 garbage-first heap   total 194560K, used 143337K [0x00000000e0000000, 0x0000000100000000)
  region size 1024K, 57 young (58368K), 6 survivors (6144K)
 Metaspace       used 49437K, capacity 50908K, committed 51200K, reserved 1093632K
  class space    used 5400K, capacity 6027K, committed 6144K, reserved 1048576K
Heap Regions: E=young(eden), S=young(survivor), O=old, HS=humongous(starts), HC=humongous(continues), CS=collection set, F=free, A=archive, TAMS=top-at-mark-start (previous, next)
|   0|0x00000000e0000000, 0x00000000e0100000, 0x00000000e0100000|100%| O|  |TAMS 0x00000000e0100000, 0x00000000e0000000| Untracked 
|   1|0x00000000e0100000, 0x00000000e0200000, 0x00000000e0200000|100%| O|  |TAMS 0x00000000e0200000, 0x00000000e0100000| Untracked 
|   2|0x00000000e0200000, 0x00000000e0300000, 0x00000000e0300000|100%| O|  |TAMS 0x00000000e0300000, 0x00000000e0200000| Untracked 
|   3|0x00000000e0300000, 0x00000000e0400000, 0x00000000e0400000|100%| O|  |TAMS 0x00000000e0400000, 0x00000000e0300000| Untracked 
|   4|0x00000000e0400000, 0x00000000e0500000, 0x00000000e0500000|100%| O|  |TAMS 0x00000000e0500000, 0x00000000e0400000| Untracked 
|   5|0x00000000e0500000, 0x00000000e0600000, 0x00000000e0600000|100%| O|  |TAMS 0x00000000e0600000, 0x00000000e0500000| Untracked 
|   6|0x00000000e0600000, 0x00000000e0700000, 0x00000000e0700000|100%| O|  |TAMS 0x00000000e0700000, 0x00000000e0600000| Untracked 
|   7|0x00000000e0700000, 0x00000000e0800000, 0x00000000e0800000|100%| O|  |TAMS 0x00000000e0800000, 0x00000000e0700000| Untracked 
|   8|0x00000000e0800000, 0x00000000e0900000, 0x00000000e0900000|100%| O|  |TAMS 0x00000000e0900000, 0x00000000e0800000| Untracked 
|   9|0x00000000e0900000, 0x00000000e0a00000, 0x00000000e0a00000|100%| O|  |TAMS 0x00000000e0a00000, 0x00000000e0900000| Untracked 
|  10|0x00000000e0a00000, 0x00000000e0b00000, 0x00000000e0b00000|100%| O|  |TAMS 0x00000000e0b00000, 0x00000000e0a00000| Untracked 
|  11|0x00000000e0b00000, 0x00000000e0c00000, 0x00000000e0c00000|100%| O|  |TAMS 0x00000000e0c00000, 0x00000000e0b00000| Untracked 
|  12|0x00000000e0c00000, 0x00000000e0d00000, 0x00000000e0d00000|100%| O|  |TAMS 0x00000000e0d00000, 0x00000000e0c00000| Untracked 
|  13|0x00000000e0d00000, 0x00000000e0e00000, 0x00000000e0e00000|100%| O|  |TAMS 0x00000000e0e00000, 0x00000000e0d00000| Untracked 
|  14|0x00000000e0e00000, 0x00000000e0f00000, 0x00000000e0f00000|100%| O|  |TAMS 0x00000000e0f00000, 0x00000000e0e00000| Untracked 
|  15|0x00000000e0f00000, 0x00000000e1000000, 0x00000000e1000000|100%| O|  |TAMS 0x00000000e1000000, 0x00000000e0f00000| Untracked 
|  16|0x00000000e1000000, 0x00000000e1100000, 0x00000000e1100000|100%| O|  |TAMS 0x00000000e1100000, 0x00000000e1000000| Untracked 
|  17|0x00000000e1100000, 0x00000000e1200000, 0x00000000e1200000|100%| O|  |TAMS 0x00000000e1200000, 0x00000000e1100000| Untracked 
|  18|0x00000000e1200000, 0x00000000e1300000, 0x00000000e1300000|100%| O|  |TAMS 0x00000000e1300000, 0x00000000e1200000| Untracked 
|  19|0x00000000e1300000, 0x00000000e1400000, 0x00000000e1400000|100%| O|  |TAMS 0x00000000e1400000, 0x00000000e1300000| Untracked 
|  20|0x00000000e1400000, 0x00000000e1500000, 0x00000000e1500000|100%| O|  |TAMS 0x00000000e1500000, 0x00000000e1400000| Untracked 
|  21|0x00000000e1500000, 0x00000000e1600000, 0x00000000e1600000|100%| O|  |TAMS 0x00000000e1600000, 0x00000000e1500000| Untracked 
|  22|0x00000000e1600000, 0x00000000e1700000, 0x00000000e1700000|100%| O|  |TAMS 0x00000000e1700000, 0x00000000e1600000| Untracked 
|  23|0x00000000e1700000, 0x00000000e1800000, 0x00000000e1800000|100%| O|  |TAMS 0x00000000e1800000, 0x00000000e1700000| Untracked 
|  24|0x00000000e1800000, 0x00000000e1900000, 0x00000000e1900000|100%| O|  |TAMS 0x00000000e1900000, 0x00000000e1800000| Untracked 
|  25|0x00000000e1900000, 0x00000000e1a00000, 0x00000000e1a00000|100%| O|  |TAMS 0x00000000e1a00000, 0x00000000e1900000| Untracked 
|  26|0x00000000e1a00000, 0x00000000e1b00000, 0x00000000e1b00000|100%| O|  |TAMS 0x00000000e1b00000, 0x00000000e1a00000| Untracked 
|  27|0x00000000e1b00000, 0x00000000e1c00000, 0x00000000e1c00000|100%| O|  |TAMS 0x00000000e1c00000, 0x00000000e1b00000| Untracked 
|  28|0x00000000e1c00000, 0x00000000e1d00000, 0x00000000e1d00000|100%| O|  |TAMS 0x00000000e1d00000, 0x00000000e1c00000| Untracked 
|  29|0x00000000e1d00000, 0x00000000e1e00000, 0x00000000e1e00000|100%| O|  |TAMS 0x00000000e1e00000, 0x00000000e1d00000| Untracked 
|  30|0x00000000e1e00000, 0x00000000e1f00000, 0x00000000e1f00000|100%| O|  |TAMS 0x00000000e1f00000, 0x00000000e1e00000| Untracked 
|  31|0x00000000e1f00000, 0x00000000e2000000, 0x00000000e2000000|100%| O|  |TAMS 0x00000000e2000000, 0x00000000e1f00000| Untracked 
|  32|0x00000000e2000000, 0x00000000e2100000, 0x00000000e2100000|100%| O|  |TAMS 0x00000000e2100000, 0x00000000e2000000| Untracked 
|  33|0x00000000e2100000, 0x00000000e2200000, 0x00000000e2200000|100%| O|  |TAMS 0x00000000e2200000, 0x00000000e2100000| Untracked 
|  34|0x00000000e2200000, 0x00000000e2300000, 0x00000000e2300000|100%| O|  |TAMS 0x00000000e2300000, 0x00000000e2200000| Untracked 
|  35|0x00000000e2300000, 0x00000000e2400000, 0x00000000e2400000|100%| O|  |TAMS 0x00000000e2400000, 0x00000000e2300000| Untracked 
|  36|0x00000000e2400000, 0x00000000e2500000, 0x00000000e2500000|100%| O|  |TAMS 0x00000000e2500000, 0x00000000e2400000| Untracked 
|  37|0x00000000e2500000, 0x00000000e2600000, 0x00000000e2600000|100%| O|  |TAMS 0x00000000e2600000, 0x00000000e2500000| Untracked 
|  38|0x00000000e2600000, 0x00000000e2700000, 0x00000000e2700000|100%| O|  |TAMS 0x00000000e2700000, 0x00000000e2600000| Untracked 
|  39|0x00000000e2700000, 0x00000000e2800000, 0x00000000e2800000|100%| O|  |TAMS 0x00000000e2800000, 0x00000000e2700000| Untracked 
|  40|0x00000000e2800000, 0x00000000e2900000, 0x00000000e2900000|100%| O|  |TAMS 0x00000000e2900000, 0x00000000e2800000| Untracked 
|  41|0x00000000e2900000, 0x00000000e2a00000, 0x00000000e2a00000|100%| O|  |TAMS 0x00000000e2a00000, 0x00000000e2900000| Untracked 
|  42|0x00000000e2a00000, 0x00000000e2b00000, 0x00000000e2b00000|100%| O|  |TAMS 0x00000000e2b00000, 0x00000000e2a00000| Untracked 
|  43|0x00000000e2b00000, 0x00000000e2c00000, 0x00000000e2c00000|100%| O|  |TAMS 0x00000000e2c00000, 0x00000000e2b00000| Untracked 
|  44|0x00000000e2c00000, 0x00000000e2d00000, 0x00000000e2d00000|100%| O|  |TAMS 0x00000000e2d00000, 0x00000000e2c00000| Untracked 
|  45|0x00000000e2d00000, 0x00000000e2e00000, 0x00000000e2e00000|100%| O|  |TAMS 0x00000000e2e00000, 0x00000000e2d00000| Untracked 
|  46|0x00000000e2e00000, 0x00000000e2f00000, 0x00000000e2f00000|100%| O|  |TAMS 0x00000000e2e00000, 0x00000000e2e00000| Untracked 
|  47|0x00000000e2f00000, 0x00000000e3000000, 0x00000000e3000000|100%| O|  |TAMS 0x00000000e2f00000, 0x00000000e2f00000| Untracked 
|  48|0x00000000e3000000, 0x00000000e3100000, 0x00000000e3100000|100%| O|  |TAMS 0x00000000e3000000, 0x00000000e3000000| Untracked 
|  49|0x00000000e3100000, 0x00000000e3200000, 0x00000000e3200000|100%| O|  |TAMS 0x00000000e3100000, 0x00000000e3100000| Untracked 
|  50|0x00000000e3200000, 0x00000000e3300000, 0x00000000e3300000|100%| O|  |TAMS 0x00000000e3200000, 0x00000000e3200000| Untracked 
|  51|0x00000000e3300000, 0x00000000e3400000, 0x00000000e3400000|100%| O|  |TAMS 0x00000000e3400000, 0x00000000e3300000| Untracked 
|  52|0x00000000e3400000, 0x00000000e3500000, 0x00000000e3500000|100%| O|  |TAMS 0x00000000e3500000, 0x00000000e3400000| Untracked 
|  53|0x00000000e3500000, 0x00000000e3600000, 0x00000000e3600000|100%| O|  |TAMS 0x00000000e3600000, 0x00000000e3500000| Untracked 
|  54|0x00000000e3600000, 0x00000000e3700000, 0x00000000e3700000|100%| O|  |TAMS 0x00000000e3700000, 0x00000000e3600000| Untracked 
|  55|0x00000000e3700000, 0x00000000e3800000, 0x00000000e3800000|100%| O|  |TAMS 0x00000000e3800000, 0x00000000e3700000| Untracked 
|  56|0x00000000e3800000, 0x00000000e3900000, 0x00000000e3900000|100%| O|  |TAMS 0x00000000e385dc00, 0x00000000e3800000| Untracked 
|  57|0x00000000e3900000, 0x00000000e3a00000, 0x00000000e3a00000|100%| O|  |TAMS 0x00000000e3900000, 0x00000000e3900000| Untracked 
|  58|0x00000000e3a00000, 0x00000000e3b00000, 0x00000000e3b00000|100%| O|  |TAMS 0x00000000e3a00000, 0x00000000e3a00000| Untracked 
|  59|0x00000000e3b00000, 0x00000000e3c00000, 0x00000000e3c00000|100%| O|  |TAMS 0x00000000e3b00000, 0x00000000e3b00000| Untracked 
|  60|0x00000000e3c00000, 0x00000000e3d00000, 0x00000000e3d00000|100%| O|  |TAMS 0x00000000e3c00000, 0x00000000e3c00000| Untracked 
|  61|0x00000000e3d00000, 0x00000000e3e00000, 0x00000000e3e00000|100%| O|  |TAMS 0x00000000e3d00000, 0x00000000e3d00000| Untracked 
|  62|0x00000000e3e00000, 0x00000000e3f00000, 0x00000000e3f00000|100%| O|  |TAMS 0x00000000e3e00000, 0x00000000e3e00000| Untracked 
|  63|0x00000000e3f00000, 0x00000000e4000000, 0x00000000e4000000|100%| O|  |TAMS 0x00000000e3f00000, 0x00000000e3f00000| Untracked 
|  64|0x00000000e4000000, 0x00000000e4100000, 0x00000000e4100000|100%| O|  |TAMS 0x00000000e4000000, 0x00000000e4000000| Untracked 
|  65|0x00000000e4100000, 0x00000000e4200000, 0x00000000e4200000|100%| O|  |TAMS 0x00000000e4100000, 0x00000000e4100000| Untracked 
|  66|0x00000000e4200000, 0x00000000e4300000, 0x00000000e4300000|100%| O|  |TAMS 0x00000000e4200000, 0x00000000e4200000| Untracked 
|  67|0x00000000e4300000, 0x00000000e4400000, 0x00000000e4400000|100%| O|  |TAMS 0x00000000e4300000, 0x00000000e4300000| Untracked 
|  68|0x00000000e4400000, 0x00000000e4500000, 0x00000000e4500000|100%| O|  |TAMS 0x00000000e4400000, 0x00000000e4400000| Untracked 
|  69|0x00000000e4500000, 0x00000000e4600000, 0x00000000e4600000|100%| O|  |TAMS 0x00000000e4500000, 0x00000000e4500000| Untracked 
|  70|0x00000000e4600000, 0x00000000e4700000, 0x00000000e4700000|100%| O|  |TAMS 0x00000000e4600000, 0x00000000e4600000| Untracked 
|  71|0x00000000e4700000, 0x00000000e4800000, 0x00000000e4800000|100%| O|  |TAMS 0x00000000e4700000, 0x00000000e4700000| Untracked 
|  72|0x00000000e4800000, 0x00000000e4900000, 0x00000000e4900000|100%| O|  |TAMS 0x00000000e4800000, 0x00000000e4800000| Untracked 
|  73|0x00000000e4900000, 0x00000000e4a00000, 0x00000000e4a00000|100%| O|  |TAMS 0x00000000e4900000, 0x00000000e4900000| Untracked 
|  74|0x00000000e4a00000, 0x00000000e4b00000, 0x00000000e4b00000|100%| O|  |TAMS 0x00000000e4a00000, 0x00000000e4a00000| Untracked 
|  75|0x00000000e4b00000, 0x00000000e4c00000, 0x00000000e4c00000|100%| O|  |TAMS 0x00000000e4b00000, 0x00000000e4b00000| Untracked 
|  76|0x00000000e4c00000, 0x00000000e4d00000, 0x00000000e4d00000|100%| O|  |TAMS 0x00000000e4c00000, 0x00000000e4c00000| Untracked 
|  77|0x00000000e4d00000, 0x00000000e4e00000, 0x00000000e4e00000|100%| O|  |TAMS 0x00000000e4d00000, 0x00000000e4d00000| Untracked 
|  78|0x00000000e4e00000, 0x00000000e4f00000, 0x00000000e4f00000|100%| O|  |TAMS 0x00000000e4e00000, 0x00000000e4e00000| Untracked 
|  79|0x00000000e4f00000, 0x00000000e5000000, 0x00000000e5000000|100%| O|  |TAMS 0x00000000e4f00000, 0x00000000e4f00000| Untracked 
|  80|0x00000000e5000000, 0x00000000e5100000, 0x00000000e5100000|100%| O|  |TAMS 0x00000000e5000000, 0x00000000e5000000| Untracked 
|  81|0x00000000e5100000, 0x00000000e5200000, 0x00000000e5200000|100%| O|  |TAMS 0x00000000e5100000, 0x00000000e5100000| Untracked 
|  82|0x00000000e5200000, 0x00000000e5300000, 0x00000000e5300000|100%| O|  |TAMS 0x00000000e5200000, 0x00000000e5200000| Untracked 
|  83|0x00000000e5300000, 0x00000000e5400000, 0x00000000e5400000|100%| O|  |TAMS 0x00000000e5300000, 0x00000000e5300000| Untracked 
|  84|0x00000000e5400000, 0x00000000e5400000, 0x00000000e5500000|  0%| F|  |TAMS 0x00000000e5400000, 0x00000000e5400000| Untracked 
|  85|0x00000000e5500000, 0x00000000e5500000, 0x00000000e5600000|  0%| F|  |TAMS 0x00000000e5500000, 0x00000000e5500000| Untracked 
|  86|0x00000000e5600000, 0x00000000e5600000, 0x00000000e5700000|  0%| F|  |TAMS 0x00000000e5600000, 0x00000000e5600000| Untracked 
|  87|0x00000000e5700000, 0x00000000e5700000, 0x00000000e5800000|  0%| F|  |TAMS 0x00000000e5700000, 0x00000000e5700000| Untracked 
|  88|0x00000000e5800000, 0x00000000e5800000, 0x00000000e5900000|  0%| F|  |TAMS 0x00000000e5800000, 0x00000000e5800000| Untracked 
|  89|0x00000000e5900000, 0x00000000e5900000, 0x00000000e5a00000|  0%| F|  |TAMS 0x00000000e5900000, 0x00000000e5900000| Untracked 
|  90|0x00000000e5a00000, 0x00000000e5a00000, 0x00000000e5b00000|  0%| F|  |TAMS 0x00000000e5a00000, 0x00000000e5a00000| Untracked 
|  91|0x00000000e5b00000, 0x00000000e5b00000, 0x00000000e5c00000|  0%| F|  |TAMS 0x00000000e5b00000, 0x00000000e5b00000| Untracked 
|  92|0x00000000e5c00000, 0x00000000e5c00000, 0x00000000e5d00000|  0%| F|  |TAMS 0x00000000e5c00000, 0x00000000e5c00000| Untracked 
|  93|0x00000000e5d00000, 0x00000000e5d00000, 0x00000000e5e00000|  0%| F|  |TAMS 0x00000000e5d00000, 0x00000000e5d00000| Untracked 
|  94|0x00000000e5e00000, 0x00000000e5e00000, 0x00000000e5f00000|  0%| F|  |TAMS 0x00000000e5e00000, 0x00000000e5e00000| Untracked 
|  95|0x00000000e5f00000, 0x00000000e5f00000, 0x00000000e6000000|  0%| F|  |TAMS 0x00000000e5f00000, 0x00000000e5f00000| Untracked 
|  96|0x00000000e6000000, 0x00000000e6000000, 0x00000000e6100000|  0%| F|  |TAMS 0x00000000e6000000, 0x00000000e6000000| Untracked 
|  97|0x00000000e6100000, 0x00000000e6100000, 0x00000000e6200000|  0%| F|  |TAMS 0x00000000e6100000, 0x00000000e6100000| Untracked 
|  98|0x00000000e6200000, 0x00000000e6200000, 0x00000000e6300000|  0%| F|  |TAMS 0x00000000e6200000, 0x00000000e6200000| Untracked 
|  99|0x00000000e6300000, 0x00000000e6300000, 0x00000000e6400000|  0%| F|  |TAMS 0x00000000e6300000, 0x00000000e6300000| Untracked 
| 100|0x00000000e6400000, 0x00000000e6400000, 0x00000000e6500000|  0%| F|  |TAMS 0x00000000e6400000, 0x00000000e6400000| Untracked 
| 101|0x00000000e6500000, 0x00000000e6500000, 0x00000000e6600000|  0%| F|  |TAMS 0x00000000e6500000, 0x00000000e6500000| Untracked 
| 102|0x00000000e6600000, 0x00000000e6600000, 0x00000000e6700000|  0%| F|  |TAMS 0x00000000e6600000, 0x00000000e6600000| Untracked 
| 103|0x00000000e6700000, 0x00000000e6700000, 0x00000000e6800000|  0%| F|  |TAMS 0x00000000e6700000, 0x00000000e6700000| Untracked 
| 104|0x00000000e6800000, 0x00000000e6800000, 0x00000000e6900000|  0%| F|  |TAMS 0x00000000e6800000, 0x00000000e6800000| Untracked 
| 105|0x00000000e6900000, 0x00000000e6900000, 0x00000000e6a00000|  0%| F|  |TAMS 0x00000000e6900000, 0x00000000e6900000| Untracked 
| 106|0x00000000e6a00000, 0x00000000e6a00000, 0x00000000e6b00000|  0%| F|  |TAMS 0x00000000e6a00000, 0x00000000e6a00000| Untracked 
| 107|0x00000000e6b00000, 0x00000000e6b00000, 0x00000000e6c00000|  0%| F|  |TAMS 0x00000000e6b00000, 0x00000000e6b00000| Untracked 
| 108|0x00000000e6c00000, 0x00000000e6c00000, 0x00000000e6d00000|  0%| F|  |TAMS 0x00000000e6c00000, 0x00000000e6c00000| Untracked 
| 109|0x00000000e6d00000, 0x00000000e6d00000, 0x00000000e6e00000|  0%| F|  |TAMS 0x00000000e6d00000, 0x00000000e6d00000| Untracked 
| 110|0x00000000e6e00000, 0x00000000e6e00000, 0x00000000e6f00000|  0%| F|  |TAMS 0x00000000e6e00000, 0x00000000e6e00000| Untracked 
| 111|0x00000000e6f00000, 0x00000000e6f00000, 0x00000000e7000000|  0%| F|  |TAMS 0x00000000e6f00000, 0x00000000e6f00000| Untracked 
| 112|0x00000000e7000000, 0x00000000e7000000, 0x00000000e7100000|  0%| F|  |TAMS 0x00000000e7000000, 0x00000000e7000000| Untracked 
| 113|0x00000000e7100000, 0x00000000e7100000, 0x00000000e7200000|  0%| F|  |TAMS 0x00000000e7100000, 0x00000000e7100000| Untracked 
| 114|0x00000000e7200000, 0x00000000e7200000, 0x00000000e7300000|  0%| F|  |TAMS 0x00000000e7200000, 0x00000000e7200000| Untracked 
| 115|0x00000000e7300000, 0x00000000e7300000, 0x00000000e7400000|  0%| F|  |TAMS 0x00000000e7300000, 0x00000000e7300000| Untracked 
| 116|0x00000000e7400000, 0x00000000e7400000, 0x00000000e7500000|  0%| F|  |TAMS 0x00000000e7400000, 0x00000000e7400000| Untracked 
| 117|0x00000000e7500000, 0x00000000e7500000, 0x00000000e7600000|  0%| F|  |TAMS 0x00000000e7500000, 0x00000000e7500000| Untracked 
| 118|0x00000000e7600000, 0x00000000e76fa6b0, 0x00000000e7700000| 97%| S|CS|TAMS 0x00000000e7600000, 0x00000000e7600000| Complete 
| 119|0x00000000e7700000, 0x00000000e7800000, 0x00000000e7800000|100%| S|CS|TAMS 0x00000000e7700000, 0x00000000e7700000| Complete 
| 120|0x00000000e7800000, 0x00000000e7800000, 0x00000000e7900000|  0%| F|  |TAMS 0x00000000e7800000, 0x00000000e7800000| Untracked 
| 121|0x00000000e7900000, 0x00000000e7a00000, 0x00000000e7a00000|100%| S|CS|TAMS 0x00000000e7900000, 0x00000000e7900000| Complete 
| 122|0x00000000e7a00000, 0x00000000e7b00000, 0x00000000e7b00000|100%| S|CS|TAMS 0x00000000e7a00000, 0x00000000e7a00000| Complete 
| 123|0x00000000e7b00000, 0x00000000e7c00000, 0x00000000e7c00000|100%| S|CS|TAMS 0x00000000e7b00000, 0x00000000e7b00000| Complete 
| 124|0x00000000e7c00000, 0x00000000e7d00000, 0x00000000e7d00000|100%| S|CS|TAMS 0x00000000e7c00000, 0x00000000e7c00000| Complete 
| 125|0x00000000e7d00000, 0x00000000e7d00000, 0x00000000e7e00000|  0%| F|  |TAMS 0x00000000e7d00000, 0x00000000e7d00000| Untracked 
| 126|0x00000000e7e00000, 0x00000000e7e00000, 0x00000000e7f00000|  0%| F|  |TAMS 0x00000000e7e00000, 0x00000000e7e00000| Untracked 
| 127|0x00000000e7f00000, 0x00000000e7f00000, 0x00000000e8000000|  0%| F|  |TAMS 0x00000000e7f00000, 0x00000000e7f00000| Untracked 
| 128|0x00000000e8000000, 0x00000000e8000000, 0x00000000e8100000|  0%| F|  |TAMS 0x00000000e8000000, 0x00000000e8000000| Untracked 
| 129|0x00000000e8100000, 0x00000000e8100000, 0x00000000e8200000|  0%| F|  |TAMS 0x00000000e8100000, 0x00000000e8100000| Untracked 
| 130|0x00000000e8200000, 0x00000000e8200000, 0x00000000e8300000|  0%| F|  |TAMS 0x00000000e8200000, 0x00000000e8200000| Untracked 
| 131|0x00000000e8300000, 0x00000000e8300000, 0x00000000e8400000|  0%| F|  |TAMS 0x00000000e8300000, 0x00000000e8300000| Untracked 
| 132|0x00000000e8400000, 0x00000000e8400000, 0x00000000e8500000|  0%| F|  |TAMS 0x00000000e8400000, 0x00000000e8400000| Untracked 
| 133|0x00000000e8500000, 0x00000000e8500000, 0x00000000e8600000|  0%| F|  |TAMS 0x00000000e8500000, 0x00000000e8500000| Untracked 
| 134|0x00000000e8600000, 0x00000000e8600000, 0x00000000e8700000|  0%| F|  |TAMS 0x00000000e8600000, 0x00000000e8600000| Untracked 
| 135|0x00000000e8700000, 0x00000000e8700000, 0x00000000e8800000|  0%| F|  |TAMS 0x00000000e8700000, 0x00000000e8700000| Untracked 
| 136|0x00000000e8800000, 0x00000000e8800000, 0x00000000e8900000|  0%| F|  |TAMS 0x00000000e8800000, 0x00000000e8800000| Untracked 
| 137|0x00000000e8900000, 0x00000000e8900000, 0x00000000e8a00000|  0%| F|  |TAMS 0x00000000e8900000, 0x00000000e8900000| Untracked 
| 138|0x00000000e8a00000, 0x00000000e8a00000, 0x00000000e8b00000|  0%| F|  |TAMS 0x00000000e8a00000, 0x00000000e8a00000| Untracked 
| 139|0x00000000e8b00000, 0x00000000e8c00000, 0x00000000e8c00000|100%| E|  |TAMS 0x00000000e8b00000, 0x00000000e8b00000| Complete 
| 140|0x00000000e8c00000, 0x00000000e8d00000, 0x00000000e8d00000|100%| E|CS|TAMS 0x00000000e8c00000, 0x00000000e8c00000| Complete 
| 141|0x00000000e8d00000, 0x00000000e8e00000, 0x00000000e8e00000|100%| E|CS|TAMS 0x00000000e8d00000, 0x00000000e8d00000| Complete 
| 142|0x00000000e8e00000, 0x00000000e8f00000, 0x00000000e8f00000|100%| E|CS|TAMS 0x00000000e8e00000, 0x00000000e8e00000| Complete 
| 143|0x00000000e8f00000, 0x00000000e9000000, 0x00000000e9000000|100%| E|CS|TAMS 0x00000000e8f00000, 0x00000000e8f00000| Complete 
| 144|0x00000000e9000000, 0x00000000e9100000, 0x00000000e9100000|100%| E|CS|TAMS 0x00000000e9000000, 0x00000000e9000000| Complete 
| 145|0x00000000e9100000, 0x00000000e9200000, 0x00000000e9200000|100%| E|CS|TAMS 0x00000000e9100000, 0x00000000e9100000| Complete 
| 146|0x00000000e9200000, 0x00000000e9300000, 0x00000000e9300000|100%| E|CS|TAMS 0x00000000e9200000, 0x00000000e9200000| Complete 
| 147|0x00000000e9300000, 0x00000000e9400000, 0x00000000e9400000|100%| E|CS|TAMS 0x00000000e9300000, 0x00000000e9300000| Complete 
| 148|0x00000000e9400000, 0x00000000e9500000, 0x00000000e9500000|100%| E|CS|TAMS 0x00000000e9400000, 0x00000000e9400000| Complete 
| 149|0x00000000e9500000, 0x00000000e9600000, 0x00000000e9600000|100%| E|CS|TAMS 0x00000000e9500000, 0x00000000e9500000| Complete 
| 150|0x00000000e9600000, 0x00000000e9700000, 0x00000000e9700000|100%| E|CS|TAMS 0x00000000e9600000, 0x00000000e9600000| Complete 
| 151|0x00000000e9700000, 0x00000000e9800000, 0x00000000e9800000|100%| E|CS|TAMS 0x00000000e9700000, 0x00000000e9700000| Complete 
| 152|0x00000000e9800000, 0x00000000e9900000, 0x00000000e9900000|100%| E|CS|TAMS 0x00000000e9800000, 0x00000000e9800000| Complete 
| 153|0x00000000e9900000, 0x00000000e9a00000, 0x00000000e9a00000|100%| E|CS|TAMS 0x00000000e9900000, 0x00000000e9900000| Complete 
| 154|0x00000000e9a00000, 0x00000000e9b00000, 0x00000000e9b00000|100%| E|CS|TAMS 0x00000000e9a00000, 0x00000000e9a00000| Complete 
| 155|0x00000000e9b00000, 0x00000000e9c00000, 0x00000000e9c00000|100%| E|CS|TAMS 0x00000000e9b00000, 0x00000000e9b00000| Complete 
| 156|0x00000000e9c00000, 0x00000000e9d00000, 0x00000000e9d00000|100%| E|CS|TAMS 0x00000000e9c00000, 0x00000000e9c00000| Complete 
| 157|0x00000000e9d00000, 0x00000000e9e00000, 0x00000000e9e00000|100%| E|CS|TAMS 0x00000000e9d00000, 0x00000000e9d00000| Complete 
| 158|0x00000000e9e00000, 0x00000000e9f00000, 0x00000000e9f00000|100%| E|CS|TAMS 0x00000000e9e00000, 0x00000000e9e00000| Complete 
| 159|0x00000000e9f00000, 0x00000000ea000000, 0x00000000ea000000|100%| E|CS|TAMS 0x00000000e9f00000, 0x00000000e9f00000| Complete 
| 160|0x00000000ea000000, 0x00000000ea100000, 0x00000000ea100000|100%| E|CS|TAMS 0x00000000ea000000, 0x00000000ea000000| Complete 
| 161|0x00000000ea100000, 0x00000000ea200000, 0x00000000ea200000|100%| E|CS|TAMS 0x00000000ea100000, 0x00000000ea100000| Complete 
| 162|0x00000000ea200000, 0x00000000ea300000, 0x00000000ea300000|100%| E|CS|TAMS 0x00000000ea200000, 0x00000000ea200000| Complete 
| 163|0x00000000ea300000, 0x00000000ea400000, 0x00000000ea400000|100%| E|CS|TAMS 0x00000000ea300000, 0x00000000ea300000| Complete 
| 164|0x00000000ea400000, 0x00000000ea500000, 0x00000000ea500000|100%| E|CS|TAMS 0x00000000ea400000, 0x00000000ea400000| Complete 
| 165|0x00000000ea500000, 0x00000000ea600000, 0x00000000ea600000|100%| E|CS|TAMS 0x00000000ea500000, 0x00000000ea500000| Complete 
| 166|0x00000000ea600000, 0x00000000ea700000, 0x00000000ea700000|100%| E|CS|TAMS 0x00000000ea600000, 0x00000000ea600000| Complete 
| 167|0x00000000ea700000, 0x00000000ea800000, 0x00000000ea800000|100%| E|CS|TAMS 0x00000000ea700000, 0x00000000ea700000| Complete 
| 168|0x00000000ea800000, 0x00000000ea900000, 0x00000000ea900000|100%| E|CS|TAMS 0x00000000ea800000, 0x00000000ea800000| Complete 
| 169|0x00000000ea900000, 0x00000000eaa00000, 0x00000000eaa00000|100%| E|CS|TAMS 0x00000000ea900000, 0x00000000ea900000| Complete 
| 170|0x00000000eaa00000, 0x00000000eab00000, 0x00000000eab00000|100%| E|CS|TAMS 0x00000000eaa00000, 0x00000000eaa00000| Complete 
| 171|0x00000000eab00000, 0x00000000eac00000, 0x00000000eac00000|100%| E|CS|TAMS 0x00000000eab00000, 0x00000000eab00000| Complete 
| 172|0x00000000eac00000, 0x00000000ead00000, 0x00000000ead00000|100%| E|CS|TAMS 0x00000000eac00000, 0x00000000eac00000| Complete 
| 173|0x00000000ead00000, 0x00000000eae00000, 0x00000000eae00000|100%| E|CS|TAMS 0x00000000ead00000, 0x00000000ead00000| Complete 
| 174|0x00000000eae00000, 0x00000000eaf00000, 0x00000000eaf00000|100%| E|CS|TAMS 0x00000000eae00000, 0x00000000eae00000| Complete 
| 175|0x00000000eaf00000, 0x00000000eb000000, 0x00000000eb000000|100%| E|CS|TAMS 0x00000000eaf00000, 0x00000000eaf00000| Complete 
| 176|0x00000000eb000000, 0x00000000eb100000, 0x00000000eb100000|100%| E|CS|TAMS 0x00000000eb000000, 0x00000000eb000000| Complete 
| 177|0x00000000eb100000, 0x00000000eb200000, 0x00000000eb200000|100%| E|CS|TAMS 0x00000000eb100000, 0x00000000eb100000| Complete 
| 178|0x00000000eb200000, 0x00000000eb300000, 0x00000000eb300000|100%| E|CS|TAMS 0x00000000eb200000, 0x00000000eb200000| Complete 
| 179|0x00000000eb300000, 0x00000000eb400000, 0x00000000eb400000|100%| E|CS|TAMS 0x00000000eb300000, 0x00000000eb300000| Complete 
| 180|0x00000000eb400000, 0x00000000eb500000, 0x00000000eb500000|100%| E|CS|TAMS 0x00000000eb400000, 0x00000000eb400000| Complete 
| 181|0x00000000eb500000, 0x00000000eb600000, 0x00000000eb600000|100%| E|CS|TAMS 0x00000000eb500000, 0x00000000eb500000| Complete 
| 182|0x00000000eb600000, 0x00000000eb700000, 0x00000000eb700000|100%| E|CS|TAMS 0x00000000eb600000, 0x00000000eb600000| Complete 
| 183|0x00000000eb700000, 0x00000000eb800000, 0x00000000eb800000|100%| E|CS|TAMS 0x00000000eb700000, 0x00000000eb700000| Complete 
| 184|0x00000000eb800000, 0x00000000eb900000, 0x00000000eb900000|100%| E|CS|TAMS 0x00000000eb800000, 0x00000000eb800000| Complete 
| 185|0x00000000eb900000, 0x00000000eba00000, 0x00000000eba00000|100%| E|CS|TAMS 0x00000000eb900000, 0x00000000eb900000| Complete 
| 186|0x00000000eba00000, 0x00000000ebb00000, 0x00000000ebb00000|100%| E|CS|TAMS 0x00000000eba00000, 0x00000000eba00000| Complete 
| 187|0x00000000ebb00000, 0x00000000ebc00000, 0x00000000ebc00000|100%| E|CS|TAMS 0x00000000ebb00000, 0x00000000ebb00000| Complete 
| 188|0x00000000ebc00000, 0x00000000ebd00000, 0x00000000ebd00000|100%| E|CS|TAMS 0x00000000ebc00000, 0x00000000ebc00000| Complete 
| 189|0x00000000ebd00000, 0x00000000ebe00000, 0x00000000ebe00000|100%| E|CS|TAMS 0x00000000ebd00000, 0x00000000ebd00000| Complete 

Card table byte_map: [0x00000210ae2b0000,0x00000210ae3b0000] _byte_map_base: 0x00000210adbb0000

Marking Bits (Prev, Next): (CMBitMap*) 0x0000021095cf4c70, (CMBitMap*) 0x0000021095cf4c38
 Prev Bits: [0x00000210aecb0000, 0x00000210af4b0000)
 Next Bits: [0x00000210ae4b0000, 0x00000210aecb0000)

Polling page: 0x0000021095c50000

Metaspace:

Usage:
  Non-class:     43.83 MB capacity,    43.00 MB ( 98%) used,   720.52 KB (  2%) free+waste,   123.44 KB ( <1%) overhead. 
      Class:      5.89 MB capacity,     5.27 MB ( 90%) used,   564.78 KB (  9%) free+waste,    61.94 KB (  1%) overhead. 
       Both:     49.71 MB capacity,    48.28 MB ( 97%) used,     1.26 MB (  3%) free+waste,   185.38 KB ( <1%) overhead. 

Virtual space:
  Non-class space:       44.00 MB reserved,      44.00 MB (100%) committed 
      Class space:        1.00 GB reserved,       6.00 MB ( <1%) committed 
             Both:        1.04 GB reserved,      50.00 MB (  5%) committed 

Chunk freelists:
   Non-Class:  5.88 KB
       Class:  2.62 KB
        Both:  8.50 KB

CodeHeap 'non-profiled nmethods': size=120064Kb used=3738Kb max_used=3738Kb free=116325Kb
 bounds [0x00000210a6640000, 0x00000210a69f0000, 0x00000210adb80000]
CodeHeap 'profiled nmethods': size=120000Kb used=12855Kb max_used=12855Kb free=107144Kb
 bounds [0x000002109f110000, 0x000002109fda0000, 0x00000210a6640000]
CodeHeap 'non-nmethods': size=5696Kb used=2209Kb max_used=2250Kb free=3486Kb
 bounds [0x000002109eb80000, 0x000002109edf0000, 0x000002109f110000]
 total_blobs=6268 nmethods=5488 adapters=691
 compilation: enabled
              stopped_count=0, restarted_count=0
 full_count=0

Compilation events (10 events):
Event: 13.051 Thread 0x00000210b24f5800 nmethod 5501 0x00000210a69d8390 code [0x00000210a69d8800, 0x00000210a69dd2a8]
Event: 13.052 Thread 0x00000210b24f5800 5515       4       org.aspectj.apache.bcel.generic.Type::getTypeInternal (274 bytes)
Event: 13.064 Thread 0x00000210b235f800 5558       3       org.codehaus.groovy.runtime.InvokerHelper::getMetaClass (48 bytes)
Event: 13.066 Thread 0x00000210b235f800 nmethod 5558 0x000002109fd9c210 code [0x000002109fd9c4e0, 0x000002109fd9d808]
Event: 13.144 Thread 0x00000210b234e000 nmethod 5505 0x00000210a69e0790 code [0x00000210a69e0ac0, 0x00000210a69e2e38]
Event: 13.144 Thread 0x00000210b234e000 5519       4       org.aspectj.weaver.ReferenceType::clearParameterizationCaches (35 bytes)
Event: 13.149 Thread 0x00000210b234e000 nmethod 5519 0x00000210a69e4710 code [0x00000210a69e48a0, 0x00000210a69e4cb8]
Event: 13.149 Thread 0x00000210b234e000 5561       4       org.aspectj.weaver.bcel.BcelPerClauseAspectAdder::matches (18 bytes)
Event: 13.150 Thread 0x00000210b234e000 nmethod 5561 0x00000210a69e4e10 code [0x00000210a69e4fa0, 0x00000210a69e5088]
Event: 13.150 Thread 0x00000210b234e000 5557   !   4       sun.net.www.ParseUtil::decode (317 bytes)

GC Heap History (10 events):
Event: 9.160 GC heap before
{Heap before GC invocations=13 (full 0):
 garbage-first heap   total 194560K, used 141043K [0x00000000e0000000, 0x0000000100000000)
  region size 1024K, 88 young (90112K), 9 survivors (9216K)
 Metaspace       used 38195K, capacity 39086K, committed 39296K, reserved 1083392K
  class space    used 4033K, capacity 4363K, committed 4480K, reserved 1048576K
}
Event: 9.184 GC heap after
{Heap after GC invocations=14 (full 0):
 garbage-first heap   total 194560K, used 63863K [0x00000000e0000000, 0x0000000100000000)
  region size 1024K, 11 young (11264K), 11 survivors (11264K)
 Metaspace       used 38195K, capacity 39086K, committed 39296K, reserved 1083392K
  class space    used 4033K, capacity 4363K, committed 4480K, reserved 1048576K
}
Event: 9.789 GC heap before
{Heap before GC invocations=15 (full 0):
 garbage-first heap   total 194560K, used 141687K [0x00000000e0000000, 0x0000000100000000)
  region size 1024K, 87 young (89088K), 11 survivors (11264K)
 Metaspace       used 40785K, capacity 41646K, committed 41856K, reserved 1087488K
  class space    used 4303K, capacity 4619K, committed 4736K, reserved 1048576K
}
Event: 9.815 GC heap after
{Heap after GC invocations=16 (full 0):
 garbage-first heap   total 194560K, used 73686K [0x00000000e0000000, 0x0000000100000000)
  region size 1024K, 10 young (10240K), 10 survivors (10240K)
 Metaspace       used 40785K, capacity 41646K, committed 41856K, reserved 1087488K
  class space    used 4303K, capacity 4619K, committed 4736K, reserved 1048576K
}
Event: 10.586 GC heap before
{Heap before GC invocations=16 (full 0):
 garbage-first heap   total 194560K, used 145366K [0x00000000e0000000, 0x0000000100000000)
  region size 1024K, 80 young (81920K), 10 survivors (10240K)
 Metaspace       used 42909K, capacity 43788K, committed 44160K, reserved 1089536K
  class space    used 4556K, capacity 4865K, committed 4992K, reserved 1048576K
}
Event: 10.609 GC heap after
{Heap after GC invocations=17 (full 0):
 garbage-first heap   total 194560K, used 79784K [0x00000000e0000000, 0x0000000100000000)
  region size 1024K, 6 young (6144K), 6 survivors (6144K)
 Metaspace       used 42909K, capacity 43788K, committed 44160K, reserved 1089536K
  class space    used 4556K, capacity 4865K, committed 4992K, reserved 1048576K
}
Event: 11.542 GC heap before
{Heap before GC invocations=17 (full 0):
 garbage-first heap   total 194560K, used 149416K [0x00000000e0000000, 0x0000000100000000)
  region size 1024K, 75 young (76800K), 6 survivors (6144K)
 Metaspace       used 45187K, capacity 46405K, committed 46592K, reserved 1091584K
  class space    used 4849K, capacity 5364K, committed 5376K, reserved 1048576K
}
Event: 11.567 GC heap after
{Heap after GC invocations=18 (full 0):
 garbage-first heap   total 194560K, used 86844K [0x00000000e0000000, 0x0000000100000000)
  region size 1024K, 7 young (7168K), 7 survivors (7168K)
 Metaspace       used 45187K, capacity 46405K, committed 46592K, reserved 1091584K
  class space    used 4849K, capacity 5364K, committed 5376K, reserved 1048576K
}
Event: 12.441 GC heap before
{Heap before GC invocations=18 (full 0):
 garbage-first heap   total 194560K, used 153404K [0x00000000e0000000, 0x0000000100000000)
  region size 1024K, 72 young (73728K), 7 survivors (7168K)
 Metaspace       used 48238K, capacity 49577K, committed 49792K, reserved 1093632K
  class space    used 5213K, capacity 5742K, committed 5760K, reserved 1048576K
}
Event: 12.459 GC heap after
{Heap after GC invocations=19 (full 0):
 garbage-first heap   total 194560K, used 92137K [0x00000000e0000000, 0x0000000100000000)
  region size 1024K, 6 young (6144K), 6 survivors (6144K)
 Metaspace       used 48238K, capacity 49577K, committed 49792K, reserved 1093632K
  class space    used 5213K, capacity 5742K, committed 5760K, reserved 1048576K
}

Deoptimization events (10 events):
Event: 11.764 Thread 0x0000021095cd2800 Uncommon trap: reason=unstable_if action=reinterpret pc=0x00000210a67fbfc0 method=sun.net.util.IPAddressUtil.scan(Ljava/lang/String;JJ[C)I @ 14 c2
Event: 11.784 Thread 0x0000021095cd2800 Uncommon trap: reason=unstable_if action=reinterpret pc=0x00000210a67fc350 method=sun.net.util.IPAddressUtil.scan(Ljava/lang/String;JJ[C)I @ 14 c2
Event: 11.888 Thread 0x0000021095cd2800 Uncommon trap: reason=unstable_if action=reinterpret pc=0x00000210a6845eb8 method=java.util.regex.Pattern.closure(Ljava/util/regex/Pattern$Node;)Ljava/util/regex/Pattern$Node; @ 6 c2
Event: 11.900 Thread 0x0000021095cd2800 Uncommon trap: reason=unstable_if action=reinterpret pc=0x00000210a6652dc4 method=java.lang.CharacterData.of(I)Ljava/lang/CharacterData; @ 4 c2
Event: 12.293 Thread 0x0000021095cd2800 Uncommon trap: reason=unstable_if action=reinterpret pc=0x00000210a66d84b4 method=java.lang.ref.SoftReference.get()Ljava/lang/Object; @ 6 c2
Event: 12.310 Thread 0x0000021095cd2800 Uncommon trap: reason=class_check action=maybe_recompile pc=0x00000210a67026f8 method=java.io.BufferedInputStream.read1([BII)I @ 39 c2
Event: 12.311 Thread 0x0000021095cd2800 Uncommon trap: reason=class_check action=maybe_recompile pc=0x00000210a67026f8 method=java.io.BufferedInputStream.read1([BII)I @ 39 c2
Event: 12.313 Thread 0x0000021095cd2800 Uncommon trap: reason=class_check action=maybe_recompile pc=0x00000210a67026f8 method=java.io.BufferedInputStream.read1([BII)I @ 39 c2
Event: 12.313 Thread 0x0000021095cd2800 Uncommon trap: reason=class_check action=maybe_recompile pc=0x00000210a66dc764 method=java.io.BufferedInputStream.read1([BII)I @ 39 c2
Event: 13.137 Thread 0x0000021095cd2800 Uncommon trap: reason=unstable_if action=reinterpret pc=0x00000210a6929490 method=sun.net.www.ParseUtil.encodePath(Ljava/lang/String;Z)Ljava/lang/String; @ 1 c2

Classes redefined (0 events):
No events

Internal exceptions (10 events):
Event: 12.905 Thread 0x0000021095cd2800 Exception <a 'java/lang/ArrayIndexOutOfBoundsException'{0x00000000e9c2adc8}> (0x00000000e9c2adc8) thrown at [./open/src/hotspot/share/runtime/sharedRuntime.cpp, line 605]
Event: 12.905 Thread 0x0000021095cd2800 Exception <a 'java/lang/ArrayIndexOutOfBoundsException'{0x00000000e9c2c0d8}> (0x00000000e9c2c0d8) thrown at [./open/src/hotspot/share/runtime/sharedRuntime.cpp, line 605]
Event: 12.905 Thread 0x0000021095cd2800 Exception <a 'java/lang/ArrayIndexOutOfBoundsException'{0x00000000e9c2e060}> (0x00000000e9c2e060) thrown at [./open/src/hotspot/share/runtime/sharedRuntime.cpp, line 605]
Event: 12.905 Thread 0x0000021095cd2800 Exception <a 'java/lang/ArrayIndexOutOfBoundsException'{0x00000000e9c2f370}> (0x00000000e9c2f370) thrown at [./open/src/hotspot/share/runtime/sharedRuntime.cpp, line 605]
Event: 12.905 Thread 0x0000021095cd2800 Exception <a 'java/lang/ArrayIndexOutOfBoundsException'{0x00000000e9c30680}> (0x00000000e9c30680) thrown at [./open/src/hotspot/share/runtime/sharedRuntime.cpp, line 605]
Event: 12.905 Thread 0x0000021095cd2800 Exception <a 'java/lang/ArrayIndexOutOfBoundsException'{0x00000000e9c373c8}> (0x00000000e9c373c8) thrown at [./open/src/hotspot/share/runtime/sharedRuntime.cpp, line 605]
Event: 12.905 Thread 0x0000021095cd2800 Exception <a 'java/lang/ArrayIndexOutOfBoundsException'{0x00000000e9c386d8}> (0x00000000e9c386d8) thrown at [./open/src/hotspot/share/runtime/sharedRuntime.cpp, line 605]
Event: 12.905 Thread 0x0000021095cd2800 Exception <a 'java/lang/ArrayIndexOutOfBoundsException'{0x00000000e9c399e8}> (0x00000000e9c399e8) thrown at [./open/src/hotspot/share/runtime/sharedRuntime.cpp, line 605]
Event: 13.066 Thread 0x0000021095cd2800 Exception <a 'java/lang/ClassNotFoundException'{0x00000000e8fc8c28}: sun/net/spi/DefaultProxySelectorBeanInfo> (0x00000000e8fc8c28) thrown at [./open/src/hotspot/share/classfile/systemDictionary.cpp, line 226]
Event: 13.066 Thread 0x0000021095cd2800 Exception <a 'java/lang/ClassNotFoundException'{0x00000000e8fcb1a8}: sun/net/spi/DefaultProxySelectorCustomizer> (0x00000000e8fcb1a8) thrown at [./open/src/hotspot/share/classfile/systemDictionary.cpp, line 226]

Events (10 events):
Event: 13.106 loading class org/apache/http/client/methods/AbstractExecutionAwareRequest$2 done
Event: 13.136 loading class javax/net/DefaultSocketFactory
Event: 13.137 loading class javax/net/DefaultSocketFactory done
Event: 13.137 loading class java/net/SocketCleanable
Event: 13.137 loading class java/net/SocketCleanable done
Event: 13.137 loading class java/net/SocksSocketImpl$3
Event: 13.137 loading class java/net/SocksSocketImpl$3 done
Event: 13.137 Thread 0x0000021095cd2800 Uncommon trap: trap_request=0xffffff4d fr.pc=0x00000210a6929490 relative=0x00000000000001f0
Event: 13.137 Thread 0x0000021095cd2800 DEOPT PACKING pc=0x00000210a6929490 sp=0x000000aad8af74c0
Event: 13.137 Thread 0x0000021095cd2800 DEOPT UNPACKING pc=0x000002109eba65af sp=0x000000aad8af7478 mode 2


Dynamic libraries:
0x00007ff759ec0000 - 0x00007ff759ed0000 	C:\Program Files\Java\jdk-11\bin\java.exe
0x00007ffc2bbc0000 - 0x00007ffc2be26000 	C:\WINDOWS\SYSTEM32\ntdll.dll
0x00007ffc2a780000 - 0x00007ffc2a849000 	C:\WINDOWS\System32\KERNEL32.DLL
0x00007ffc28f10000 - 0x00007ffc2930a000 	C:\WINDOWS\System32\KERNELBASE.dll
0x00007ffc297e0000 - 0x00007ffc2992c000 	C:\WINDOWS\System32\ucrtbase.dll
0x00007ffc0cf00000 - 0x00007ffc0cf19000 	C:\Program Files\Java\jdk-11\bin\jli.dll
0x00007ffbe9a20000 - 0x00007ffbe9a3b000 	C:\Program Files\Java\jdk-11\bin\VCRUNTIME140.dll
0x00007ffc2a2a0000 - 0x00007ffc2a356000 	C:\WINDOWS\System32\ADVAPI32.dll
0x00007ffc29eb0000 - 0x00007ffc29f59000 	C:\WINDOWS\System32\msvcrt.dll
0x00007ffc29dd0000 - 0x00007ffc29e7a000 	C:\WINDOWS\System32\sechost.dll
0x00007ffc2a920000 - 0x00007ffc2aa38000 	C:\WINDOWS\System32\RPCRT4.dll
0x00007ffc29930000 - 0x00007ffc29af7000 	C:\WINDOWS\System32\USER32.dll
0x00007ffc295a0000 - 0x00007ffc295c7000 	C:\WINDOWS\System32\win32u.dll
0x00007ffc2a190000 - 0x00007ffc2a1bb000 	C:\WINDOWS\System32\GDI32.dll
0x00007ffc293c0000 - 0x00007ffc294eb000 	C:\WINDOWS\System32\gdi32full.dll
0x00007ffc294f0000 - 0x00007ffc29593000 	C:\WINDOWS\System32\msvcp_win.dll
0x00007ffc100a0000 - 0x00007ffc10332000 	C:\WINDOWS\WinSxS\amd64_microsoft.windows.common-controls_6595b64144ccf1df_6.0.26100.8521_none_3e08b75ce33403b3\COMCTL32.dll
0x00007ffc18e60000 - 0x00007ffc18e6b000 	C:\WINDOWS\SYSTEM32\VERSION.dll
0x00007ffc2a8e0000 - 0x00007ffc2a912000 	C:\WINDOWS\System32\IMM32.DLL
0x00007ffc124e0000 - 0x00007ffc124ec000 	C:\Program Files\Java\jdk-11\bin\vcruntime140_1.dll
0x00007ffbb66a0000 - 0x00007ffbb672e000 	C:\Program Files\Java\jdk-11\bin\msvcp140.dll
0x00007ffb64aa0000 - 0x00007ffb65603000 	C:\Program Files\Java\jdk-11\bin\server\jvm.dll
0x00007ffc29b00000 - 0x00007ffc29b08000 	C:\WINDOWS\System32\PSAPI.DLL
0x00007ffc116a0000 - 0x00007ffc116aa000 	C:\WINDOWS\SYSTEM32\WSOCK32.dll
0x00007ffc2a850000 - 0x00007ffc2a8d0000 	C:\WINDOWS\System32\WS2_32.dll
0x00007ffc0a550000 - 0x00007ffc0a586000 	C:\WINDOWS\SYSTEM32\WINMM.dll
0x00007ffc27be0000 - 0x00007ffc27bfb000 	C:\WINDOWS\SYSTEM32\kernel.appcore.dll
0x00007ffc11e40000 - 0x00007ffc11e50000 	C:\Program Files\Java\jdk-11\bin\verify.dll
0x00007ffc20870000 - 0x00007ffc20ab2000 	C:\WINDOWS\SYSTEM32\DBGHELP.DLL
0x00007ffc2a3e0000 - 0x00007ffc2a763000 	C:\WINDOWS\System32\combase.dll
0x00007ffc2a1c0000 - 0x00007ffc2a299000 	C:\WINDOWS\System32\OLEAUT32.dll
0x00007ffc096c0000 - 0x00007ffc096fb000 	C:\WINDOWS\SYSTEM32\dbgcore.DLL
0x00007ffc29310000 - 0x00007ffc293b8000 	C:\WINDOWS\System32\bcryptPrimitives.dll
0x00007ffbe9630000 - 0x00007ffbe9658000 	C:\Program Files\Java\jdk-11\bin\java.dll
0x00007ffc11460000 - 0x00007ffc1146a000 	C:\Program Files\Java\jdk-11\bin\jimage.dll
0x00007ffbe9920000 - 0x00007ffbe992e000 	C:\Program Files\Java\jdk-11\bin\instrument.dll
0x00007ffbe9870000 - 0x00007ffbe9887000 	C:\Program Files\Java\jdk-11\bin\zip.dll
0x00007ffc2b390000 - 0x00007ffc2bb14000 	C:\WINDOWS\System32\SHELL32.dll
0x00007ffc26a50000 - 0x00007ffc272d0000 	C:\WINDOWS\SYSTEM32\windows.storage.dll
0x00007ffc2ab50000 - 0x00007ffc2ac46000 	C:\WINDOWS\System32\SHCORE.dll
0x00007ffc29b10000 - 0x00007ffc29b77000 	C:\WINDOWS\System32\shlwapi.dll
0x00007ffc28d70000 - 0x00007ffc28d99000 	C:\WINDOWS\SYSTEM32\profapi.dll
0x00007ffbe5af0000 - 0x00007ffbe5b09000 	C:\Program Files\Java\jdk-11\bin\net.dll
0x00007ffc16de0000 - 0x00007ffc16f09000 	C:\WINDOWS\SYSTEM32\WINHTTP.dll
0x00007ffc28150000 - 0x00007ffc281bc000 	C:\WINDOWS\system32\mswsock.dll
0x00007ffbe2c70000 - 0x00007ffbe2c82000 	C:\Program Files\Java\jdk-11\bin\nio.dll
0x00007ffc28430000 - 0x00007ffc2844b000 	C:\WINDOWS\SYSTEM32\CRYPTSP.dll
0x00007ffc27b40000 - 0x00007ffc27b79000 	C:\WINDOWS\system32\rsaenh.dll
0x00007ffc28200000 - 0x00007ffc28233000 	C:\WINDOWS\SYSTEM32\USERENV.dll
0x00007ffc28d40000 - 0x00007ffc28d6a000 	C:\WINDOWS\SYSTEM32\bcrypt.dll
0x00007ffc28450000 - 0x00007ffc2845c000 	C:\WINDOWS\SYSTEM32\CRYPTBASE.dll
0x00007ffc275e0000 - 0x00007ffc27613000 	C:\WINDOWS\SYSTEM32\IPHLPAPI.DLL
0x00007ffc29c60000 - 0x00007ffc29c6a000 	C:\WINDOWS\System32\NSI.dll
0x00007ffc175d0000 - 0x00007ffc175ed000 	C:\WINDOWS\SYSTEM32\dhcpcsvc6.DLL
0x00007ffc16db0000 - 0x00007ffc16dd5000 	C:\WINDOWS\SYSTEM32\dhcpcsvc.DLL
0x00007ffc276d0000 - 0x00007ffc2781a000 	C:\WINDOWS\SYSTEM32\DNSAPI.dll
0x00007ffc27f50000 - 0x00007ffc27f5d000 	C:\WINDOWS\SYSTEM32\DSPARSE.dll
0x00007ffbf8d60000 - 0x00007ffbf8d78000 	C:\WINDOWS\system32\napinsp.dll
0x00007ffbf6d80000 - 0x00007ffbf6d93000 	C:\WINDOWS\System32\winrnr.dll
0x00007ffbf6d50000 - 0x00007ffbf6d72000 	C:\WINDOWS\system32\nlansp_c.dll
0x00007ffc16940000 - 0x00007ffc16956000 	C:\WINDOWS\system32\wshbth.dll
0x00007ffc16770000 - 0x00007ffc1677b000 	C:\Windows\System32\rasadhlp.dll
0x00007ffc163c0000 - 0x00007ffc16446000 	C:\WINDOWS\System32\fwpuclnt.dll
0x00007ffbe9910000 - 0x00007ffbe9919000 	C:\Program Files\Java\jdk-11\bin\management.dll
0x00007ffbe5110000 - 0x00007ffbe511b000 	C:\Program Files\Java\jdk-11\bin\management_ext.dll
0x00007ffc11f30000 - 0x00007ffc11f3e000 	C:\Program Files\Java\jdk-11\bin\sunmscapi.dll
0x00007ffc295d0000 - 0x00007ffc29748000 	C:\WINDOWS\System32\CRYPT32.dll
0x00007ffc28650000 - 0x00007ffc28680000 	C:\WINDOWS\SYSTEM32\ncrypt.dll
0x00007ffc28600000 - 0x00007ffc2863f000 	C:\WINDOWS\SYSTEM32\NTASN1.dll
0x00007ffc11f00000 - 0x00007ffc11f27000 	C:\Program Files\Java\jdk-11\bin\sunec.dll

dbghelp: loaded successfully - version: 4.0.5 - missing functions: none
symbol engine: initialized successfully - sym options: 0x614 - pdb path: .;C:\Program Files\Java\jdk-11\bin;C:\WINDOWS\SYSTEM32;C:\WINDOWS\WinSxS\amd64_microsoft.windows.common-controls_6595b64144ccf1df_6.0.26100.8521_none_3e08b75ce33403b3;C:\Program Files\Java\jdk-11\bin\server

VM Arguments:
jvm_args: -Dallure.results.directory=D:\Proyekku\assignment15\build\allure-results -Djunit.jupiter.extensions.autodetection.enabled=true -Dorg.gradle.internal.worker.tmpdir=D:\Proyekku\assignment15\build\tmp\test\work -Dorg.gradle.native=false -javaagent:C:\Users\PKP323\.gradle\caches\modules-2\files-2.1\org.aspectj\aspectjweaver\1.9.22.1\bca243d0af0db4758fbae45c5f4995cb5dabb612\aspectjweaver-1.9.22.1.jar -Xmx512m -Dfile.encoding=windows-1252 -Duser.country=ID -Duser.language=en -Duser.variant -ea 
java_command: worker.org.gradle.process.internal.worker.GradleWorkerMain 'Gradle Test Executor 24'
java_class_path (initial): C:\\Users\\PKP323\\.gradle\\caches\\8.2\\workerMain\\gradle-worker.jar;D:\\Proyekku\\assignment15\\build\\classes\\java\\test;D:\\Proyekku\\assignment15\\build\\resources\\test;D:\\Proyekku\\assignment15\\build\\classes\\java\\main;C:\\Users\\PKP323\\.gradle\\caches\\modules-2\\files-2.1\\org.seleniumhq.selenium\\selenium-java\\4.21.0\\2cc38c8dbef9d6e8774f05c2d2e8088180858ed4\\selenium-java-4.21.0.jar;C:\\Users\\PKP323\\.gradle\\caches\\modules-2\\files-2.1\\org.json\\json\\20250517\\d67181bbd819ccceb929b580a4e2fcb0c8b17cd8\\json-20250517.jar;C:\\Users\\PKP323\\.gradle\\caches\\modules-2\\files-2.1\\com.fasterxml.jackson.core\\jackson-core\\2.20.1\\5734323adfece72111769b0ae38a6cf803e3d178\\jackson-core-2.20.1.jar;C:\\Users\\PKP323\\.gradle\\caches\\modules-2\\files-2.1\\io.github.bonigarcia\\webdrivermanager\\6.3.2\\1d837f94b11e087a4b01440b765000dab2894cde\\webdrivermanager-6.3.2.jar;C:\\Users\\PKP323\\.gradle\\caches\\modules-2\\files-2.1\\com.github.docker-java\\docker-java\\3.6.0\\8d71188ebc47e4e328c89acf8adbefdb2e992200\\docker-java-3.6.0.jar;C:\\Users\\PKP323\\.gradle\\caches\\modules-2\\files-2.1\\com.github.docker-java\\docker-java-core\\3.6.0\\d374b9c3c8be106b13fa92ccfc7287cb3b3e0a1c\\docker-java-core-3.6.0.jar;C:\\Users\\PKP323\\.gradle\\caches\\modules-2\\files-2.1\\io.rest-assured\\json-schema-validator\\5.4.0\\f07ce41b83f9eceef20d30fea6da22c0f5dece0e\\json-schema-validator-5.4.0.jar;C:\\Users\\PKP323\\.gradle\\caches\\modules-2\\files-2.1\\com.github.java-json-tools\\json-schema-validator\\2.2.14\\10c42918adc1fd4454e83bb21365f30df497a076\\json-schema-validator-2.2.14.jar;C:\\Users\\PKP323\\.gradle\\caches\\modules-2\\files-2.1\\com.github.java-json-tools\\json-schema-core\\1.2.14\\39d4efcf7e538684200fea15e08d47d0198c19fb\\json-schema-core-1.2.14.jar;C:\\Users\\PKP323\\.gradle\\caches\\modules-2\\files-2.1\\com.github.java-json-tools\\jackson-coreutils-equivalence\\1.0\\8b928cf1f95dc5fe6b1648f5da93befab031da19\\jackson-coreuti
Launcher Type: SUN_STANDARD

[Global flags]
     intx CICompilerCount                          = 3                                         {product} {ergonomic}
     uint ConcGCThreads                            = 1                                         {product} {ergonomic}
     uint G1ConcRefinementThreads                  = 4                                         {product} {ergonomic}
   size_t G1HeapRegionSize                         = 1048576                                   {product} {ergonomic}
    uintx GCDrainStackTargetSize                   = 64                                        {product} {ergonomic}
   size_t InitialHeapSize                          = 199229440                                 {product} {ergonomic}
   size_t MarkStackSize                            = 4194304                                   {product} {ergonomic}
   size_t MaxHeapSize                              = 536870912                                 {product} {command line}
   size_t MaxNewSize                               = 321912832                                 {product} {ergonomic}
   size_t MinHeapDeltaBytes                        = 1048576                                   {product} {ergonomic}
    uintx NonNMethodCodeHeapSize                   = 5830732                                {pd product} {ergonomic}
    uintx NonProfiledCodeHeapSize                  = 122913754                              {pd product} {ergonomic}
    uintx ProfiledCodeHeapSize                     = 122913754                              {pd product} {ergonomic}
    uintx ReservedCodeCacheSize                    = 251658240                              {pd product} {ergonomic}
     bool SegmentedCodeCache                       = true                                      {product} {ergonomic}
     bool UseCompressedClassPointers               = true                                 {lp64_product} {ergonomic}
     bool UseCompressedOops                        = true                                 {lp64_product} {ergonomic}
     bool UseG1GC                                  = true                                      {product} {ergonomic}
     bool UseLargePagesIndividualAllocation        = false                                  {pd product} {ergonomic}

Logging:
Log output configuration:
 #0: stdout all=warning uptime,level,tags
 #1: stderr all=off uptime,level,tags

Environment Variables:
JAVA_HOME=C:\Program Files\Java\jdk-11
PATH=C:\Program Files\Java\jdk-11\bin;C:\Program Files\Java\jdk-17;C:\Program Files\Eclipse Adoptium\jdk-17.0.17.10-hotspot\bin;C:\Program Files\Common Files\Oracle\Java\javapath;C:\Python310\Scripts\;C:\Python310\;D:\app\PKP323\product\12.1.0\client_4;D:\app\PKP323\product\12.1.0\client_4\bin;D:\app\PKP323\product\12.1.0\client_3;D:\app\PKP323\product\12.1.0\client_3\bin;D:\app\PKP323\product\12.1.0\client_2;D:\app\PKP323\product\12.1.0\client_2\bin;D:\app\PKP323\product\12.1.0\client_1;D:\app\PKP323\product\12.1.0\client_1\bin;C:\WINDOWS\system32;C:\WINDOWS;C:\WINDOWS\System32\Wbem;C:\WINDOWS\System32\WindowsPowerShell\v1.0\;C:\WINDOWS\System32\OpenSSH\;C:\Program Files\OpenVPN\bin;C:\ProgramData\chocolatey\bin;C:\Program Files\Go\bin;C:\Program Files\k6\;C:\Program Files (x86)\Pulse Secure\VC142.CRT\X64\;C:\Program Files (x86)\Pulse Secure\VC142.CRT\X86\;C:\Program Files (x86)\Common Files\Pulse Secure\TNC Client Plugin\;C:\apache-maven-3.9.5\bin;C:\Program Files\Java\jdk-21\bin;C:\Gradle\gradle-7.5.1\bin;C:\Program Files\nodejs\;C:\Program Files\Git\cmd;C:\Program Files\Liquid Technologies\Liquid Studio\XmlDataBinder21\Redist21\cpp\win32\bin;C:\Program Files\Liquid Technologies\Liquid Studio\XmlDataBinder21\Redist21\cpp\win64\bin;C:\Users\PKP323\scoop\shims;C:\Users\PKP323\AppData\Local\Programs\Python\Python313\Scripts\;C:\Users\PKP323\AppData\Local\Programs\Python\Python313\;C:\Users\PKP323\AppData\Local\Programs\Python\Launcher\;C:\Users\PKP323\AppData\Local\Microsoft\WindowsApps;C:\Users\PKP323\AppData\Local\Programs\Microsoft VS Code\bin;C:\Users\PKP323\go\bin;D:\IntelliJ IDEA 2023.2.1\bin;;C:\Users\PKP323\AppData\Roaming\npm;
USERNAME=PKP323
OS=Windows_NT
PROCESSOR_IDENTIFIER=Intel64 Family 6 Model 142 Stepping 12, GenuineIntel



---------------  S Y S T E M  ---------------

OS: Windows 11 , 64 bit Build 26100 (10.0.26100.8521)

CPU:total 4 (initial active 4) (2 cores per cpu, 2 threads per core) family 6 model 142 stepping 12 microcode 0xde, cmov, cx8, fxsr, mmx, sse, sse2, sse3, ssse3, sse4.1, sse4.2, popcnt, avx, avx2, aes, clmul, erms, 3dnowpref, lzcnt, ht, tsc, tscinvbit, bmi1, bmi2, adx, fma

Memory: 4k page, system-wide physical 12125M (2208M free)
TotalPageFile size 12125M (AvailPageFile size 5M)
current process WorkingSet (physical memory assigned to process): 342M, peak: 346M
current process commit charge ("private bytes"): 378M, peak: 382M

vm_info: Java HotSpot(TM) 64-Bit Server VM (11.0.28+12-LTS-279) for windows-amd64 JRE (11.0.28+12-LTS-279), built on Jun 27 2025 10:10:38 by "mach5one" with MS VC++ 17.6 (VS2022)

END.
